running egg_info
writing ../../build/robot/robot.egg-info/PKG-INFO
writing dependency_links to ../../build/robot/robot.egg-info/dependency_links.txt
writing entry points to ../../build/robot/robot.egg-info/entry_points.txt
writing requirements to ../../build/robot/robot.egg-info/requires.txt
writing top-level names to ../../build/robot/robot.egg-info/top_level.txt
reading manifest file '../../build/robot/robot.egg-info/SOURCES.txt'
writing manifest file '../../build/robot/robot.egg-info/SOURCES.txt'
running build
running build_py
copying robot/sub_n.py -> /home/sdp2024/6dof_arm/build/robot/build/lib/robot
copying robot/pub.py -> /home/sdp2024/6dof_arm/build/robot/build/lib/robot
running install
/home/sdp2024/.local/lib/python3.10/site-packages/setuptools/_distutils/cmd.py:66: SetuptoolsDeprecationWarning: setup.py install is deprecated.
!!

        ********************************************************************************
        Please avoid running ``setup.py`` directly.
        Instead, use pypa/build, pypa/installer or other
        standards-based tools.

        See https://blog.ganssle.io/articles/2021/10/setup-py-deprecated.html for details.
        ********************************************************************************

!!
  self.initialize_options()
running install_lib
copying /home/sdp2024/6dof_arm/build/robot/build/lib/robot/sub_n.py -> /home/sdp2024/6dof_arm/install/robot/lib/python3.10/site-packages/robot
copying /home/sdp2024/6dof_arm/build/robot/build/lib/robot/pub.py -> /home/sdp2024/6dof_arm/install/robot/lib/python3.10/site-packages/robot
byte-compiling /home/sdp2024/6dof_arm/install/robot/lib/python3.10/site-packages/robot/sub_n.py to sub_n.cpython-310.pyc
byte-compiling /home/sdp2024/6dof_arm/install/robot/lib/python3.10/site-packages/robot/pub.py to pub.cpython-310.pyc
running install_data
running install_egg_info
removing '/home/sdp2024/6dof_arm/install/robot/lib/python3.10/site-packages/robot-0.0.0-py3.10.egg-info' (and everything under it)
Copying ../../build/robot/robot.egg-info to /home/sdp2024/6dof_arm/install/robot/lib/python3.10/site-packages/robot-0.0.0-py3.10.egg-info
running install_scripts
Installing gui script to /home/sdp2024/6dof_arm/install/robot/lib/robot
Installing ikine script to /home/sdp2024/6dof_arm/install/robot/lib/robot
Installing pub script to /home/sdp2024/6dof_arm/install/robot/lib/robot
Installing sub_n script to /home/sdp2024/6dof_arm/install/robot/lib/robot
writing list of installed files to '/home/sdp2024/6dof_arm/build/robot/install.log'
