[9.116s] DEBUG:colcon:Command line arguments: ['/usr/bin/colcon', 'build']
[9.117s] DEBUG:colcon:Parsed command line arguments: Namespace(log_base=None, log_level=None, verb_name='build', build_base='build', install_base='install', merge_install=False, symlink_install=False, test_result_base=None, continue_on_error=False, executor='parallel', parallel_workers=4, event_handlers=None, ignore_user_meta=False, metas=['./colcon.meta'], base_paths=['.'], packages_ignore=None, packages_ignore_regex=None, paths=None, packages_up_to=None, packages_up_to_regex=None, packages_above=None, packages_above_and_dependencies=None, packages_above_depth=None, packages_select_by_dep=None, packages_skip_by_dep=None, packages_skip_up_to=None, packages_select_build_failed=False, packages_skip_build_finished=False, packages_select_test_failures=False, packages_skip_test_passed=False, packages_select=None, packages_skip=None, packages_select_regex=None, packages_skip_regex=None, packages_start=None, packages_end=None, allow_overriding=[], cmake_args=None, cmake_target=None, cmake_target_skip_unavailable=False, cmake_clean_cache=False, cmake_clean_first=False, cmake_force_configure=False, ament_cmake_args=None, catkin_cmake_args=None, catkin_skip_building_tests=False, verb_parser=<colcon_defaults.argument_parser.defaults.DefaultArgumentsDecorator object at 0xffff918ff190>, verb_extension=<colcon_core.verb.build.BuildVerb object at 0xffff91ae7400>, main=<bound method BuildVerb.main of <colcon_core.verb.build.BuildVerb object at 0xffff91ae7400>>)
[9.585s] Level 1:colcon.colcon_core.package_discovery:discover_packages(colcon_meta) check parameters
[9.585s] Level 1:colcon.colcon_core.package_discovery:discover_packages(recursive) check parameters
[9.586s] Level 1:colcon.colcon_core.package_discovery:discover_packages(ignore) check parameters
[9.586s] Level 1:colcon.colcon_core.package_discovery:discover_packages(path) check parameters
[9.586s] Level 1:colcon.colcon_core.package_discovery:discover_packages(colcon_meta) discover
[9.586s] Level 1:colcon.colcon_core.package_discovery:discover_packages(recursive) discover
[9.587s] INFO:colcon.colcon_core.package_discovery:Crawling recursively for packages in '/home/sdp2024/6dof_arm'
[9.587s] Level 1:colcon.colcon_core.package_identification:_identify(.) by extensions ['ignore', 'ignore_ament_install']
[9.588s] Level 1:colcon.colcon_core.package_identification:_identify(.) by extension 'ignore'
[9.588s] Level 1:colcon.colcon_core.package_identification:_identify(.) by extension 'ignore_ament_install'
[9.590s] Level 1:colcon.colcon_core.package_identification:_identify(.) by extensions ['colcon_pkg']
[9.591s] Level 1:colcon.colcon_core.package_identification:_identify(.) by extension 'colcon_pkg'
[9.593s] Level 1:colcon.colcon_core.package_identification:_identify(.) by extensions ['colcon_meta']
[9.594s] Level 1:colcon.colcon_core.package_identification:_identify(.) by extension 'colcon_meta'
[9.594s] Level 1:colcon.colcon_core.package_identification:_identify(.) by extensions ['ros']
[9.595s] Level 1:colcon.colcon_core.package_identification:_identify(.) by extension 'ros'
[9.683s] Level 1:colcon.colcon_core.package_identification:_identify(.) by extensions ['cmake', 'python']
[9.683s] Level 1:colcon.colcon_core.package_identification:_identify(.) by extension 'cmake'
[9.684s] Level 1:colcon.colcon_core.package_identification:_identify(.) by extension 'python'
[9.684s] Level 1:colcon.colcon_core.package_identification:_identify(.) by extensions ['python_setup_py']
[9.684s] Level 1:colcon.colcon_core.package_identification:_identify(.) by extension 'python_setup_py'
[9.685s] Level 1:colcon.colcon_core.package_identification:_identify(build) by extensions ['ignore', 'ignore_ament_install']
[9.685s] Level 1:colcon.colcon_core.package_identification:_identify(build) by extension 'ignore'
[9.686s] Level 1:colcon.colcon_core.package_identification:_identify(build) ignored
[9.687s] Level 1:colcon.colcon_core.package_identification:_identify(install) by extensions ['ignore', 'ignore_ament_install']
[9.687s] Level 1:colcon.colcon_core.package_identification:_identify(install) by extension 'ignore'
[9.688s] Level 1:colcon.colcon_core.package_identification:_identify(install) ignored
[9.689s] Level 1:colcon.colcon_core.package_identification:_identify(log) by extensions ['ignore', 'ignore_ament_install']
[9.690s] Level 1:colcon.colcon_core.package_identification:_identify(log) by extension 'ignore'
[9.691s] Level 1:colcon.colcon_core.package_identification:_identify(log) ignored
[9.694s] Level 1:colcon.colcon_core.package_identification:_identify(src) by extensions ['ignore', 'ignore_ament_install']
[9.695s] Level 1:colcon.colcon_core.package_identification:_identify(src) by extension 'ignore'
[9.696s] Level 1:colcon.colcon_core.package_identification:_identify(src) by extension 'ignore_ament_install'
[9.697s] Level 1:colcon.colcon_core.package_identification:_identify(src) by extensions ['colcon_pkg']
[9.699s] Level 1:colcon.colcon_core.package_identification:_identify(src) by extension 'colcon_pkg'
[9.701s] Level 1:colcon.colcon_core.package_identification:_identify(src) by extensions ['colcon_meta']
[9.703s] Level 1:colcon.colcon_core.package_identification:_identify(src) by extension 'colcon_meta'
[9.705s] Level 1:colcon.colcon_core.package_identification:_identify(src) by extensions ['ros']
[9.706s] Level 1:colcon.colcon_core.package_identification:_identify(src) by extension 'ros'
[9.708s] Level 1:colcon.colcon_core.package_identification:_identify(src) by extensions ['cmake', 'python']
[9.709s] Level 1:colcon.colcon_core.package_identification:_identify(src) by extension 'cmake'
[9.712s] Level 1:colcon.colcon_core.package_identification:_identify(src) by extension 'python'
[9.713s] Level 1:colcon.colcon_core.package_identification:_identify(src) by extensions ['python_setup_py']
[9.714s] Level 1:colcon.colcon_core.package_identification:_identify(src) by extension 'python_setup_py'
[9.716s] Level 1:colcon.colcon_core.package_identification:_identify(src/custom_messages) by extensions ['ignore', 'ignore_ament_install']
[9.718s] Level 1:colcon.colcon_core.package_identification:_identify(src/custom_messages) by extension 'ignore'
[9.719s] Level 1:colcon.colcon_core.package_identification:_identify(src/custom_messages) by extension 'ignore_ament_install'
[9.720s] Level 1:colcon.colcon_core.package_identification:_identify(src/custom_messages) by extensions ['colcon_pkg']
[9.721s] Level 1:colcon.colcon_core.package_identification:_identify(src/custom_messages) by extension 'colcon_pkg'
[9.722s] Level 1:colcon.colcon_core.package_identification:_identify(src/custom_messages) by extensions ['colcon_meta']
[9.723s] Level 1:colcon.colcon_core.package_identification:_identify(src/custom_messages) by extension 'colcon_meta'
[9.724s] Level 1:colcon.colcon_core.package_identification:_identify(src/custom_messages) by extensions ['ros']
[9.725s] Level 1:colcon.colcon_core.package_identification:_identify(src/custom_messages) by extension 'ros'
[9.745s] DEBUG:colcon.colcon_core.package_identification:Package 'src/custom_messages' with type 'ros.ament_cmake' and name 'custom_messages'
[9.747s] Level 1:colcon.colcon_core.package_identification:_identify(src/robot) by extensions ['ignore', 'ignore_ament_install']
[9.748s] Level 1:colcon.colcon_core.package_identification:_identify(src/robot) by extension 'ignore'
[9.748s] Level 1:colcon.colcon_core.package_identification:_identify(src/robot) by extension 'ignore_ament_install'
[9.748s] Level 1:colcon.colcon_core.package_identification:_identify(src/robot) by extensions ['colcon_pkg']
[9.748s] Level 1:colcon.colcon_core.package_identification:_identify(src/robot) by extension 'colcon_pkg'
[9.749s] Level 1:colcon.colcon_core.package_identification:_identify(src/robot) by extensions ['colcon_meta']
[9.749s] Level 1:colcon.colcon_core.package_identification:_identify(src/robot) by extension 'colcon_meta'
[9.749s] Level 1:colcon.colcon_core.package_identification:_identify(src/robot) by extensions ['ros']
[9.749s] Level 1:colcon.colcon_core.package_identification:_identify(src/robot) by extension 'ros'
[9.752s] DEBUG:colcon.colcon_core.package_identification:Package 'src/robot' with type 'ros.ament_python' and name 'robot'
[9.753s] Level 1:colcon.colcon_core.package_discovery:discover_packages(recursive) using defaults
[9.753s] Level 1:colcon.colcon_core.package_discovery:discover_packages(ignore) discover
[9.753s] Level 1:colcon.colcon_core.package_discovery:discover_packages(ignore) using defaults
[9.753s] Level 1:colcon.colcon_core.package_discovery:discover_packages(path) discover
[9.754s] Level 1:colcon.colcon_core.package_discovery:discover_packages(path) using defaults
[10.460s] Level 1:colcon.colcon_core.package_discovery:discover_packages(prefix_path) check parameters
[10.461s] Level 1:colcon.colcon_core.package_discovery:discover_packages(prefix_path) discover
[10.681s] DEBUG:colcon.colcon_installed_package_information.package_discovery:Found 2 installed packages in /home/sdp2024/6dof_arm/install
[10.802s] DEBUG:colcon.colcon_installed_package_information.package_discovery:Found 284 installed packages in /opt/ros/humble
[10.809s] Level 1:colcon.colcon_core.package_discovery:discover_packages(prefix_path) using defaults
[11.552s] Level 5:colcon.colcon_core.verb:set package 'custom_messages' build argument 'cmake_args' from command line to 'None'
[11.553s] Level 5:colcon.colcon_core.verb:set package 'custom_messages' build argument 'cmake_target' from command line to 'None'
[11.553s] Level 5:colcon.colcon_core.verb:set package 'custom_messages' build argument 'cmake_target_skip_unavailable' from command line to 'False'
[11.553s] Level 5:colcon.colcon_core.verb:set package 'custom_messages' build argument 'cmake_clean_cache' from command line to 'False'
[11.553s] Level 5:colcon.colcon_core.verb:set package 'custom_messages' build argument 'cmake_clean_first' from command line to 'False'
[11.553s] Level 5:colcon.colcon_core.verb:set package 'custom_messages' build argument 'cmake_force_configure' from command line to 'False'
[11.554s] Level 5:colcon.colcon_core.verb:set package 'custom_messages' build argument 'ament_cmake_args' from command line to 'None'
[11.554s] Level 5:colcon.colcon_core.verb:set package 'custom_messages' build argument 'catkin_cmake_args' from command line to 'None'
[11.554s] Level 5:colcon.colcon_core.verb:set package 'custom_messages' build argument 'catkin_skip_building_tests' from command line to 'False'
[11.554s] DEBUG:colcon.colcon_core.verb:Building package 'custom_messages' with the following arguments: {'ament_cmake_args': None, 'build_base': '/home/sdp2024/6dof_arm/build/custom_messages', 'catkin_cmake_args': None, 'catkin_skip_building_tests': False, 'cmake_args': None, 'cmake_clean_cache': False, 'cmake_clean_first': False, 'cmake_force_configure': False, 'cmake_target': None, 'cmake_target_skip_unavailable': False, 'install_base': '/home/sdp2024/6dof_arm/install/custom_messages', 'merge_install': False, 'path': '/home/sdp2024/6dof_arm/src/custom_messages', 'symlink_install': False, 'test_result_base': None}
[11.663s] Level 5:colcon.colcon_core.verb:set package 'robot' build argument 'cmake_args' from command line to 'None'
[11.664s] Level 5:colcon.colcon_core.verb:set package 'robot' build argument 'cmake_target' from command line to 'None'
[11.664s] Level 5:colcon.colcon_core.verb:set package 'robot' build argument 'cmake_target_skip_unavailable' from command line to 'False'
[11.664s] Level 5:colcon.colcon_core.verb:set package 'robot' build argument 'cmake_clean_cache' from command line to 'False'
[11.664s] Level 5:colcon.colcon_core.verb:set package 'robot' build argument 'cmake_clean_first' from command line to 'False'
[11.664s] Level 5:colcon.colcon_core.verb:set package 'robot' build argument 'cmake_force_configure' from command line to 'False'
[11.664s] Level 5:colcon.colcon_core.verb:set package 'robot' build argument 'ament_cmake_args' from command line to 'None'
[11.664s] Level 5:colcon.colcon_core.verb:set package 'robot' build argument 'catkin_cmake_args' from command line to 'None'
[11.664s] Level 5:colcon.colcon_core.verb:set package 'robot' build argument 'catkin_skip_building_tests' from command line to 'False'
[11.665s] DEBUG:colcon.colcon_core.verb:Building package 'robot' with the following arguments: {'ament_cmake_args': None, 'build_base': '/home/sdp2024/6dof_arm/build/robot', 'catkin_cmake_args': None, 'catkin_skip_building_tests': False, 'cmake_args': None, 'cmake_clean_cache': False, 'cmake_clean_first': False, 'cmake_force_configure': False, 'cmake_target': None, 'cmake_target_skip_unavailable': False, 'install_base': '/home/sdp2024/6dof_arm/install/robot', 'merge_install': False, 'path': '/home/sdp2024/6dof_arm/src/robot', 'symlink_install': False, 'test_result_base': None}
[11.760s] INFO:colcon.colcon_core.executor:Executing jobs using 'parallel' executor
[11.864s] DEBUG:colcon.colcon_parallel_executor.executor.parallel:run_until_complete
[11.865s] INFO:colcon.colcon_ros.task.ament_cmake.build:Building ROS package in '/home/sdp2024/6dof_arm/src/custom_messages' with build type 'ament_cmake'
[11.866s] INFO:colcon.colcon_cmake.task.cmake.build:Building CMake package in '/home/sdp2024/6dof_arm/src/custom_messages'
[12.026s] INFO:colcon.colcon_core.plugin_system:Skipping extension 'colcon_core.shell.bat': Not used on non-Windows systems
[12.028s] INFO:colcon.colcon_core.shell:Skip shell extension 'powershell' for command environment: Not usable outside of PowerShell
[12.028s] DEBUG:colcon.colcon_core.shell:Skip shell extension 'dsv' for command environment
[12.380s] INFO:colcon.colcon_ros.task.ament_python.build:Building ROS package in '/home/sdp2024/6dof_arm/src/robot' with build type 'ament_python'
[12.382s] Level 1:colcon.colcon_core.shell:create_environment_hook('robot', 'ament_prefix_path')
[12.498s] INFO:colcon.colcon_core.shell:Creating environment hook '/home/sdp2024/6dof_arm/install/robot/share/robot/hook/ament_prefix_path.ps1'
[12.504s] INFO:colcon.colcon_core.shell:Creating environment descriptor '/home/sdp2024/6dof_arm/install/robot/share/robot/hook/ament_prefix_path.dsv'
[12.508s] INFO:colcon.colcon_core.shell:Creating environment hook '/home/sdp2024/6dof_arm/install/robot/share/robot/hook/ament_prefix_path.sh'
[12.639s] INFO:colcon.colcon_core.shell:Skip shell extension 'powershell' for command environment: Not usable outside of PowerShell
[12.640s] DEBUG:colcon.colcon_core.shell:Skip shell extension 'dsv' for command environment
[13.008s] DEBUG:colcon.colcon_core.event_handler.log_command:Invoking command in '/home/sdp2024/6dof_arm/build/custom_messages': CMAKE_PREFIX_PATH=${CMAKE_PREFIX_PATH}:/home/sdp2024/6dof_arm/install/robot:/opt/ros/humble /usr/bin/cmake --build /home/sdp2024/6dof_arm/build/custom_messages -- -j4 -l4
[16.289s] INFO:colcon.colcon_core.task.python.build:Building Python package in '/home/sdp2024/6dof_arm/src/robot'
[16.469s] INFO:colcon.colcon_core.shell:Skip shell extension 'powershell' for command environment: Not usable outside of PowerShell
[16.470s] DEBUG:colcon.colcon_core.shell:Skip shell extension 'dsv' for command environment
[17.158s] DEBUG:colcon.colcon_core.event_handler.log_command:Invoked command in '/home/sdp2024/6dof_arm/build/custom_messages' returned '0': CMAKE_PREFIX_PATH=${CMAKE_PREFIX_PATH}:/home/sdp2024/6dof_arm/install/robot:/opt/ros/humble /usr/bin/cmake --build /home/sdp2024/6dof_arm/build/custom_messages -- -j4 -l4
[17.965s] DEBUG:colcon.colcon_core.event_handler.log_command:Invoking command in '/home/sdp2024/6dof_arm/build/custom_messages': CMAKE_PREFIX_PATH=${CMAKE_PREFIX_PATH}:/home/sdp2024/6dof_arm/install/robot:/opt/ros/humble /usr/bin/cmake --install /home/sdp2024/6dof_arm/build/custom_messages
[18.607s] Level 1:colcon.colcon_core.environment:create_environment_scripts_only(custom_messages)
[18.610s] DEBUG:colcon.colcon_core.event_handler.log_command:Invoked command in '/home/sdp2024/6dof_arm/build/custom_messages' returned '0': CMAKE_PREFIX_PATH=${CMAKE_PREFIX_PATH}:/home/sdp2024/6dof_arm/install/robot:/opt/ros/humble /usr/bin/cmake --install /home/sdp2024/6dof_arm/build/custom_messages
[18.806s] Level 1:colcon.colcon_core.environment:checking '/home/sdp2024/6dof_arm/install/custom_messages' for CMake module files
[18.812s] Level 1:colcon.colcon_core.environment:checking '/home/sdp2024/6dof_arm/install/custom_messages' for CMake config files
[18.817s] Level 1:colcon.colcon_core.shell:create_environment_hook('custom_messages', 'cmake_prefix_path')
[18.983s] INFO:colcon.colcon_core.shell:Creating environment hook '/home/sdp2024/6dof_arm/install/custom_messages/share/custom_messages/hook/cmake_prefix_path.ps1'
[18.987s] INFO:colcon.colcon_core.shell:Creating environment descriptor '/home/sdp2024/6dof_arm/install/custom_messages/share/custom_messages/hook/cmake_prefix_path.dsv'
[18.989s] INFO:colcon.colcon_core.shell:Creating environment hook '/home/sdp2024/6dof_arm/install/custom_messages/share/custom_messages/hook/cmake_prefix_path.sh'
[18.993s] Level 1:colcon.colcon_core.environment:checking '/home/sdp2024/6dof_arm/install/custom_messages/lib'
[18.995s] Level 1:colcon.colcon_core.shell:create_environment_hook('custom_messages', 'ld_library_path_lib')
[19.157s] INFO:colcon.colcon_core.shell:Creating environment hook '/home/sdp2024/6dof_arm/install/custom_messages/share/custom_messages/hook/ld_library_path_lib.ps1'
[19.163s] INFO:colcon.colcon_core.shell:Creating environment descriptor '/home/sdp2024/6dof_arm/install/custom_messages/share/custom_messages/hook/ld_library_path_lib.dsv'
[19.168s] INFO:colcon.colcon_core.shell:Creating environment hook '/home/sdp2024/6dof_arm/install/custom_messages/share/custom_messages/hook/ld_library_path_lib.sh'
[19.172s] Level 1:colcon.colcon_core.environment:checking '/home/sdp2024/6dof_arm/install/custom_messages/bin'
[19.173s] Level 1:colcon.colcon_core.environment:checking '/home/sdp2024/6dof_arm/install/custom_messages/lib/pkgconfig/custom_messages.pc'
[19.175s] Level 1:colcon.colcon_core.environment:checking '/home/sdp2024/6dof_arm/install/custom_messages/lib/python3.10/site-packages'
[19.176s] Level 1:colcon.colcon_core.environment:checking '/home/sdp2024/6dof_arm/install/custom_messages/bin'
[19.345s] INFO:colcon.colcon_core.shell:Creating package script '/home/sdp2024/6dof_arm/install/custom_messages/share/custom_messages/package.ps1'
[19.350s] INFO:colcon.colcon_core.shell:Creating package descriptor '/home/sdp2024/6dof_arm/install/custom_messages/share/custom_messages/package.dsv'
[19.355s] INFO:colcon.colcon_core.shell:Creating package script '/home/sdp2024/6dof_arm/install/custom_messages/share/custom_messages/package.sh'
[19.366s] INFO:colcon.colcon_core.shell:Creating package script '/home/sdp2024/6dof_arm/install/custom_messages/share/custom_messages/package.bash'
[19.374s] INFO:colcon.colcon_core.shell:Creating package script '/home/sdp2024/6dof_arm/install/custom_messages/share/custom_messages/package.zsh'
[19.380s] Level 1:colcon.colcon_core.environment:create_file_with_runtime_dependencies(/home/sdp2024/6dof_arm/install/custom_messages/share/colcon-core/packages/custom_messages)
[20.465s] Level 1:colcon.colcon_core.environment:create_environment_scripts_only(custom_messages)
[20.590s] Level 1:colcon.colcon_core.environment:checking '/home/sdp2024/6dof_arm/install/custom_messages' for CMake module files
[20.595s] Level 1:colcon.colcon_core.environment:checking '/home/sdp2024/6dof_arm/install/custom_messages' for CMake config files
[20.600s] Level 1:colcon.colcon_core.shell:create_environment_hook('custom_messages', 'cmake_prefix_path')
[20.694s] INFO:colcon.colcon_core.shell:Creating environment hook '/home/sdp2024/6dof_arm/install/custom_messages/share/custom_messages/hook/cmake_prefix_path.ps1'
[20.697s] INFO:colcon.colcon_core.shell:Creating environment descriptor '/home/sdp2024/6dof_arm/install/custom_messages/share/custom_messages/hook/cmake_prefix_path.dsv'
[20.702s] INFO:colcon.colcon_core.shell:Creating environment hook '/home/sdp2024/6dof_arm/install/custom_messages/share/custom_messages/hook/cmake_prefix_path.sh'
[20.708s] Level 1:colcon.colcon_core.environment:checking '/home/sdp2024/6dof_arm/install/custom_messages/lib'
[20.709s] Level 1:colcon.colcon_core.shell:create_environment_hook('custom_messages', 'ld_library_path_lib')
[20.811s] INFO:colcon.colcon_core.shell:Creating environment hook '/home/sdp2024/6dof_arm/install/custom_messages/share/custom_messages/hook/ld_library_path_lib.ps1'
[20.814s] INFO:colcon.colcon_core.shell:Creating environment descriptor '/home/sdp2024/6dof_arm/install/custom_messages/share/custom_messages/hook/ld_library_path_lib.dsv'
[20.816s] INFO:colcon.colcon_core.shell:Creating environment hook '/home/sdp2024/6dof_arm/install/custom_messages/share/custom_messages/hook/ld_library_path_lib.sh'
[20.818s] Level 1:colcon.colcon_core.environment:checking '/home/sdp2024/6dof_arm/install/custom_messages/bin'
[20.819s] Level 1:colcon.colcon_core.environment:checking '/home/sdp2024/6dof_arm/install/custom_messages/lib/pkgconfig/custom_messages.pc'
[20.820s] Level 1:colcon.colcon_core.environment:checking '/home/sdp2024/6dof_arm/install/custom_messages/lib/python3.10/site-packages'
[20.821s] Level 1:colcon.colcon_core.environment:checking '/home/sdp2024/6dof_arm/install/custom_messages/bin'
[20.920s] INFO:colcon.colcon_core.shell:Creating package script '/home/sdp2024/6dof_arm/install/custom_messages/share/custom_messages/package.ps1'
[20.923s] INFO:colcon.colcon_core.shell:Creating package descriptor '/home/sdp2024/6dof_arm/install/custom_messages/share/custom_messages/package.dsv'
[20.927s] INFO:colcon.colcon_core.shell:Creating package script '/home/sdp2024/6dof_arm/install/custom_messages/share/custom_messages/package.sh'
[20.935s] INFO:colcon.colcon_core.shell:Creating package script '/home/sdp2024/6dof_arm/install/custom_messages/share/custom_messages/package.bash'
[20.938s] INFO:colcon.colcon_core.shell:Creating package script '/home/sdp2024/6dof_arm/install/custom_messages/share/custom_messages/package.zsh'
[20.941s] Level 1:colcon.colcon_core.environment:create_file_with_runtime_dependencies(/home/sdp2024/6dof_arm/install/custom_messages/share/colcon-core/packages/custom_messages)
[20.972s] DEBUG:colcon.colcon_core.event_handler.log_command:Invoking command in '/home/sdp2024/6dof_arm/src/robot': PYTHONPATH=/home/sdp2024/6dof_arm/build/robot/prefix_override:/home/sdp2024/6dof_arm/install/robot/lib/python3.10/site-packages:${PYTHONPATH} /usr/bin/python3 setup.py egg_info --egg-base ../../build/robot build --build-base /home/sdp2024/6dof_arm/build/robot/build install --record /home/sdp2024/6dof_arm/build/robot/install.log --single-version-externally-managed
[23.225s] DEBUG:colcon.colcon_core.event_handler.log_command:Invoked command in '/home/sdp2024/6dof_arm/src/robot' returned '0': PYTHONPATH=/home/sdp2024/6dof_arm/build/robot/prefix_override:/home/sdp2024/6dof_arm/install/robot/lib/python3.10/site-packages:${PYTHONPATH} /usr/bin/python3 setup.py egg_info --egg-base ../../build/robot build --build-base /home/sdp2024/6dof_arm/build/robot/build install --record /home/sdp2024/6dof_arm/build/robot/install.log --single-version-externally-managed
[23.353s] Level 1:colcon.colcon_core.environment:checking '/home/sdp2024/6dof_arm/install/robot' for CMake module files
[23.356s] Level 1:colcon.colcon_core.environment:checking '/home/sdp2024/6dof_arm/install/robot' for CMake config files
[23.361s] Level 1:colcon.colcon_core.environment:checking '/home/sdp2024/6dof_arm/install/robot/lib'
[23.362s] Level 1:colcon.colcon_core.environment:checking '/home/sdp2024/6dof_arm/install/robot/bin'
[23.362s] Level 1:colcon.colcon_core.environment:checking '/home/sdp2024/6dof_arm/install/robot/lib/pkgconfig/robot.pc'
[23.364s] Level 1:colcon.colcon_core.environment:checking '/home/sdp2024/6dof_arm/install/robot/lib/python3.10/site-packages'
[23.364s] Level 1:colcon.colcon_core.shell:create_environment_hook('robot', 'pythonpath')
[23.491s] INFO:colcon.colcon_core.shell:Creating environment hook '/home/sdp2024/6dof_arm/install/robot/share/robot/hook/pythonpath.ps1'
[23.493s] INFO:colcon.colcon_core.shell:Creating environment descriptor '/home/sdp2024/6dof_arm/install/robot/share/robot/hook/pythonpath.dsv'
[23.496s] INFO:colcon.colcon_core.shell:Creating environment hook '/home/sdp2024/6dof_arm/install/robot/share/robot/hook/pythonpath.sh'
[23.500s] Level 1:colcon.colcon_core.environment:checking '/home/sdp2024/6dof_arm/install/robot/bin'
[23.500s] Level 1:colcon.colcon_core.environment:create_environment_scripts_only(robot)
[23.595s] INFO:colcon.colcon_core.shell:Creating package script '/home/sdp2024/6dof_arm/install/robot/share/robot/package.ps1'
[23.598s] INFO:colcon.colcon_core.shell:Creating package descriptor '/home/sdp2024/6dof_arm/install/robot/share/robot/package.dsv'
[23.602s] INFO:colcon.colcon_core.shell:Creating package script '/home/sdp2024/6dof_arm/install/robot/share/robot/package.sh'
[23.609s] INFO:colcon.colcon_core.shell:Creating package script '/home/sdp2024/6dof_arm/install/robot/share/robot/package.bash'
[23.613s] INFO:colcon.colcon_core.shell:Creating package script '/home/sdp2024/6dof_arm/install/robot/share/robot/package.zsh'
[23.616s] Level 1:colcon.colcon_core.environment:create_file_with_runtime_dependencies(/home/sdp2024/6dof_arm/install/robot/share/colcon-core/packages/robot)
[23.619s] DEBUG:colcon.colcon_parallel_executor.executor.parallel:closing loop
[23.622s] DEBUG:colcon.colcon_parallel_executor.executor.parallel:loop closed
[23.622s] DEBUG:colcon.colcon_parallel_executor.executor.parallel:run_until_complete finished with '0'
[23.623s] DEBUG:colcon.colcon_core.event_reactor:joining thread
[23.787s] INFO:colcon.colcon_core.plugin_system:Skipping extension 'colcon_notification.desktop_notification.terminal_notifier': Not used on non-Darwin systems
[23.788s] INFO:colcon.colcon_core.plugin_system:Skipping extension 'colcon_notification.desktop_notification.win32': Not used on non-Windows systems
[23.790s] INFO:colcon.colcon_notification.desktop_notification:Sending desktop notification using 'notify2'
[23.921s] DEBUG:colcon.colcon_core.event_reactor:joined thread
[24.027s] INFO:colcon.colcon_core.shell:Creating prefix script '/home/sdp2024/6dof_arm/install/local_setup.ps1'
[24.032s] INFO:colcon.colcon_core.shell:Creating prefix util module '/home/sdp2024/6dof_arm/install/_local_setup_util_ps1.py'
[24.039s] INFO:colcon.colcon_core.shell:Creating prefix chain script '/home/sdp2024/6dof_arm/install/setup.ps1'
[24.164s] INFO:colcon.colcon_core.shell:Creating prefix script '/home/sdp2024/6dof_arm/install/local_setup.sh'
[24.168s] INFO:colcon.colcon_core.shell:Creating prefix util module '/home/sdp2024/6dof_arm/install/_local_setup_util_sh.py'
[24.171s] INFO:colcon.colcon_core.shell:Creating prefix chain script '/home/sdp2024/6dof_arm/install/setup.sh'
[24.274s] INFO:colcon.colcon_core.shell:Creating prefix script '/home/sdp2024/6dof_arm/install/local_setup.bash'
[24.278s] INFO:colcon.colcon_core.shell:Creating prefix chain script '/home/sdp2024/6dof_arm/install/setup.bash'
[24.394s] INFO:colcon.colcon_core.shell:Creating prefix script '/home/sdp2024/6dof_arm/install/local_setup.zsh'
[24.398s] INFO:colcon.colcon_core.shell:Creating prefix chain script '/home/sdp2024/6dof_arm/install/setup.zsh'
