[1.140s] Invoking command in '/home/sdp2024/6dof_arm/build/custom_messages': CMAKE_PREFIX_PATH=${CMAKE_PREFIX_PATH}:/home/sdp2024/6dof_arm/install/robot:/opt/ros/humble /usr/bin/cmake --build /home/sdp2024/6dof_arm/build/custom_messages -- -j4 -l4
[1.870s] [35m[1mConsolidate compiler generated dependencies of target custom_messages__rosidl_generator_c[0m
[1.937s] [  2%] Built target custom_messages__cpp
[2.057s] [  2%] Built target ament_cmake_python_copy_custom_messages
[2.058s] [ 12%] Built target custom_messages__rosidl_generator_c
[2.061s] [35m[1mConsolidate compiler generated dependencies of target custom_messages__rosidl_typesupport_cpp[0m
[2.123s] [35m[1mConsolidate compiler generated dependencies of target custom_messages__rosidl_typesupport_fastrtps_cpp[0m
[2.182s] [35m[1mConsolidate compiler generated dependencies of target custom_messages__rosidl_typesupport_introspection_cpp[0m
[2.280s] [ 23%] Built target custom_messages__rosidl_typesupport_cpp
[2.378s] [ 33%] Built target custom_messages__rosidl_typesupport_fastrtps_cpp
[2.379s] [ 43%] Built target custom_messages__rosidl_typesupport_introspection_cpp
[2.459s] [35m[1mConsolidate compiler generated dependencies of target custom_messages__rosidl_typesupport_fastrtps_c[0m
[2.523s] [35m[1mConsolidate compiler generated dependencies of target custom_messages__rosidl_typesupport_introspection_c[0m
[2.621s] [35m[1mConsolidate compiler generated dependencies of target custom_messages__rosidl_typesupport_c[0m
[2.667s] [ 53%] Built target custom_messages__rosidl_typesupport_introspection_c
[2.714s] [ 64%] Built target custom_messages__rosidl_typesupport_fastrtps_c
[2.785s] [ 74%] Built target custom_messages__rosidl_typesupport_c
[2.986s] [ 74%] Built target custom_messages
[3.188s] [ 76%] Built target custom_messages__py
[3.297s] [35m[1mConsolidate compiler generated dependencies of target custom_messages__rosidl_generator_py[0m
[3.455s] [ 84%] Built target custom_messages__rosidl_generator_py
[3.602s] [35m[1mConsolidate compiler generated dependencies of target custom_messages__rosidl_typesupport_fastrtps_c__pyext[0m
[3.618s] [35m[1mConsolidate compiler generated dependencies of target custom_messages__rosidl_typesupport_c__pyext[0m
[3.675s] [35m[1mConsolidate compiler generated dependencies of target custom_messages__rosidl_typesupport_introspection_c__pyext[0m
[3.774s] [ 89%] Built target custom_messages__rosidl_typesupport_fastrtps_c__pyext
[3.833s] [ 94%] Built target custom_messages__rosidl_typesupport_c__pyext
[3.870s] [100%] Built target custom_messages__rosidl_typesupport_introspection_c__pyext
[4.950s] running egg_info
[4.950s] writing custom_messages.egg-info/PKG-INFO
[4.951s] writing dependency_links to custom_messages.egg-info/dependency_links.txt
[4.952s] writing top-level names to custom_messages.egg-info/top_level.txt
[4.972s] reading manifest file 'custom_messages.egg-info/SOURCES.txt'
[4.978s] writing manifest file 'custom_messages.egg-info/SOURCES.txt'
[5.222s] [100%] Built target ament_cmake_python_build_custom_messages_egg
[5.289s] Invoked command in '/home/sdp2024/6dof_arm/build/custom_messages' returned '0': CMAKE_PREFIX_PATH=${CMAKE_PREFIX_PATH}:/home/sdp2024/6dof_arm/install/robot:/opt/ros/humble /usr/bin/cmake --build /home/sdp2024/6dof_arm/build/custom_messages -- -j4 -l4
[6.097s] Invoking command in '/home/sdp2024/6dof_arm/build/custom_messages': CMAKE_PREFIX_PATH=${CMAKE_PREFIX_PATH}:/home/sdp2024/6dof_arm/install/robot:/opt/ros/humble /usr/bin/cmake --install /home/sdp2024/6dof_arm/build/custom_messages
[6.155s] -- Install configuration: ""
[6.159s] -- Up-to-date: /home/sdp2024/6dof_arm/install/custom_messages/share/ament_index/resource_index/rosidl_interfaces/custom_messages
[6.169s] -- Up-to-date: /home/sdp2024/6dof_arm/install/custom_messages/include/custom_messages/custom_messages
[6.170s] -- Up-to-date: /home/sdp2024/6dof_arm/install/custom_messages/include/custom_messages/custom_messages/msg
[6.171s] -- Up-to-date: /home/sdp2024/6dof_arm/install/custom_messages/include/custom_messages/custom_messages/msg/posvel.h
[6.171s] -- Up-to-date: /home/sdp2024/6dof_arm/install/custom_messages/include/custom_messages/custom_messages/msg/detail
[6.172s] -- Up-to-date: /home/sdp2024/6dof_arm/install/custom_messages/include/custom_messages/custom_messages/msg/detail/posvel__functions.h
[6.179s] -- Up-to-date: /home/sdp2024/6dof_arm/install/custom_messages/include/custom_messages/custom_messages/msg/detail/posvel__functions.c
[6.182s] -- Up-to-date: /home/sdp2024/6dof_arm/install/custom_messages/include/custom_messages/custom_messages/msg/detail/posvel__type_support.h
[6.183s] -- Up-to-date: /home/sdp2024/6dof_arm/install/custom_messages/include/custom_messages/custom_messages/msg/detail/posvel__struct.h
[6.185s] -- Up-to-date: /home/sdp2024/6dof_arm/install/custom_messages/include/custom_messages/custom_messages/msg/rosidl_generator_c__visibility_control.h
[6.186s] -- Up-to-date: /home/sdp2024/6dof_arm/install/custom_messages/include/custom_messages/custom_messages/srv
[6.187s] -- Up-to-date: /home/sdp2024/6dof_arm/install/custom_messages/include/custom_messages/custom_messages/srv/detail
[6.197s] -- Up-to-date: /home/sdp2024/6dof_arm/install/custom_messages/include/custom_messages/custom_messages/srv/detail/add_three_ints__functions.c
[6.199s] -- Up-to-date: /home/sdp2024/6dof_arm/install/custom_messages/include/custom_messages/custom_messages/srv/detail/add_three_ints__struct.h
[6.200s] -- Up-to-date: /home/sdp2024/6dof_arm/install/custom_messages/include/custom_messages/custom_messages/srv/detail/add_three_ints__functions.h
[6.201s] -- Up-to-date: /home/sdp2024/6dof_arm/install/custom_messages/include/custom_messages/custom_messages/srv/detail/add_three_ints__type_support.h
[6.202s] -- Up-to-date: /home/sdp2024/6dof_arm/install/custom_messages/include/custom_messages/custom_messages/srv/add_three_ints.h
[6.202s] -- Up-to-date: /home/sdp2024/6dof_arm/install/custom_messages/share/custom_messages/environment/library_path.sh
[6.204s] -- Up-to-date: /home/sdp2024/6dof_arm/install/custom_messages/share/custom_messages/environment/library_path.dsv
[6.205s] -- Up-to-date: /home/sdp2024/6dof_arm/install/custom_messages/lib/libcustom_messages__rosidl_generator_c.so
[6.206s] -- Up-to-date: /home/sdp2024/6dof_arm/install/custom_messages/include/custom_messages/custom_messages
[6.207s] -- Up-to-date: /home/sdp2024/6dof_arm/install/custom_messages/include/custom_messages/custom_messages/msg
[6.211s] -- Up-to-date: /home/sdp2024/6dof_arm/install/custom_messages/include/custom_messages/custom_messages/msg/detail
[6.214s] -- Up-to-date: /home/sdp2024/6dof_arm/install/custom_messages/include/custom_messages/custom_messages/msg/detail/posvel__rosidl_typesupport_fastrtps_c.h
[6.218s] -- Up-to-date: /home/sdp2024/6dof_arm/install/custom_messages/include/custom_messages/custom_messages/msg/rosidl_typesupport_fastrtps_c__visibility_control.h
[6.220s] -- Up-to-date: /home/sdp2024/6dof_arm/install/custom_messages/include/custom_messages/custom_messages/srv
[6.222s] -- Up-to-date: /home/sdp2024/6dof_arm/install/custom_messages/include/custom_messages/custom_messages/srv/detail
[6.223s] -- Up-to-date: /home/sdp2024/6dof_arm/install/custom_messages/include/custom_messages/custom_messages/srv/detail/add_three_ints__rosidl_typesupport_fastrtps_c.h
[6.226s] -- Up-to-date: /home/sdp2024/6dof_arm/install/custom_messages/lib/libcustom_messages__rosidl_typesupport_fastrtps_c.so
[6.226s] -- Up-to-date: /home/sdp2024/6dof_arm/install/custom_messages/include/custom_messages/custom_messages
[6.227s] -- Up-to-date: /home/sdp2024/6dof_arm/install/custom_messages/include/custom_messages/custom_messages/msg
[6.227s] -- Up-to-date: /home/sdp2024/6dof_arm/install/custom_messages/include/custom_messages/custom_messages/msg/posvel.hpp
[6.227s] -- Up-to-date: /home/sdp2024/6dof_arm/install/custom_messages/include/custom_messages/custom_messages/msg/detail
[6.228s] -- Up-to-date: /home/sdp2024/6dof_arm/install/custom_messages/include/custom_messages/custom_messages/msg/detail/posvel__builder.hpp
[6.228s] -- Up-to-date: /home/sdp2024/6dof_arm/install/custom_messages/include/custom_messages/custom_messages/msg/detail/posvel__traits.hpp
[6.229s] -- Up-to-date: /home/sdp2024/6dof_arm/install/custom_messages/include/custom_messages/custom_messages/msg/detail/posvel__struct.hpp
[6.229s] -- Up-to-date: /home/sdp2024/6dof_arm/install/custom_messages/include/custom_messages/custom_messages/srv
[6.230s] -- Up-to-date: /home/sdp2024/6dof_arm/install/custom_messages/include/custom_messages/custom_messages/srv/add_three_ints.hpp
[6.230s] -- Up-to-date: /home/sdp2024/6dof_arm/install/custom_messages/include/custom_messages/custom_messages/srv/detail
[6.231s] -- Up-to-date: /home/sdp2024/6dof_arm/install/custom_messages/include/custom_messages/custom_messages/srv/detail/add_three_ints__struct.hpp
[6.232s] -- Up-to-date: /home/sdp2024/6dof_arm/install/custom_messages/include/custom_messages/custom_messages/srv/detail/add_three_ints__builder.hpp
[6.236s] -- Up-to-date: /home/sdp2024/6dof_arm/install/custom_messages/include/custom_messages/custom_messages/srv/detail/add_three_ints__traits.hpp
[6.240s] -- Up-to-date: /home/sdp2024/6dof_arm/install/custom_messages/include/custom_messages/custom_messages
[6.241s] -- Up-to-date: /home/sdp2024/6dof_arm/install/custom_messages/include/custom_messages/custom_messages/msg
[6.242s] -- Up-to-date: /home/sdp2024/6dof_arm/install/custom_messages/include/custom_messages/custom_messages/msg/detail
[6.244s] -- Up-to-date: /home/sdp2024/6dof_arm/install/custom_messages/include/custom_messages/custom_messages/msg/detail/dds_fastrtps
[6.245s] -- Up-to-date: /home/sdp2024/6dof_arm/install/custom_messages/include/custom_messages/custom_messages/msg/detail/posvel__rosidl_typesupport_fastrtps_cpp.hpp
[6.246s] -- Up-to-date: /home/sdp2024/6dof_arm/install/custom_messages/include/custom_messages/custom_messages/msg/rosidl_typesupport_fastrtps_cpp__visibility_control.h
[6.247s] -- Up-to-date: /home/sdp2024/6dof_arm/install/custom_messages/include/custom_messages/custom_messages/srv
[6.251s] -- Up-to-date: /home/sdp2024/6dof_arm/install/custom_messages/include/custom_messages/custom_messages/srv/detail
[6.252s] -- Up-to-date: /home/sdp2024/6dof_arm/install/custom_messages/include/custom_messages/custom_messages/srv/detail/dds_fastrtps
[6.253s] -- Up-to-date: /home/sdp2024/6dof_arm/install/custom_messages/include/custom_messages/custom_messages/srv/detail/add_three_ints__rosidl_typesupport_fastrtps_cpp.hpp
[6.253s] -- Up-to-date: /home/sdp2024/6dof_arm/install/custom_messages/lib/libcustom_messages__rosidl_typesupport_fastrtps_cpp.so
[6.254s] -- Up-to-date: /home/sdp2024/6dof_arm/install/custom_messages/include/custom_messages/custom_messages
[6.255s] -- Up-to-date: /home/sdp2024/6dof_arm/install/custom_messages/include/custom_messages/custom_messages/msg
[6.256s] -- Up-to-date: /home/sdp2024/6dof_arm/install/custom_messages/include/custom_messages/custom_messages/msg/rosidl_typesupport_introspection_c__visibility_control.h
[6.257s] -- Up-to-date: /home/sdp2024/6dof_arm/install/custom_messages/include/custom_messages/custom_messages/msg/detail
[6.261s] -- Up-to-date: /home/sdp2024/6dof_arm/install/custom_messages/include/custom_messages/custom_messages/msg/detail/posvel__type_support.c
[6.263s] -- Up-to-date: /home/sdp2024/6dof_arm/install/custom_messages/include/custom_messages/custom_messages/msg/detail/posvel__rosidl_typesupport_introspection_c.h
[6.263s] -- Up-to-date: /home/sdp2024/6dof_arm/install/custom_messages/include/custom_messages/custom_messages/srv
[6.264s] -- Up-to-date: /home/sdp2024/6dof_arm/install/custom_messages/include/custom_messages/custom_messages/srv/detail
[6.265s] -- Up-to-date: /home/sdp2024/6dof_arm/install/custom_messages/include/custom_messages/custom_messages/srv/detail/add_three_ints__type_support.c
[6.265s] -- Up-to-date: /home/sdp2024/6dof_arm/install/custom_messages/include/custom_messages/custom_messages/srv/detail/add_three_ints__rosidl_typesupport_introspection_c.h
[6.266s] -- Up-to-date: /home/sdp2024/6dof_arm/install/custom_messages/lib/libcustom_messages__rosidl_typesupport_introspection_c.so
[6.266s] -- Up-to-date: /home/sdp2024/6dof_arm/install/custom_messages/lib/libcustom_messages__rosidl_typesupport_c.so
[6.268s] -- Up-to-date: /home/sdp2024/6dof_arm/install/custom_messages/include/custom_messages/custom_messages
[6.268s] -- Up-to-date: /home/sdp2024/6dof_arm/install/custom_messages/include/custom_messages/custom_messages/msg
[6.269s] -- Up-to-date: /home/sdp2024/6dof_arm/install/custom_messages/include/custom_messages/custom_messages/msg/detail
[6.269s] -- Up-to-date: /home/sdp2024/6dof_arm/install/custom_messages/include/custom_messages/custom_messages/msg/detail/posvel__rosidl_typesupport_introspection_cpp.hpp
[6.270s] -- Up-to-date: /home/sdp2024/6dof_arm/install/custom_messages/include/custom_messages/custom_messages/msg/detail/posvel__type_support.cpp
[6.270s] -- Up-to-date: /home/sdp2024/6dof_arm/install/custom_messages/include/custom_messages/custom_messages/srv
[6.270s] -- Up-to-date: /home/sdp2024/6dof_arm/install/custom_messages/include/custom_messages/custom_messages/srv/detail
[6.271s] -- Up-to-date: /home/sdp2024/6dof_arm/install/custom_messages/include/custom_messages/custom_messages/srv/detail/add_three_ints__type_support.cpp
[6.271s] -- Up-to-date: /home/sdp2024/6dof_arm/install/custom_messages/include/custom_messages/custom_messages/srv/detail/add_three_ints__rosidl_typesupport_introspection_cpp.hpp
[6.272s] -- Up-to-date: /home/sdp2024/6dof_arm/install/custom_messages/lib/libcustom_messages__rosidl_typesupport_introspection_cpp.so
[6.273s] -- Up-to-date: /home/sdp2024/6dof_arm/install/custom_messages/lib/libcustom_messages__rosidl_typesupport_cpp.so
[6.274s] -- Up-to-date: /home/sdp2024/6dof_arm/install/custom_messages/share/custom_messages/environment/pythonpath.sh
[6.276s] -- Up-to-date: /home/sdp2024/6dof_arm/install/custom_messages/share/custom_messages/environment/pythonpath.dsv
[6.277s] -- Up-to-date: /home/sdp2024/6dof_arm/install/custom_messages/local/lib/python3.10/dist-packages/custom_messages-0.0.0-py3.10.egg-info
[6.278s] -- Installing: /home/sdp2024/6dof_arm/install/custom_messages/local/lib/python3.10/dist-packages/custom_messages-0.0.0-py3.10.egg-info/dependency_links.txt
[6.278s] -- Installing: /home/sdp2024/6dof_arm/install/custom_messages/local/lib/python3.10/dist-packages/custom_messages-0.0.0-py3.10.egg-info/SOURCES.txt
[6.279s] -- Installing: /home/sdp2024/6dof_arm/install/custom_messages/local/lib/python3.10/dist-packages/custom_messages-0.0.0-py3.10.egg-info/top_level.txt
[6.281s] -- Installing: /home/sdp2024/6dof_arm/install/custom_messages/local/lib/python3.10/dist-packages/custom_messages-0.0.0-py3.10.egg-info/PKG-INFO
[6.283s] -- Up-to-date: /home/sdp2024/6dof_arm/install/custom_messages/local/lib/python3.10/dist-packages/custom_messages
[6.284s] -- Up-to-date: /home/sdp2024/6dof_arm/install/custom_messages/local/lib/python3.10/dist-packages/custom_messages/custom_messages_s__rosidl_typesupport_introspection_c.cpython-310-aarch64-linux-gnu.so
[6.285s] -- Up-to-date: /home/sdp2024/6dof_arm/install/custom_messages/local/lib/python3.10/dist-packages/custom_messages/msg
[6.286s] -- Up-to-date: /home/sdp2024/6dof_arm/install/custom_messages/local/lib/python3.10/dist-packages/custom_messages/msg/_posvel_s.c
[6.287s] -- Up-to-date: /home/sdp2024/6dof_arm/install/custom_messages/local/lib/python3.10/dist-packages/custom_messages/msg/_posvel.py
[6.289s] -- Up-to-date: /home/sdp2024/6dof_arm/install/custom_messages/local/lib/python3.10/dist-packages/custom_messages/msg/__init__.py
[6.296s] -- Up-to-date: /home/sdp2024/6dof_arm/install/custom_messages/local/lib/python3.10/dist-packages/custom_messages/srv
[6.298s] -- Up-to-date: /home/sdp2024/6dof_arm/install/custom_messages/local/lib/python3.10/dist-packages/custom_messages/srv/_add_three_ints.py
[6.300s] -- Up-to-date: /home/sdp2024/6dof_arm/install/custom_messages/local/lib/python3.10/dist-packages/custom_messages/srv/__init__.py
[6.302s] -- Up-to-date: /home/sdp2024/6dof_arm/install/custom_messages/local/lib/python3.10/dist-packages/custom_messages/srv/_add_three_ints_s.c
[6.302s] -- Up-to-date: /home/sdp2024/6dof_arm/install/custom_messages/local/lib/python3.10/dist-packages/custom_messages/custom_messages_s__rosidl_typesupport_fastrtps_c.cpython-310-aarch64-linux-gnu.so
[6.303s] -- Up-to-date: /home/sdp2024/6dof_arm/install/custom_messages/local/lib/python3.10/dist-packages/custom_messages/_custom_messages_s.ep.rosidl_typesupport_fastrtps_c.c
[6.304s] -- Up-to-date: /home/sdp2024/6dof_arm/install/custom_messages/local/lib/python3.10/dist-packages/custom_messages/__init__.py
[6.304s] -- Up-to-date: /home/sdp2024/6dof_arm/install/custom_messages/local/lib/python3.10/dist-packages/custom_messages/_custom_messages_s.ep.rosidl_typesupport_c.c
[6.304s] -- Up-to-date: /home/sdp2024/6dof_arm/install/custom_messages/local/lib/python3.10/dist-packages/custom_messages/custom_messages_s__rosidl_typesupport_c.cpython-310-aarch64-linux-gnu.so
[6.305s] -- Up-to-date: /home/sdp2024/6dof_arm/install/custom_messages/local/lib/python3.10/dist-packages/custom_messages/_custom_messages_s.ep.rosidl_typesupport_introspection_c.c
[6.305s] -- Up-to-date: /home/sdp2024/6dof_arm/install/custom_messages/local/lib/python3.10/dist-packages/custom_messages/libcustom_messages__rosidl_generator_py.so
[6.568s] Listing '/home/sdp2024/6dof_arm/install/custom_messages/local/lib/python3.10/dist-packages/custom_messages'...
[6.569s] Listing '/home/sdp2024/6dof_arm/install/custom_messages/local/lib/python3.10/dist-packages/custom_messages/msg'...
[6.571s] Listing '/home/sdp2024/6dof_arm/install/custom_messages/local/lib/python3.10/dist-packages/custom_messages/srv'...
[6.629s] -- Up-to-date: /home/sdp2024/6dof_arm/install/custom_messages/local/lib/python3.10/dist-packages/custom_messages/custom_messages_s__rosidl_typesupport_fastrtps_c.cpython-310-aarch64-linux-gnu.so
[6.635s] -- Up-to-date: /home/sdp2024/6dof_arm/install/custom_messages/local/lib/python3.10/dist-packages/custom_messages/custom_messages_s__rosidl_typesupport_introspection_c.cpython-310-aarch64-linux-gnu.so
[6.642s] -- Up-to-date: /home/sdp2024/6dof_arm/install/custom_messages/local/lib/python3.10/dist-packages/custom_messages/custom_messages_s__rosidl_typesupport_c.cpython-310-aarch64-linux-gnu.so
[6.650s] -- Up-to-date: /home/sdp2024/6dof_arm/install/custom_messages/lib/libcustom_messages__rosidl_generator_py.so
[6.654s] -- Up-to-date: /home/sdp2024/6dof_arm/install/custom_messages/share/custom_messages/msg/Posvel.idl
[6.660s] -- Up-to-date: /home/sdp2024/6dof_arm/install/custom_messages/share/custom_messages/srv/AddThreeInts.idl
[6.660s] -- Up-to-date: /home/sdp2024/6dof_arm/install/custom_messages/share/custom_messages/msg/Posvel.msg
[6.662s] -- Up-to-date: /home/sdp2024/6dof_arm/install/custom_messages/share/custom_messages/srv/AddThreeInts.srv
[6.663s] -- Up-to-date: /home/sdp2024/6dof_arm/install/custom_messages/share/custom_messages/srv/AddThreeInts_Request.msg
[6.664s] -- Up-to-date: /home/sdp2024/6dof_arm/install/custom_messages/share/custom_messages/srv/AddThreeInts_Response.msg
[6.665s] -- Up-to-date: /home/sdp2024/6dof_arm/install/custom_messages/share/ament_index/resource_index/package_run_dependencies/custom_messages
[6.666s] -- Up-to-date: /home/sdp2024/6dof_arm/install/custom_messages/share/ament_index/resource_index/parent_prefix_path/custom_messages
[6.672s] -- Up-to-date: /home/sdp2024/6dof_arm/install/custom_messages/share/custom_messages/environment/ament_prefix_path.sh
[6.676s] -- Up-to-date: /home/sdp2024/6dof_arm/install/custom_messages/share/custom_messages/environment/ament_prefix_path.dsv
[6.677s] -- Up-to-date: /home/sdp2024/6dof_arm/install/custom_messages/share/custom_messages/environment/path.sh
[6.678s] -- Up-to-date: /home/sdp2024/6dof_arm/install/custom_messages/share/custom_messages/environment/path.dsv
[6.678s] -- Up-to-date: /home/sdp2024/6dof_arm/install/custom_messages/share/custom_messages/local_setup.bash
[6.679s] -- Up-to-date: /home/sdp2024/6dof_arm/install/custom_messages/share/custom_messages/local_setup.sh
[6.680s] -- Up-to-date: /home/sdp2024/6dof_arm/install/custom_messages/share/custom_messages/local_setup.zsh
[6.680s] -- Up-to-date: /home/sdp2024/6dof_arm/install/custom_messages/share/custom_messages/local_setup.dsv
[6.681s] -- Installing: /home/sdp2024/6dof_arm/install/custom_messages/share/custom_messages/package.dsv
[6.684s] -- Up-to-date: /home/sdp2024/6dof_arm/install/custom_messages/share/ament_index/resource_index/packages/custom_messages
[6.686s] -- Up-to-date: /home/sdp2024/6dof_arm/install/custom_messages/share/custom_messages/cmake/export_custom_messages__rosidl_generator_cExport.cmake
[6.687s] -- Up-to-date: /home/sdp2024/6dof_arm/install/custom_messages/share/custom_messages/cmake/export_custom_messages__rosidl_generator_cExport-noconfig.cmake
[6.694s] -- Up-to-date: /home/sdp2024/6dof_arm/install/custom_messages/share/custom_messages/cmake/export_custom_messages__rosidl_typesupport_fastrtps_cExport.cmake
[6.695s] -- Up-to-date: /home/sdp2024/6dof_arm/install/custom_messages/share/custom_messages/cmake/export_custom_messages__rosidl_typesupport_fastrtps_cExport-noconfig.cmake
[6.696s] -- Up-to-date: /home/sdp2024/6dof_arm/install/custom_messages/share/custom_messages/cmake/export_custom_messages__rosidl_generator_cppExport.cmake
[6.697s] -- Up-to-date: /home/sdp2024/6dof_arm/install/custom_messages/share/custom_messages/cmake/export_custom_messages__rosidl_typesupport_fastrtps_cppExport.cmake
[6.698s] -- Up-to-date: /home/sdp2024/6dof_arm/install/custom_messages/share/custom_messages/cmake/export_custom_messages__rosidl_typesupport_fastrtps_cppExport-noconfig.cmake
[6.700s] -- Up-to-date: /home/sdp2024/6dof_arm/install/custom_messages/share/custom_messages/cmake/custom_messages__rosidl_typesupport_introspection_cExport.cmake
[6.704s] -- Up-to-date: /home/sdp2024/6dof_arm/install/custom_messages/share/custom_messages/cmake/custom_messages__rosidl_typesupport_introspection_cExport-noconfig.cmake
[6.705s] -- Up-to-date: /home/sdp2024/6dof_arm/install/custom_messages/share/custom_messages/cmake/custom_messages__rosidl_typesupport_cExport.cmake
[6.706s] -- Up-to-date: /home/sdp2024/6dof_arm/install/custom_messages/share/custom_messages/cmake/custom_messages__rosidl_typesupport_cExport-noconfig.cmake
[6.708s] -- Up-to-date: /home/sdp2024/6dof_arm/install/custom_messages/share/custom_messages/cmake/custom_messages__rosidl_typesupport_introspection_cppExport.cmake
[6.710s] -- Up-to-date: /home/sdp2024/6dof_arm/install/custom_messages/share/custom_messages/cmake/custom_messages__rosidl_typesupport_introspection_cppExport-noconfig.cmake
[6.711s] -- Up-to-date: /home/sdp2024/6dof_arm/install/custom_messages/share/custom_messages/cmake/custom_messages__rosidl_typesupport_cppExport.cmake
[6.712s] -- Up-to-date: /home/sdp2024/6dof_arm/install/custom_messages/share/custom_messages/cmake/custom_messages__rosidl_typesupport_cppExport-noconfig.cmake
[6.715s] -- Up-to-date: /home/sdp2024/6dof_arm/install/custom_messages/share/custom_messages/cmake/export_custom_messages__rosidl_generator_pyExport.cmake
[6.716s] -- Up-to-date: /home/sdp2024/6dof_arm/install/custom_messages/share/custom_messages/cmake/export_custom_messages__rosidl_generator_pyExport-noconfig.cmake
[6.718s] -- Up-to-date: /home/sdp2024/6dof_arm/install/custom_messages/share/custom_messages/cmake/rosidl_cmake-extras.cmake
[6.719s] -- Up-to-date: /home/sdp2024/6dof_arm/install/custom_messages/share/custom_messages/cmake/ament_cmake_export_include_directories-extras.cmake
[6.719s] -- Up-to-date: /home/sdp2024/6dof_arm/install/custom_messages/share/custom_messages/cmake/ament_cmake_export_libraries-extras.cmake
[6.722s] -- Up-to-date: /home/sdp2024/6dof_arm/install/custom_messages/share/custom_messages/cmake/ament_cmake_export_targets-extras.cmake
[6.722s] -- Up-to-date: /home/sdp2024/6dof_arm/install/custom_messages/share/custom_messages/cmake/rosidl_cmake_export_typesupport_targets-extras.cmake
[6.723s] -- Up-to-date: /home/sdp2024/6dof_arm/install/custom_messages/share/custom_messages/cmake/ament_cmake_export_dependencies-extras.cmake
[6.729s] -- Up-to-date: /home/sdp2024/6dof_arm/install/custom_messages/share/custom_messages/cmake/rosidl_cmake_export_typesupport_libraries-extras.cmake
[6.731s] -- Up-to-date: /home/sdp2024/6dof_arm/install/custom_messages/share/custom_messages/cmake/custom_messagesConfig.cmake
[6.737s] -- Up-to-date: /home/sdp2024/6dof_arm/install/custom_messages/share/custom_messages/cmake/custom_messagesConfig-version.cmake
[6.740s] -- Up-to-date: /home/sdp2024/6dof_arm/install/custom_messages/share/custom_messages/package.xml
[6.742s] Invoked command in '/home/sdp2024/6dof_arm/build/custom_messages' returned '0': CMAKE_PREFIX_PATH=${CMAKE_PREFIX_PATH}:/home/sdp2024/6dof_arm/install/robot:/opt/ros/humble /usr/bin/cmake --install /home/sdp2024/6dof_arm/build/custom_messages
