[4.825s] DEBUG:colcon:Command line arguments: ['/usr/bin/colcon', 'build']
[4.826s] DEBUG:colcon:Parsed command line arguments: Namespace(log_base=None, log_level=None, verb_name='build', build_base='build', install_base='install', merge_install=False, symlink_install=False, test_result_base=None, continue_on_error=False, executor='parallel', parallel_workers=4, event_handlers=None, ignore_user_meta=False, metas=['./colcon.meta'], base_paths=['.'], packages_ignore=None, packages_ignore_regex=None, paths=None, packages_up_to=None, packages_up_to_regex=None, packages_above=None, packages_above_and_dependencies=None, packages_above_depth=None, packages_select_by_dep=None, packages_skip_by_dep=None, packages_skip_up_to=None, packages_select_build_failed=False, packages_skip_build_finished=False, packages_select_test_failures=False, packages_skip_test_passed=False, packages_select=None, packages_skip=None, packages_select_regex=None, packages_skip_regex=None, packages_start=None, packages_end=None, allow_overriding=[], cmake_args=None, cmake_target=None, cmake_target_skip_unavailable=False, cmake_clean_cache=False, cmake_clean_first=False, cmake_force_configure=False, ament_cmake_args=None, catkin_cmake_args=None, catkin_skip_building_tests=False, verb_parser=<colcon_defaults.argument_parser.defaults.DefaultArgumentsDecorator object at 0xffff7f22f340>, verb_extension=<colcon_core.verb.build.BuildVerb object at 0xffff7f351a80>, main=<bound method BuildVerb.main of <colcon_core.verb.build.BuildVerb object at 0xffff7f351a80>>)
[5.078s] Level 1:colcon.colcon_core.package_discovery:discover_packages(colcon_meta) check parameters
[5.079s] Level 1:colcon.colcon_core.package_discovery:discover_packages(recursive) check parameters
[5.079s] Level 1:colcon.colcon_core.package_discovery:discover_packages(ignore) check parameters
[5.079s] Level 1:colcon.colcon_core.package_discovery:discover_packages(path) check parameters
[5.079s] Level 1:colcon.colcon_core.package_discovery:discover_packages(colcon_meta) discover
[5.079s] Level 1:colcon.colcon_core.package_discovery:discover_packages(recursive) discover
[5.080s] INFO:colcon.colcon_core.package_discovery:Crawling recursively for packages in '/home/sdp2024/6dof_arm'
[5.080s] Level 1:colcon.colcon_core.package_identification:_identify(.) by extensions ['ignore', 'ignore_ament_install']
[5.080s] Level 1:colcon.colcon_core.package_identification:_identify(.) by extension 'ignore'
[5.081s] Level 1:colcon.colcon_core.package_identification:_identify(.) by extension 'ignore_ament_install'
[5.081s] Level 1:colcon.colcon_core.package_identification:_identify(.) by extensions ['colcon_pkg']
[5.081s] Level 1:colcon.colcon_core.package_identification:_identify(.) by extension 'colcon_pkg'
[5.081s] Level 1:colcon.colcon_core.package_identification:_identify(.) by extensions ['colcon_meta']
[5.081s] Level 1:colcon.colcon_core.package_identification:_identify(.) by extension 'colcon_meta'
[5.081s] Level 1:colcon.colcon_core.package_identification:_identify(.) by extensions ['ros']
[5.082s] Level 1:colcon.colcon_core.package_identification:_identify(.) by extension 'ros'
[5.128s] Level 1:colcon.colcon_core.package_identification:_identify(.) by extensions ['cmake', 'python']
[5.128s] Level 1:colcon.colcon_core.package_identification:_identify(.) by extension 'cmake'
[5.129s] Level 1:colcon.colcon_core.package_identification:_identify(.) by extension 'python'
[5.129s] Level 1:colcon.colcon_core.package_identification:_identify(.) by extensions ['python_setup_py']
[5.129s] Level 1:colcon.colcon_core.package_identification:_identify(.) by extension 'python_setup_py'
[5.130s] Level 1:colcon.colcon_core.package_identification:_identify(build) by extensions ['ignore', 'ignore_ament_install']
[5.130s] Level 1:colcon.colcon_core.package_identification:_identify(build) by extension 'ignore'
[5.130s] Level 1:colcon.colcon_core.package_identification:_identify(build) ignored
[5.131s] Level 1:colcon.colcon_core.package_identification:_identify(install) by extensions ['ignore', 'ignore_ament_install']
[5.131s] Level 1:colcon.colcon_core.package_identification:_identify(install) by extension 'ignore'
[5.131s] Level 1:colcon.colcon_core.package_identification:_identify(install) ignored
[5.132s] Level 1:colcon.colcon_core.package_identification:_identify(log) by extensions ['ignore', 'ignore_ament_install']
[5.132s] Level 1:colcon.colcon_core.package_identification:_identify(log) by extension 'ignore'
[5.132s] Level 1:colcon.colcon_core.package_identification:_identify(log) ignored
[5.133s] Level 1:colcon.colcon_core.package_identification:_identify(src) by extensions ['ignore', 'ignore_ament_install']
[5.133s] Level 1:colcon.colcon_core.package_identification:_identify(src) by extension 'ignore'
[5.133s] Level 1:colcon.colcon_core.package_identification:_identify(src) by extension 'ignore_ament_install'
[5.133s] Level 1:colcon.colcon_core.package_identification:_identify(src) by extensions ['colcon_pkg']
[5.134s] Level 1:colcon.colcon_core.package_identification:_identify(src) by extension 'colcon_pkg'
[5.134s] Level 1:colcon.colcon_core.package_identification:_identify(src) by extensions ['colcon_meta']
[5.134s] Level 1:colcon.colcon_core.package_identification:_identify(src) by extension 'colcon_meta'
[5.134s] Level 1:colcon.colcon_core.package_identification:_identify(src) by extensions ['ros']
[5.134s] Level 1:colcon.colcon_core.package_identification:_identify(src) by extension 'ros'
[5.134s] Level 1:colcon.colcon_core.package_identification:_identify(src) by extensions ['cmake', 'python']
[5.135s] Level 1:colcon.colcon_core.package_identification:_identify(src) by extension 'cmake'
[5.135s] Level 1:colcon.colcon_core.package_identification:_identify(src) by extension 'python'
[5.135s] Level 1:colcon.colcon_core.package_identification:_identify(src) by extensions ['python_setup_py']
[5.135s] Level 1:colcon.colcon_core.package_identification:_identify(src) by extension 'python_setup_py'
[5.136s] Level 1:colcon.colcon_core.package_identification:_identify(src/custom_messages) by extensions ['ignore', 'ignore_ament_install']
[5.136s] Level 1:colcon.colcon_core.package_identification:_identify(src/custom_messages) by extension 'ignore'
[5.136s] Level 1:colcon.colcon_core.package_identification:_identify(src/custom_messages) by extension 'ignore_ament_install'
[5.136s] Level 1:colcon.colcon_core.package_identification:_identify(src/custom_messages) by extensions ['colcon_pkg']
[5.136s] Level 1:colcon.colcon_core.package_identification:_identify(src/custom_messages) by extension 'colcon_pkg'
[5.137s] Level 1:colcon.colcon_core.package_identification:_identify(src/custom_messages) by extensions ['colcon_meta']
[5.137s] Level 1:colcon.colcon_core.package_identification:_identify(src/custom_messages) by extension 'colcon_meta'
[5.137s] Level 1:colcon.colcon_core.package_identification:_identify(src/custom_messages) by extensions ['ros']
[5.137s] Level 1:colcon.colcon_core.package_identification:_identify(src/custom_messages) by extension 'ros'
[5.147s] DEBUG:colcon.colcon_core.package_identification:Package 'src/custom_messages' with type 'ros.ament_cmake' and name 'custom_messages'
[5.148s] Level 1:colcon.colcon_core.package_identification:_identify(src/robot) by extensions ['ignore', 'ignore_ament_install']
[5.151s] Level 1:colcon.colcon_core.package_identification:_identify(src/robot) by extension 'ignore'
[5.153s] Level 1:colcon.colcon_core.package_identification:_identify(src/robot) by extension 'ignore_ament_install'
[5.153s] Level 1:colcon.colcon_core.package_identification:_identify(src/robot) by extensions ['colcon_pkg']
[5.154s] Level 1:colcon.colcon_core.package_identification:_identify(src/robot) by extension 'colcon_pkg'
[5.154s] Level 1:colcon.colcon_core.package_identification:_identify(src/robot) by extensions ['colcon_meta']
[5.154s] Level 1:colcon.colcon_core.package_identification:_identify(src/robot) by extension 'colcon_meta'
[5.155s] Level 1:colcon.colcon_core.package_identification:_identify(src/robot) by extensions ['ros']
[5.155s] Level 1:colcon.colcon_core.package_identification:_identify(src/robot) by extension 'ros'
[5.157s] DEBUG:colcon.colcon_core.package_identification:Package 'src/robot' with type 'ros.ament_python' and name 'robot'
[5.157s] Level 1:colcon.colcon_core.package_discovery:discover_packages(recursive) using defaults
[5.158s] Level 1:colcon.colcon_core.package_discovery:discover_packages(ignore) discover
[5.158s] Level 1:colcon.colcon_core.package_discovery:discover_packages(ignore) using defaults
[5.158s] Level 1:colcon.colcon_core.package_discovery:discover_packages(path) discover
[5.158s] Level 1:colcon.colcon_core.package_discovery:discover_packages(path) using defaults
[5.570s] Level 1:colcon.colcon_core.package_discovery:discover_packages(prefix_path) check parameters
[5.570s] Level 1:colcon.colcon_core.package_discovery:discover_packages(prefix_path) discover
[5.640s] WARNING:colcon.colcon_ros.prefix_path.ament:The path '/home/sdp2024/6dof_arm/install/robot' in the environment variable AMENT_PREFIX_PATH doesn't exist
[5.640s] WARNING:colcon.colcon_ros.prefix_path.ament:The path '/home/sdp2024/6dof_arm/install/custom_messages' in the environment variable AMENT_PREFIX_PATH doesn't exist
[5.641s] WARNING:colcon.colcon_ros.prefix_path.catkin:The path '/home/sdp2024/6dof_arm/install/custom_messages' in the environment variable CMAKE_PREFIX_PATH doesn't exist
[5.720s] DEBUG:colcon.colcon_installed_package_information.package_discovery:Found 0 installed packages in /home/sdp2024/6dof_arm/install
[5.804s] DEBUG:colcon.colcon_installed_package_information.package_discovery:Found 284 installed packages in /opt/ros/humble
[5.810s] Level 1:colcon.colcon_core.package_discovery:discover_packages(prefix_path) using defaults
[6.280s] Level 5:colcon.colcon_core.verb:set package 'custom_messages' build argument 'cmake_args' from command line to 'None'
[6.280s] Level 5:colcon.colcon_core.verb:set package 'custom_messages' build argument 'cmake_target' from command line to 'None'
[6.281s] Level 5:colcon.colcon_core.verb:set package 'custom_messages' build argument 'cmake_target_skip_unavailable' from command line to 'False'
[6.281s] Level 5:colcon.colcon_core.verb:set package 'custom_messages' build argument 'cmake_clean_cache' from command line to 'False'
[6.281s] Level 5:colcon.colcon_core.verb:set package 'custom_messages' build argument 'cmake_clean_first' from command line to 'False'
[6.281s] Level 5:colcon.colcon_core.verb:set package 'custom_messages' build argument 'cmake_force_configure' from command line to 'False'
[6.281s] Level 5:colcon.colcon_core.verb:set package 'custom_messages' build argument 'ament_cmake_args' from command line to 'None'
[6.281s] Level 5:colcon.colcon_core.verb:set package 'custom_messages' build argument 'catkin_cmake_args' from command line to 'None'
[6.281s] Level 5:colcon.colcon_core.verb:set package 'custom_messages' build argument 'catkin_skip_building_tests' from command line to 'False'
[6.281s] DEBUG:colcon.colcon_core.verb:Building package 'custom_messages' with the following arguments: {'ament_cmake_args': None, 'build_base': '/home/sdp2024/6dof_arm/build/custom_messages', 'catkin_cmake_args': None, 'catkin_skip_building_tests': False, 'cmake_args': None, 'cmake_clean_cache': False, 'cmake_clean_first': False, 'cmake_force_configure': False, 'cmake_target': None, 'cmake_target_skip_unavailable': False, 'install_base': '/home/sdp2024/6dof_arm/install/custom_messages', 'merge_install': False, 'path': '/home/sdp2024/6dof_arm/src/custom_messages', 'symlink_install': False, 'test_result_base': None}
[6.357s] Level 5:colcon.colcon_core.verb:set package 'robot' build argument 'cmake_args' from command line to 'None'
[6.357s] Level 5:colcon.colcon_core.verb:set package 'robot' build argument 'cmake_target' from command line to 'None'
[6.357s] Level 5:colcon.colcon_core.verb:set package 'robot' build argument 'cmake_target_skip_unavailable' from command line to 'False'
[6.357s] Level 5:colcon.colcon_core.verb:set package 'robot' build argument 'cmake_clean_cache' from command line to 'False'
[6.357s] Level 5:colcon.colcon_core.verb:set package 'robot' build argument 'cmake_clean_first' from command line to 'False'
[6.358s] Level 5:colcon.colcon_core.verb:set package 'robot' build argument 'cmake_force_configure' from command line to 'False'
[6.358s] Level 5:colcon.colcon_core.verb:set package 'robot' build argument 'ament_cmake_args' from command line to 'None'
[6.358s] Level 5:colcon.colcon_core.verb:set package 'robot' build argument 'catkin_cmake_args' from command line to 'None'
[6.358s] Level 5:colcon.colcon_core.verb:set package 'robot' build argument 'catkin_skip_building_tests' from command line to 'False'
[6.358s] DEBUG:colcon.colcon_core.verb:Building package 'robot' with the following arguments: {'ament_cmake_args': None, 'build_base': '/home/sdp2024/6dof_arm/build/robot', 'catkin_cmake_args': None, 'catkin_skip_building_tests': False, 'cmake_args': None, 'cmake_clean_cache': False, 'cmake_clean_first': False, 'cmake_force_configure': False, 'cmake_target': None, 'cmake_target_skip_unavailable': False, 'install_base': '/home/sdp2024/6dof_arm/install/robot', 'merge_install': False, 'path': '/home/sdp2024/6dof_arm/src/robot', 'symlink_install': False, 'test_result_base': None}
[6.425s] INFO:colcon.colcon_core.executor:Executing jobs using 'parallel' executor
[6.494s] DEBUG:colcon.colcon_parallel_executor.executor.parallel:run_until_complete
[6.496s] INFO:colcon.colcon_ros.task.ament_cmake.build:Building ROS package in '/home/sdp2024/6dof_arm/src/custom_messages' with build type 'ament_cmake'
[6.496s] INFO:colcon.colcon_cmake.task.cmake.build:Building CMake package in '/home/sdp2024/6dof_arm/src/custom_messages'
[6.590s] INFO:colcon.colcon_core.plugin_system:Skipping extension 'colcon_core.shell.bat': Not used on non-Windows systems
[6.591s] INFO:colcon.colcon_core.shell:Skip shell extension 'powershell' for command environment: Not usable outside of PowerShell
[6.593s] DEBUG:colcon.colcon_core.shell:Skip shell extension 'dsv' for command environment
[6.859s] INFO:colcon.colcon_ros.task.ament_python.build:Building ROS package in '/home/sdp2024/6dof_arm/src/robot' with build type 'ament_python'
[6.860s] Level 1:colcon.colcon_core.shell:create_environment_hook('robot', 'ament_prefix_path')
[6.954s] INFO:colcon.colcon_core.shell:Creating environment hook '/home/sdp2024/6dof_arm/install/robot/share/robot/hook/ament_prefix_path.ps1'
[6.957s] INFO:colcon.colcon_core.shell:Creating environment descriptor '/home/sdp2024/6dof_arm/install/robot/share/robot/hook/ament_prefix_path.dsv'
[6.959s] INFO:colcon.colcon_core.shell:Creating environment hook '/home/sdp2024/6dof_arm/install/robot/share/robot/hook/ament_prefix_path.sh'
[7.037s] INFO:colcon.colcon_core.shell:Skip shell extension 'powershell' for command environment: Not usable outside of PowerShell
[7.037s] DEBUG:colcon.colcon_core.shell:Skip shell extension 'dsv' for command environment
[7.309s] DEBUG:colcon.colcon_core.event_handler.log_command:Invoking command in '/home/sdp2024/6dof_arm/build/custom_messages': CMAKE_PREFIX_PATH=${CMAKE_PREFIX_PATH}:/home/sdp2024/6dof_arm/install/robot:/opt/ros/humble /usr/bin/cmake /home/sdp2024/6dof_arm/src/custom_messages -DCMAKE_INSTALL_PREFIX=/home/sdp2024/6dof_arm/install/custom_messages
[8.992s] INFO:colcon.colcon_core.task.python.build:Building Python package in '/home/sdp2024/6dof_arm/src/robot'
[9.104s] INFO:colcon.colcon_core.shell:Skip shell extension 'powershell' for command environment: Not usable outside of PowerShell
[9.105s] DEBUG:colcon.colcon_core.shell:Skip shell extension 'dsv' for command environment
[11.708s] DEBUG:colcon.colcon_core.event_handler.log_command:Invoking command in '/home/sdp2024/6dof_arm/src/robot': PYTHONPATH=/home/sdp2024/6dof_arm/build/robot/prefix_override:/home/sdp2024/6dof_arm/install/robot/lib/python3.10/site-packages:${PYTHONPATH} /usr/bin/python3 setup.py egg_info --egg-base ../../build/robot build --build-base /home/sdp2024/6dof_arm/build/robot/build install --record /home/sdp2024/6dof_arm/build/robot/install.log --single-version-externally-managed
[13.600s] DEBUG:colcon.colcon_core.event_handler.log_command:Invoked command in '/home/sdp2024/6dof_arm/src/robot' returned '0': PYTHONPATH=/home/sdp2024/6dof_arm/build/robot/prefix_override:/home/sdp2024/6dof_arm/install/robot/lib/python3.10/site-packages:${PYTHONPATH} /usr/bin/python3 setup.py egg_info --egg-base ../../build/robot build --build-base /home/sdp2024/6dof_arm/build/robot/build install --record /home/sdp2024/6dof_arm/build/robot/install.log --single-version-externally-managed
[13.723s] Level 1:colcon.colcon_core.environment:checking '/home/sdp2024/6dof_arm/install/robot' for CMake module files
[13.725s] Level 1:colcon.colcon_core.environment:checking '/home/sdp2024/6dof_arm/install/robot' for CMake config files
[13.730s] Level 1:colcon.colcon_core.environment:checking '/home/sdp2024/6dof_arm/install/robot/lib'
[13.731s] Level 1:colcon.colcon_core.environment:checking '/home/sdp2024/6dof_arm/install/robot/bin'
[13.732s] Level 1:colcon.colcon_core.environment:checking '/home/sdp2024/6dof_arm/install/robot/lib/pkgconfig/robot.pc'
[13.736s] Level 1:colcon.colcon_core.environment:checking '/home/sdp2024/6dof_arm/install/robot/lib/python3.10/site-packages'
[13.738s] Level 1:colcon.colcon_core.shell:create_environment_hook('robot', 'pythonpath')
[13.853s] INFO:colcon.colcon_core.shell:Creating environment hook '/home/sdp2024/6dof_arm/install/robot/share/robot/hook/pythonpath.ps1'
[13.856s] INFO:colcon.colcon_core.shell:Creating environment descriptor '/home/sdp2024/6dof_arm/install/robot/share/robot/hook/pythonpath.dsv'
[13.858s] INFO:colcon.colcon_core.shell:Creating environment hook '/home/sdp2024/6dof_arm/install/robot/share/robot/hook/pythonpath.sh'
[13.860s] Level 1:colcon.colcon_core.environment:checking '/home/sdp2024/6dof_arm/install/robot/bin'
[13.861s] Level 1:colcon.colcon_core.environment:create_environment_scripts_only(robot)
[13.967s] INFO:colcon.colcon_core.shell:Creating package script '/home/sdp2024/6dof_arm/install/robot/share/robot/package.ps1'
[13.971s] INFO:colcon.colcon_core.shell:Creating package descriptor '/home/sdp2024/6dof_arm/install/robot/share/robot/package.dsv'
[13.974s] INFO:colcon.colcon_core.shell:Creating package script '/home/sdp2024/6dof_arm/install/robot/share/robot/package.sh'
[13.978s] INFO:colcon.colcon_core.shell:Creating package script '/home/sdp2024/6dof_arm/install/robot/share/robot/package.bash'
[13.983s] INFO:colcon.colcon_core.shell:Creating package script '/home/sdp2024/6dof_arm/install/robot/share/robot/package.zsh'
[13.986s] Level 1:colcon.colcon_core.environment:create_file_with_runtime_dependencies(/home/sdp2024/6dof_arm/install/robot/share/colcon-core/packages/robot)
[17.597s] DEBUG:colcon.colcon_core.event_handler.log_command:Invoked command in '/home/sdp2024/6dof_arm/build/custom_messages' returned '0': CMAKE_PREFIX_PATH=${CMAKE_PREFIX_PATH}:/home/sdp2024/6dof_arm/install/robot:/opt/ros/humble /usr/bin/cmake /home/sdp2024/6dof_arm/src/custom_messages -DCMAKE_INSTALL_PREFIX=/home/sdp2024/6dof_arm/install/custom_messages
[17.607s] DEBUG:colcon.colcon_core.event_handler.log_command:Invoking command in '/home/sdp2024/6dof_arm/build/custom_messages': CMAKE_PREFIX_PATH=${CMAKE_PREFIX_PATH}:/home/sdp2024/6dof_arm/install/robot:/opt/ros/humble /usr/bin/cmake --build /home/sdp2024/6dof_arm/build/custom_messages -- -j4 -l4
[35.470s] DEBUG:colcon.colcon_core.event_handler.log_command:Invoked command in '/home/sdp2024/6dof_arm/build/custom_messages' returned '0': CMAKE_PREFIX_PATH=${CMAKE_PREFIX_PATH}:/home/sdp2024/6dof_arm/install/robot:/opt/ros/humble /usr/bin/cmake --build /home/sdp2024/6dof_arm/build/custom_messages -- -j4 -l4
[36.010s] DEBUG:colcon.colcon_core.event_handler.log_command:Invoking command in '/home/sdp2024/6dof_arm/build/custom_messages': CMAKE_PREFIX_PATH=${CMAKE_PREFIX_PATH}:/home/sdp2024/6dof_arm/install/robot:/opt/ros/humble /usr/bin/cmake --install /home/sdp2024/6dof_arm/build/custom_messages
[36.452s] Level 1:colcon.colcon_core.environment:create_environment_scripts_only(custom_messages)
[36.454s] DEBUG:colcon.colcon_core.event_handler.log_command:Invoked command in '/home/sdp2024/6dof_arm/build/custom_messages' returned '0': CMAKE_PREFIX_PATH=${CMAKE_PREFIX_PATH}:/home/sdp2024/6dof_arm/install/robot:/opt/ros/humble /usr/bin/cmake --install /home/sdp2024/6dof_arm/build/custom_messages
[36.537s] Level 1:colcon.colcon_core.environment:checking '/home/sdp2024/6dof_arm/install/custom_messages' for CMake module files
[36.541s] Level 1:colcon.colcon_core.environment:checking '/home/sdp2024/6dof_arm/install/custom_messages' for CMake config files
[36.546s] Level 1:colcon.colcon_core.shell:create_environment_hook('custom_messages', 'cmake_prefix_path')
[36.623s] INFO:colcon.colcon_core.shell:Creating environment hook '/home/sdp2024/6dof_arm/install/custom_messages/share/custom_messages/hook/cmake_prefix_path.ps1'
[36.625s] INFO:colcon.colcon_core.shell:Creating environment descriptor '/home/sdp2024/6dof_arm/install/custom_messages/share/custom_messages/hook/cmake_prefix_path.dsv'
[36.626s] INFO:colcon.colcon_core.shell:Creating environment hook '/home/sdp2024/6dof_arm/install/custom_messages/share/custom_messages/hook/cmake_prefix_path.sh'
[36.629s] Level 1:colcon.colcon_core.environment:checking '/home/sdp2024/6dof_arm/install/custom_messages/lib'
[36.629s] Level 1:colcon.colcon_core.shell:create_environment_hook('custom_messages', 'ld_library_path_lib')
[36.701s] INFO:colcon.colcon_core.shell:Creating environment hook '/home/sdp2024/6dof_arm/install/custom_messages/share/custom_messages/hook/ld_library_path_lib.ps1'
[36.703s] INFO:colcon.colcon_core.shell:Creating environment descriptor '/home/sdp2024/6dof_arm/install/custom_messages/share/custom_messages/hook/ld_library_path_lib.dsv'
[36.705s] INFO:colcon.colcon_core.shell:Creating environment hook '/home/sdp2024/6dof_arm/install/custom_messages/share/custom_messages/hook/ld_library_path_lib.sh'
[36.707s] Level 1:colcon.colcon_core.environment:checking '/home/sdp2024/6dof_arm/install/custom_messages/bin'
[36.707s] Level 1:colcon.colcon_core.environment:checking '/home/sdp2024/6dof_arm/install/custom_messages/lib/pkgconfig/custom_messages.pc'
[36.709s] Level 1:colcon.colcon_core.environment:checking '/home/sdp2024/6dof_arm/install/custom_messages/lib/python3.10/site-packages'
[36.710s] Level 1:colcon.colcon_core.environment:checking '/home/sdp2024/6dof_arm/install/custom_messages/bin'
[36.783s] INFO:colcon.colcon_core.shell:Creating package script '/home/sdp2024/6dof_arm/install/custom_messages/share/custom_messages/package.ps1'
[36.786s] INFO:colcon.colcon_core.shell:Creating package descriptor '/home/sdp2024/6dof_arm/install/custom_messages/share/custom_messages/package.dsv'
[36.789s] INFO:colcon.colcon_core.shell:Creating package script '/home/sdp2024/6dof_arm/install/custom_messages/share/custom_messages/package.sh'
[36.792s] INFO:colcon.colcon_core.shell:Creating package script '/home/sdp2024/6dof_arm/install/custom_messages/share/custom_messages/package.bash'
[36.794s] INFO:colcon.colcon_core.shell:Creating package script '/home/sdp2024/6dof_arm/install/custom_messages/share/custom_messages/package.zsh'
[36.796s] Level 1:colcon.colcon_core.environment:create_file_with_runtime_dependencies(/home/sdp2024/6dof_arm/install/custom_messages/share/colcon-core/packages/custom_messages)
[37.365s] Level 1:colcon.colcon_core.environment:create_environment_scripts_only(custom_messages)
[37.442s] Level 1:colcon.colcon_core.environment:checking '/home/sdp2024/6dof_arm/install/custom_messages' for CMake module files
[37.447s] Level 1:colcon.colcon_core.environment:checking '/home/sdp2024/6dof_arm/install/custom_messages' for CMake config files
[37.451s] Level 1:colcon.colcon_core.shell:create_environment_hook('custom_messages', 'cmake_prefix_path')
[37.523s] INFO:colcon.colcon_core.shell:Creating environment hook '/home/sdp2024/6dof_arm/install/custom_messages/share/custom_messages/hook/cmake_prefix_path.ps1'
[37.548s] INFO:colcon.colcon_core.shell:Creating environment descriptor '/home/sdp2024/6dof_arm/install/custom_messages/share/custom_messages/hook/cmake_prefix_path.dsv'
[37.552s] INFO:colcon.colcon_core.shell:Creating environment hook '/home/sdp2024/6dof_arm/install/custom_messages/share/custom_messages/hook/cmake_prefix_path.sh'
[37.557s] Level 1:colcon.colcon_core.environment:checking '/home/sdp2024/6dof_arm/install/custom_messages/lib'
[37.558s] Level 1:colcon.colcon_core.shell:create_environment_hook('custom_messages', 'ld_library_path_lib')
[37.647s] INFO:colcon.colcon_core.shell:Creating environment hook '/home/sdp2024/6dof_arm/install/custom_messages/share/custom_messages/hook/ld_library_path_lib.ps1'
[37.649s] INFO:colcon.colcon_core.shell:Creating environment descriptor '/home/sdp2024/6dof_arm/install/custom_messages/share/custom_messages/hook/ld_library_path_lib.dsv'
[37.651s] INFO:colcon.colcon_core.shell:Creating environment hook '/home/sdp2024/6dof_arm/install/custom_messages/share/custom_messages/hook/ld_library_path_lib.sh'
[37.653s] Level 1:colcon.colcon_core.environment:checking '/home/sdp2024/6dof_arm/install/custom_messages/bin'
[37.653s] Level 1:colcon.colcon_core.environment:checking '/home/sdp2024/6dof_arm/install/custom_messages/lib/pkgconfig/custom_messages.pc'
[37.654s] Level 1:colcon.colcon_core.environment:checking '/home/sdp2024/6dof_arm/install/custom_messages/lib/python3.10/site-packages'
[37.655s] Level 1:colcon.colcon_core.environment:checking '/home/sdp2024/6dof_arm/install/custom_messages/bin'
[37.730s] INFO:colcon.colcon_core.shell:Creating package script '/home/sdp2024/6dof_arm/install/custom_messages/share/custom_messages/package.ps1'
[37.733s] INFO:colcon.colcon_core.shell:Creating package descriptor '/home/sdp2024/6dof_arm/install/custom_messages/share/custom_messages/package.dsv'
[37.736s] INFO:colcon.colcon_core.shell:Creating package script '/home/sdp2024/6dof_arm/install/custom_messages/share/custom_messages/package.sh'
[37.738s] INFO:colcon.colcon_core.shell:Creating package script '/home/sdp2024/6dof_arm/install/custom_messages/share/custom_messages/package.bash'
[37.740s] INFO:colcon.colcon_core.shell:Creating package script '/home/sdp2024/6dof_arm/install/custom_messages/share/custom_messages/package.zsh'
[37.742s] Level 1:colcon.colcon_core.environment:create_file_with_runtime_dependencies(/home/sdp2024/6dof_arm/install/custom_messages/share/colcon-core/packages/custom_messages)
[37.743s] DEBUG:colcon.colcon_parallel_executor.executor.parallel:closing loop
[37.744s] DEBUG:colcon.colcon_parallel_executor.executor.parallel:loop closed
[37.745s] DEBUG:colcon.colcon_parallel_executor.executor.parallel:run_until_complete finished with '0'
[37.745s] DEBUG:colcon.colcon_core.event_reactor:joining thread
[37.853s] INFO:colcon.colcon_core.plugin_system:Skipping extension 'colcon_notification.desktop_notification.terminal_notifier': Not used on non-Darwin systems
[37.855s] INFO:colcon.colcon_core.plugin_system:Skipping extension 'colcon_notification.desktop_notification.win32': Not used on non-Windows systems
[37.856s] INFO:colcon.colcon_notification.desktop_notification:Sending desktop notification using 'notify2'
[37.911s] DEBUG:colcon.colcon_core.event_reactor:joined thread
[38.001s] INFO:colcon.colcon_core.shell:Creating prefix script '/home/sdp2024/6dof_arm/install/local_setup.ps1'
[38.005s] INFO:colcon.colcon_core.shell:Creating prefix util module '/home/sdp2024/6dof_arm/install/_local_setup_util_ps1.py'
[38.010s] INFO:colcon.colcon_core.shell:Creating prefix chain script '/home/sdp2024/6dof_arm/install/setup.ps1'
[38.104s] INFO:colcon.colcon_core.shell:Creating prefix script '/home/sdp2024/6dof_arm/install/local_setup.sh'
[38.107s] INFO:colcon.colcon_core.shell:Creating prefix util module '/home/sdp2024/6dof_arm/install/_local_setup_util_sh.py'
[38.109s] INFO:colcon.colcon_core.shell:Creating prefix chain script '/home/sdp2024/6dof_arm/install/setup.sh'
[38.200s] INFO:colcon.colcon_core.shell:Creating prefix script '/home/sdp2024/6dof_arm/install/local_setup.bash'
[38.206s] INFO:colcon.colcon_core.shell:Creating prefix chain script '/home/sdp2024/6dof_arm/install/setup.bash'
[38.277s] INFO:colcon.colcon_core.shell:Creating prefix script '/home/sdp2024/6dof_arm/install/local_setup.zsh'
[38.279s] INFO:colcon.colcon_core.shell:Creating prefix chain script '/home/sdp2024/6dof_arm/install/setup.zsh'
