/home/sdp2024/6dof_arm/install/robot/lib/python3.10/site-packages/robot/track.py
/home/sdp2024/6dof_arm/install/robot/lib/python3.10/site-packages/robot/test3.py
/home/sdp2024/6dof_arm/install/robot/lib/python3.10/site-packages/robot/gui3.py
/home/sdp2024/6dof_arm/install/robot/lib/python3.10/site-packages/robot/crop_coordinates.py
/home/sdp2024/6dof_arm/install/robot/lib/python3.10/site-packages/robot/test2.py
/home/sdp2024/6dof_arm/install/robot/lib/python3.10/site-packages/robot/gui2.py
/home/sdp2024/6dof_arm/install/robot/lib/python3.10/site-packages/robot/__init__.py
/home/sdp2024/6dof_arm/install/robot/lib/python3.10/site-packages/robot/sub_n.py
/home/sdp2024/6dof_arm/install/robot/lib/python3.10/site-packages/robot/gui.py
/home/sdp2024/6dof_arm/install/robot/lib/python3.10/site-packages/robot/cam.py
/home/sdp2024/6dof_arm/install/robot/lib/python3.10/site-packages/robot/sub.py
/home/sdp2024/6dof_arm/install/robot/lib/python3.10/site-packages/robot/pub.py
/home/sdp2024/6dof_arm/install/robot/lib/python3.10/site-packages/robot/test1.py
/home/sdp2024/6dof_arm/install/robot/lib/python3.10/site-packages/robot/detect.py
/home/sdp2024/6dof_arm/install/robot/lib/python3.10/site-packages/robot/ikine.py
/home/sdp2024/6dof_arm/install/robot/lib/python3.10/site-packages/robot/ik.py
/home/sdp2024/6dof_arm/install/robot/lib/python3.10/site-packages/robot/__pycache__/track.cpython-310.pyc
/home/sdp2024/6dof_arm/install/robot/lib/python3.10/site-packages/robot/__pycache__/test3.cpython-310.pyc
/home/sdp2024/6dof_arm/install/robot/lib/python3.10/site-packages/robot/__pycache__/gui3.cpython-310.pyc
/home/sdp2024/6dof_arm/install/robot/lib/python3.10/site-packages/robot/__pycache__/crop_coordinates.cpython-310.pyc
/home/sdp2024/6dof_arm/install/robot/lib/python3.10/site-packages/robot/__pycache__/test2.cpython-310.pyc
/home/sdp2024/6dof_arm/install/robot/lib/python3.10/site-packages/robot/__pycache__/gui2.cpython-310.pyc
/home/sdp2024/6dof_arm/install/robot/lib/python3.10/site-packages/robot/__pycache__/__init__.cpython-310.pyc
/home/sdp2024/6dof_arm/install/robot/lib/python3.10/site-packages/robot/__pycache__/sub_n.cpython-310.pyc
/home/sdp2024/6dof_arm/install/robot/lib/python3.10/site-packages/robot/__pycache__/gui.cpython-310.pyc
/home/sdp2024/6dof_arm/install/robot/lib/python3.10/site-packages/robot/__pycache__/cam.cpython-310.pyc
/home/sdp2024/6dof_arm/install/robot/lib/python3.10/site-packages/robot/__pycache__/sub.cpython-310.pyc
/home/sdp2024/6dof_arm/install/robot/lib/python3.10/site-packages/robot/__pycache__/pub.cpython-310.pyc
/home/sdp2024/6dof_arm/install/robot/lib/python3.10/site-packages/robot/__pycache__/test1.cpython-310.pyc
/home/sdp2024/6dof_arm/install/robot/lib/python3.10/site-packages/robot/__pycache__/detect.cpython-310.pyc
/home/sdp2024/6dof_arm/install/robot/lib/python3.10/site-packages/robot/__pycache__/ikine.cpython-310.pyc
/home/sdp2024/6dof_arm/install/robot/lib/python3.10/site-packages/robot/__pycache__/ik.cpython-310.pyc
/home/sdp2024/6dof_arm/install/robot/share/ament_index/resource_index/packages/robot
/home/sdp2024/6dof_arm/install/robot/share/robot/package.xml
/home/sdp2024/6dof_arm/install/robot/lib/python3.10/site-packages/robot-0.0.0-py3.10.egg-info/dependency_links.txt
/home/sdp2024/6dof_arm/install/robot/lib/python3.10/site-packages/robot-0.0.0-py3.10.egg-info/SOURCES.txt
/home/sdp2024/6dof_arm/install/robot/lib/python3.10/site-packages/robot-0.0.0-py3.10.egg-info/entry_points.txt
/home/sdp2024/6dof_arm/install/robot/lib/python3.10/site-packages/robot-0.0.0-py3.10.egg-info/top_level.txt
/home/sdp2024/6dof_arm/install/robot/lib/python3.10/site-packages/robot-0.0.0-py3.10.egg-info/requires.txt
/home/sdp2024/6dof_arm/install/robot/lib/python3.10/site-packages/robot-0.0.0-py3.10.egg-info/PKG-INFO
/home/sdp2024/6dof_arm/install/robot/lib/python3.10/site-packages/robot-0.0.0-py3.10.egg-info/zip-safe
/home/sdp2024/6dof_arm/install/robot/lib/robot/gui
/home/sdp2024/6dof_arm/install/robot/lib/robot/ikine
/home/sdp2024/6dof_arm/install/robot/lib/robot/pub
/home/sdp2024/6dof_arm/install/robot/lib/robot/sub_n
