[12.033s] Invoking command in '/home/sdp2024/6dof_arm/src/robot': PYTHONPATH=/home/sdp2024/6dof_arm/build/robot/prefix_override:/home/sdp2024/6dof_arm/install/robot/lib/python3.10/site-packages:${PYTHONPATH} /usr/bin/python3 setup.py egg_info --egg-base ../../build/robot build --build-base /home/sdp2024/6dof_arm/build/robot/build install --record /home/sdp2024/6dof_arm/build/robot/install.log --single-version-externally-managed
[14.132s] running egg_info
[14.337s] writing ../../build/robot/robot.egg-info/PKG-INFO
[14.341s] writing dependency_links to ../../build/robot/robot.egg-info/dependency_links.txt
[14.343s] writing entry points to ../../build/robot/robot.egg-info/entry_points.txt
[14.344s] writing requirements to ../../build/robot/robot.egg-info/requires.txt
[14.345s] writing top-level names to ../../build/robot/robot.egg-info/top_level.txt
[14.720s] reading manifest file '../../build/robot/robot.egg-info/SOURCES.txt'
[14.742s] writing manifest file '../../build/robot/robot.egg-info/SOURCES.txt'
[14.743s] running build
[14.744s] running build_py
[14.745s] copying robot/track.py -> /home/sdp2024/6dof_arm/build/robot/build/lib/robot
[14.747s] copying robot/test3.py -> /home/sdp2024/6dof_arm/build/robot/build/lib/robot
[14.755s] copying robot/crop_coordinates.py -> /home/sdp2024/6dof_arm/build/robot/build/lib/robot
[14.756s] copying robot/test2.py -> /home/sdp2024/6dof_arm/build/robot/build/lib/robot
[14.759s] copying robot/gui2.py -> /home/sdp2024/6dof_arm/build/robot/build/lib/robot
[14.763s] copying robot/sub_n.py -> /home/sdp2024/6dof_arm/build/robot/build/lib/robot
[14.766s] copying robot/gui.py -> /home/sdp2024/6dof_arm/build/robot/build/lib/robot
[14.771s] copying robot/test1.py -> /home/sdp2024/6dof_arm/build/robot/build/lib/robot
[14.774s] copying robot/detect.py -> /home/sdp2024/6dof_arm/build/robot/build/lib/robot
[14.776s] copying robot/ik.py -> /home/sdp2024/6dof_arm/build/robot/build/lib/robot
[14.785s] running install
[14.789s] /home/sdp2024/.local/lib/python3.10/site-packages/setuptools/_distutils/cmd.py:66: SetuptoolsDeprecationWarning: setup.py install is deprecated.
[14.790s] !!
[14.791s] 
[14.792s]         ********************************************************************************
[14.792s]         Please avoid running ``setup.py`` directly.
[14.793s]         Instead, use pypa/build, pypa/installer or other
[14.793s]         standards-based tools.
[14.793s] 
[14.793s]         See https://blog.ganssle.io/articles/2021/10/setup-py-deprecated.html for details.
[14.794s]         ********************************************************************************
[14.794s] 
[14.794s] !!
[14.794s]   self.initialize_options()
[14.827s] running install_lib
[15.010s] copying /home/sdp2024/6dof_arm/build/robot/build/lib/robot/track.py -> /home/sdp2024/6dof_arm/install/robot/lib/python3.10/site-packages/robot
[15.013s] copying /home/sdp2024/6dof_arm/build/robot/build/lib/robot/test3.py -> /home/sdp2024/6dof_arm/install/robot/lib/python3.10/site-packages/robot
[15.017s] copying /home/sdp2024/6dof_arm/build/robot/build/lib/robot/crop_coordinates.py -> /home/sdp2024/6dof_arm/install/robot/lib/python3.10/site-packages/robot
[15.018s] copying /home/sdp2024/6dof_arm/build/robot/build/lib/robot/test2.py -> /home/sdp2024/6dof_arm/install/robot/lib/python3.10/site-packages/robot
[15.021s] copying /home/sdp2024/6dof_arm/build/robot/build/lib/robot/gui2.py -> /home/sdp2024/6dof_arm/install/robot/lib/python3.10/site-packages/robot
[15.026s] copying /home/sdp2024/6dof_arm/build/robot/build/lib/robot/sub_n.py -> /home/sdp2024/6dof_arm/install/robot/lib/python3.10/site-packages/robot
[15.028s] copying /home/sdp2024/6dof_arm/build/robot/build/lib/robot/gui.py -> /home/sdp2024/6dof_arm/install/robot/lib/python3.10/site-packages/robot
[15.030s] copying /home/sdp2024/6dof_arm/build/robot/build/lib/robot/test1.py -> /home/sdp2024/6dof_arm/install/robot/lib/python3.10/site-packages/robot
[15.037s] copying /home/sdp2024/6dof_arm/build/robot/build/lib/robot/detect.py -> /home/sdp2024/6dof_arm/install/robot/lib/python3.10/site-packages/robot
[15.037s] copying /home/sdp2024/6dof_arm/build/robot/build/lib/robot/ik.py -> /home/sdp2024/6dof_arm/install/robot/lib/python3.10/site-packages/robot
[15.040s] byte-compiling /home/sdp2024/6dof_arm/install/robot/lib/python3.10/site-packages/robot/track.py to track.cpython-310.pyc
[15.047s] byte-compiling /home/sdp2024/6dof_arm/install/robot/lib/python3.10/site-packages/robot/test3.py to test3.cpython-310.pyc
[15.062s] byte-compiling /home/sdp2024/6dof_arm/install/robot/lib/python3.10/site-packages/robot/crop_coordinates.py to crop_coordinates.cpython-310.pyc
[15.066s] byte-compiling /home/sdp2024/6dof_arm/install/robot/lib/python3.10/site-packages/robot/test2.py to test2.cpython-310.pyc
[15.073s] byte-compiling /home/sdp2024/6dof_arm/install/robot/lib/python3.10/site-packages/robot/gui2.py to gui2.cpython-310.pyc
[15.084s] byte-compiling /home/sdp2024/6dof_arm/install/robot/lib/python3.10/site-packages/robot/sub_n.py to sub_n.cpython-310.pyc
[15.105s] byte-compiling /home/sdp2024/6dof_arm/install/robot/lib/python3.10/site-packages/robot/gui.py to gui.cpython-310.pyc
[15.116s] byte-compiling /home/sdp2024/6dof_arm/install/robot/lib/python3.10/site-packages/robot/test1.py to test1.cpython-310.pyc
[15.121s] byte-compiling /home/sdp2024/6dof_arm/install/robot/lib/python3.10/site-packages/robot/detect.py to detect.cpython-310.pyc
[15.128s] byte-compiling /home/sdp2024/6dof_arm/install/robot/lib/python3.10/site-packages/robot/ik.py to ik.cpython-310.pyc
[15.134s] running install_data
[15.329s] running install_egg_info
[15.545s] removing '/home/sdp2024/6dof_arm/install/robot/lib/python3.10/site-packages/robot-0.0.0-py3.10.egg-info' (and everything under it)
[15.549s] Copying ../../build/robot/robot.egg-info to /home/sdp2024/6dof_arm/install/robot/lib/python3.10/site-packages/robot-0.0.0-py3.10.egg-info
[15.557s] running install_scripts
[17.215s] Installing gui script to /home/sdp2024/6dof_arm/install/robot/lib/robot
[17.217s] Installing ikine script to /home/sdp2024/6dof_arm/install/robot/lib/robot
[17.218s] Installing pub script to /home/sdp2024/6dof_arm/install/robot/lib/robot
[17.220s] Installing sub_n script to /home/sdp2024/6dof_arm/install/robot/lib/robot
[17.225s] writing list of installed files to '/home/sdp2024/6dof_arm/build/robot/install.log'
[17.531s] Invoked command in '/home/sdp2024/6dof_arm/src/robot' returned '0': PYTHONPATH=/home/sdp2024/6dof_arm/build/robot/prefix_override:/home/sdp2024/6dof_arm/install/robot/lib/python3.10/site-packages:${PYTHONPATH} /usr/bin/python3 setup.py egg_info --egg-base ../../build/robot build --build-base /home/sdp2024/6dof_arm/build/robot/build install --record /home/sdp2024/6dof_arm/build/robot/install.log --single-version-externally-managed
