[8.590s] Invoking command in '/home/sdp2024/6dof_arm/src/robot': PYTHONPATH=/home/sdp2024/6dof_arm/build/robot/prefix_override:/home/sdp2024/6dof_arm/install/robot/lib/python3.10/site-packages:${PYTHONPATH} /usr/bin/python3 setup.py egg_info --egg-base ../../build/robot build --build-base /home/sdp2024/6dof_arm/build/robot/build install --record /home/sdp2024/6dof_arm/build/robot/install.log --single-version-externally-managed
[10.374s] running egg_info
[10.377s] writing ../../build/robot/robot.egg-info/PKG-INFO
[10.379s] writing dependency_links to ../../build/robot/robot.egg-info/dependency_links.txt
[10.382s] writing entry points to ../../build/robot/robot.egg-info/entry_points.txt
[10.383s] writing requirements to ../../build/robot/robot.egg-info/requires.txt
[10.384s] writing top-level names to ../../build/robot/robot.egg-info/top_level.txt
[10.403s] reading manifest file '../../build/robot/robot.egg-info/SOURCES.txt'
[10.410s] writing manifest file '../../build/robot/robot.egg-info/SOURCES.txt'
[10.411s] running build
[10.412s] running build_py
[10.419s] copying robot/pub.py -> /home/sdp2024/6dof_arm/build/robot/build/lib/robot
[10.421s] copying robot/ikine.py -> /home/sdp2024/6dof_arm/build/robot/build/lib/robot
[10.425s] running install
[10.428s] running install_lib
[10.439s] copying /home/sdp2024/6dof_arm/build/robot/build/lib/robot/pub.py -> /home/sdp2024/6dof_arm/install/robot/lib/python3.10/site-packages/robot
[10.441s] copying /home/sdp2024/6dof_arm/build/robot/build/lib/robot/ikine.py -> /home/sdp2024/6dof_arm/install/robot/lib/python3.10/site-packages/robot
[10.450s] byte-compiling /home/sdp2024/6dof_arm/install/robot/lib/python3.10/site-packages/robot/pub.py to pub.cpython-310.pyc
[10.459s] byte-compiling /home/sdp2024/6dof_arm/install/robot/lib/python3.10/site-packages/robot/ikine.py to ikine.cpython-310.pyc
[10.476s] running install_data
[10.477s] running install_egg_info
[10.489s] removing '/home/sdp2024/6dof_arm/install/robot/lib/python3.10/site-packages/robot-0.0.0-py3.10.egg-info' (and everything under it)
[10.491s] Copying ../../build/robot/robot.egg-info to /home/sdp2024/6dof_arm/install/robot/lib/python3.10/site-packages/robot-0.0.0-py3.10.egg-info
[10.498s] running install_scripts
[10.602s] Installing gui script to /home/sdp2024/6dof_arm/install/robot/lib/robot
[10.605s] Installing ikine script to /home/sdp2024/6dof_arm/install/robot/lib/robot
[10.607s] Installing pub script to /home/sdp2024/6dof_arm/install/robot/lib/robot
[10.609s] Installing sub_n script to /home/sdp2024/6dof_arm/install/robot/lib/robot
[10.612s] writing list of installed files to '/home/sdp2024/6dof_arm/build/robot/install.log'
[10.844s] Invoked command in '/home/sdp2024/6dof_arm/src/robot' returned '0': PYTHONPATH=/home/sdp2024/6dof_arm/build/robot/prefix_override:/home/sdp2024/6dof_arm/install/robot/lib/python3.10/site-packages:${PYTHONPATH} /usr/bin/python3 setup.py egg_info --egg-base ../../build/robot build --build-base /home/sdp2024/6dof_arm/build/robot/build install --record /home/sdp2024/6dof_arm/build/robot/install.log --single-version-externally-managed
