[0.810s] Invoking command in '/home/sdp2024/6dof_arm/build/custom_messages': CMAKE_PREFIX_PATH=${CMAKE_PREFIX_PATH}:/home/sdp2024/6dof_arm/install/robot:/opt/ros/humble /usr/bin/cmake /home/sdp2024/6dof_arm/src/custom_messages -DCMAKE_INSTALL_PREFIX=/home/sdp2024/6dof_arm/install/custom_messages
[1.454s] -- The C compiler identification is GNU 11.4.0
[2.202s] -- The CXX compiler identification is GNU 11.4.0
[2.242s] -- Detecting C compiler ABI info
[2.667s] -- Detecting C compiler ABI info - done
[2.689s] -- Check for working C compiler: /usr/bin/cc - skipped
[2.691s] -- Detecting C compile features
[2.694s] -- Detecting C compile features - done
[2.712s] -- Detecting CXX compiler ABI info
[3.134s] -- Detecting CXX compiler ABI info - done
[3.162s] -- Check for working CXX compiler: /usr/bin/c++ - skipped
[3.163s] -- Detecting CXX compile features
[3.165s] -- Detecting CXX compile features - done
[3.204s] -- Found ament_cmake: 1.3.5 (/opt/ros/humble/share/ament_cmake/cmake)
[4.255s] -- Found Python3: /usr/bin/python3.10 (found version "3.10.12") found components: Interpreter 
[4.950s] -- Found ament_lint_auto: 0.12.8 (/opt/ros/humble/share/ament_lint_auto/cmake)
[5.560s] -- Found geometry_msgs: 4.2.3 (/opt/ros/humble/share/geometry_msgs/cmake)
[5.920s] -- Found rosidl_generator_c: 3.1.5 (/opt/ros/humble/share/rosidl_generator_c/cmake)
[5.970s] -- Found rosidl_adapter: 3.1.5 (/opt/ros/humble/share/rosidl_adapter/cmake)
[6.037s] -- Found rosidl_generator_cpp: 3.1.5 (/opt/ros/humble/share/rosidl_generator_cpp/cmake)
[6.126s] -- Using all available rosidl_typesupport_c: rosidl_typesupport_fastrtps_c;rosidl_typesupport_introspection_c
[6.259s] -- Using all available rosidl_typesupport_cpp: rosidl_typesupport_fastrtps_cpp;rosidl_typesupport_introspection_cpp
[6.829s] -- Found rosidl_default_generators: 1.2.0 (/opt/ros/humble/share/rosidl_default_generators/cmake)
[8.001s] -- Found ament_cmake_ros: 0.10.0 (/opt/ros/humble/share/ament_cmake_ros/cmake)
[9.609s] -- Using all available rosidl_typesupport_c: rosidl_typesupport_fastrtps_c;rosidl_typesupport_introspection_c
[10.212s] -- Using all available rosidl_typesupport_cpp: rosidl_typesupport_fastrtps_cpp;rosidl_typesupport_introspection_cpp
[10.331s] -- Found PythonInterp: /usr/bin/python3 (found suitable version "3.10.12", minimum required is "3.6") 
[10.354s] -- Found python_cmake_module: 0.10.0 (/opt/ros/humble/share/python_cmake_module/cmake)
[10.492s] -- Found PythonLibs: /usr/lib/aarch64-linux-gnu/libpython3.10.so (found suitable version "3.10.12", minimum required is "3.5") 
[10.493s] -- Using PYTHON_EXECUTABLE: /usr/bin/python3
[10.493s] -- Using PYTHON_INCLUDE_DIRS: /usr/include/python3.10
[10.494s] -- Using PYTHON_LIBRARIES: /usr/lib/aarch64-linux-gnu/libpython3.10.so
[10.608s] -- Found PythonExtra: .so  
[10.796s] -- Added test 'lint_cmake' to check CMake code style
[10.806s] -- Added test 'xmllint' to check XML markup files
[10.859s] -- Configuring done
[11.034s] -- Generating done
[11.049s] -- Build files have been written to: /home/sdp2024/6dof_arm/build/custom_messages
[11.100s] Invoked command in '/home/sdp2024/6dof_arm/build/custom_messages' returned '0': CMAKE_PREFIX_PATH=${CMAKE_PREFIX_PATH}:/home/sdp2024/6dof_arm/install/robot:/opt/ros/humble /usr/bin/cmake /home/sdp2024/6dof_arm/src/custom_messages -DCMAKE_INSTALL_PREFIX=/home/sdp2024/6dof_arm/install/custom_messages
[11.109s] Invoking command in '/home/sdp2024/6dof_arm/build/custom_messages': CMAKE_PREFIX_PATH=${CMAKE_PREFIX_PATH}:/home/sdp2024/6dof_arm/install/robot:/opt/ros/humble /usr/bin/cmake --build /home/sdp2024/6dof_arm/build/custom_messages -- -j4 -l4
[11.300s] [  2%] [34m[1mGenerating C code for ROS interfaces[0m
[11.349s] [  5%] [34m[1mGenerating C++ code for ROS interfaces[0m
[11.384s] [  5%] Built target ament_cmake_python_copy_custom_messages
[13.391s] running egg_info
[13.397s] creating custom_messages.egg-info
[13.400s] writing custom_messages.egg-info/PKG-INFO
[13.403s] writing dependency_links to custom_messages.egg-info/dependency_links.txt
[13.406s] writing top-level names to custom_messages.egg-info/top_level.txt
[13.410s] writing manifest file 'custom_messages.egg-info/SOURCES.txt'
[13.424s] reading manifest file 'custom_messages.egg-info/SOURCES.txt'
[13.428s] writing manifest file 'custom_messages.egg-info/SOURCES.txt'
[13.465s] [  5%] Built target custom_messages__cpp
[13.485s] [  7%] [32mBuilding C object CMakeFiles/custom_messages__rosidl_generator_c.dir/rosidl_generator_c/custom_messages/msg/detail/posvel__functions.c.o[0m
[13.490s] [ 10%] [32mBuilding C object CMakeFiles/custom_messages__rosidl_generator_c.dir/rosidl_generator_c/custom_messages/srv/detail/add_three_ints__functions.c.o[0m
[13.571s] [ 12%] [34m[1mGenerating C++ type support dispatch for ROS interfaces[0m
[13.638s] [ 12%] Built target ament_cmake_python_build_custom_messages_egg
[13.705s] [ 15%] [34m[1mGenerating C++ type support for eProsima Fast-RTPS[0m
[13.980s] [ 17%] [34m[1mGenerating C++ introspection for ROS interfaces[0m
[14.041s] [ 20%] [32m[1mLinking C shared library libcustom_messages__rosidl_generator_c.so[0m
[14.421s] [ 20%] Built target custom_messages__rosidl_generator_c
[14.489s] [ 23%] [34m[1mGenerating C type support for eProsima Fast-RTPS[0m
[15.522s] [ 25%] [32mBuilding CXX object CMakeFiles/custom_messages__rosidl_typesupport_cpp.dir/rosidl_typesupport_cpp/custom_messages/msg/posvel__type_support.cpp.o[0m
[15.936s] [ 28%] [32mBuilding CXX object CMakeFiles/custom_messages__rosidl_typesupport_fastrtps_cpp.dir/rosidl_typesupport_fastrtps_cpp/custom_messages/msg/detail/dds_fastrtps/posvel__type_support.cpp.o[0m
[16.091s] [ 30%] [32mBuilding CXX object CMakeFiles/custom_messages__rosidl_typesupport_introspection_cpp.dir/rosidl_typesupport_introspection_cpp/custom_messages/msg/detail/posvel__type_support.cpp.o[0m
[16.799s] [ 33%] [32mBuilding CXX object CMakeFiles/custom_messages__rosidl_typesupport_fastrtps_c.dir/rosidl_typesupport_fastrtps_c/custom_messages/msg/detail/posvel__type_support_c.cpp.o[0m
[18.180s] [ 35%] [32mBuilding CXX object CMakeFiles/custom_messages__rosidl_typesupport_cpp.dir/rosidl_typesupport_cpp/custom_messages/srv/add_three_ints__type_support.cpp.o[0m
[18.926s] [ 38%] [32mBuilding CXX object CMakeFiles/custom_messages__rosidl_typesupport_introspection_cpp.dir/rosidl_typesupport_introspection_cpp/custom_messages/srv/detail/add_three_ints__type_support.cpp.o[0m
[19.057s] [ 41%] [32mBuilding CXX object CMakeFiles/custom_messages__rosidl_typesupport_fastrtps_cpp.dir/rosidl_typesupport_fastrtps_cpp/custom_messages/srv/detail/dds_fastrtps/add_three_ints__type_support.cpp.o[0m
[19.857s] [ 43%] [32mBuilding CXX object CMakeFiles/custom_messages__rosidl_typesupport_fastrtps_c.dir/rosidl_typesupport_fastrtps_c/custom_messages/srv/detail/add_three_ints__type_support_c.cpp.o[0m
[20.221s] [ 46%] [32m[1mLinking CXX shared library libcustom_messages__rosidl_typesupport_cpp.so[0m
[20.538s] [ 46%] Built target custom_messages__rosidl_typesupport_cpp
[20.604s] [ 48%] [34m[1mGenerating C introspection for ROS interfaces[0m
[22.306s] [ 51%] [32m[1mLinking CXX shared library libcustom_messages__rosidl_typesupport_introspection_cpp.so[0m
[22.425s] [ 53%] [32m[1mLinking CXX shared library libcustom_messages__rosidl_typesupport_fastrtps_cpp.so[0m
[22.574s] [ 53%] Built target custom_messages__rosidl_typesupport_introspection_cpp
[22.596s] [ 56%] [32m[1mLinking CXX shared library libcustom_messages__rosidl_typesupport_fastrtps_c.so[0m
[22.645s] [ 58%] [34m[1mGenerating C type support dispatch for ROS interfaces[0m
[22.999s] [ 58%] Built target custom_messages__rosidl_typesupport_fastrtps_cpp
[23.184s] [ 61%] [32mBuilding C object CMakeFiles/custom_messages__rosidl_typesupport_introspection_c.dir/rosidl_typesupport_introspection_c/custom_messages/msg/detail/posvel__type_support.c.o[0m
[23.190s] [ 61%] Built target custom_messages__rosidl_typesupport_fastrtps_c
[23.219s] [ 64%] [32mBuilding C object CMakeFiles/custom_messages__rosidl_typesupport_introspection_c.dir/rosidl_typesupport_introspection_c/custom_messages/srv/detail/add_three_ints__type_support.c.o[0m
[23.442s] [ 66%] [32m[1mLinking C shared library libcustom_messages__rosidl_typesupport_introspection_c.so[0m
[23.591s] [ 66%] Built target custom_messages__rosidl_typesupport_introspection_c
[24.263s] [ 71%] [32mBuilding CXX object CMakeFiles/custom_messages__rosidl_typesupport_c.dir/rosidl_typesupport_c/custom_messages/msg/posvel__type_support.cpp.o[0m
[24.264s] [ 71%] [32mBuilding CXX object CMakeFiles/custom_messages__rosidl_typesupport_c.dir/rosidl_typesupport_c/custom_messages/srv/add_three_ints__type_support.cpp.o[0m
[24.432s] [ 74%] [32m[1mLinking CXX shared library libcustom_messages__rosidl_typesupport_c.so[0m
[24.608s] [ 74%] Built target custom_messages__rosidl_typesupport_c
[24.703s] [ 74%] Built target custom_messages
[24.798s] [ 76%] [34m[1mGenerating Python code for ROS interfaces[0m
[27.014s] [ 76%] Built target custom_messages__py
[27.114s] [ 79%] [32mBuilding C object CMakeFiles/custom_messages__rosidl_generator_py.dir/rosidl_generator_py/custom_messages/msg/_posvel_s.c.o[0m
[27.115s] [ 82%] [32mBuilding C object CMakeFiles/custom_messages__rosidl_generator_py.dir/rosidl_generator_py/custom_messages/srv/_add_three_ints_s.c.o[0m
[27.797s] [ 84%] [32m[1mLinking C shared library rosidl_generator_py/custom_messages/libcustom_messages__rosidl_generator_py.so[0m
[27.998s] [ 84%] Built target custom_messages__rosidl_generator_py
[28.101s] [ 87%] [32mBuilding C object CMakeFiles/custom_messages__rosidl_typesupport_fastrtps_c__pyext.dir/rosidl_generator_py/custom_messages/_custom_messages_s.ep.rosidl_typesupport_fastrtps_c.c.o[0m
[28.107s] [ 89%] [32mBuilding C object CMakeFiles/custom_messages__rosidl_typesupport_c__pyext.dir/rosidl_generator_py/custom_messages/_custom_messages_s.ep.rosidl_typesupport_c.c.o[0m
[28.117s] [ 92%] [32mBuilding C object CMakeFiles/custom_messages__rosidl_typesupport_introspection_c__pyext.dir/rosidl_generator_py/custom_messages/_custom_messages_s.ep.rosidl_typesupport_introspection_c.c.o[0m
[28.658s] [ 94%] [32m[1mLinking C shared library rosidl_generator_py/custom_messages/custom_messages_s__rosidl_typesupport_c.cpython-310-aarch64-linux-gnu.so[0m
[28.663s] [ 97%] [32m[1mLinking C shared library rosidl_generator_py/custom_messages/custom_messages_s__rosidl_typesupport_introspection_c.cpython-310-aarch64-linux-gnu.so[0m
[28.711s] [100%] [32m[1mLinking C shared library rosidl_generator_py/custom_messages/custom_messages_s__rosidl_typesupport_fastrtps_c.cpython-310-aarch64-linux-gnu.so[0m
[28.870s] [100%] Built target custom_messages__rosidl_typesupport_c__pyext
[28.891s] [100%] Built target custom_messages__rosidl_typesupport_introspection_c__pyext
[28.930s] [100%] Built target custom_messages__rosidl_typesupport_fastrtps_c__pyext
[28.973s] Invoked command in '/home/sdp2024/6dof_arm/build/custom_messages' returned '0': CMAKE_PREFIX_PATH=${CMAKE_PREFIX_PATH}:/home/sdp2024/6dof_arm/install/robot:/opt/ros/humble /usr/bin/cmake --build /home/sdp2024/6dof_arm/build/custom_messages -- -j4 -l4
[29.512s] Invoking command in '/home/sdp2024/6dof_arm/build/custom_messages': CMAKE_PREFIX_PATH=${CMAKE_PREFIX_PATH}:/home/sdp2024/6dof_arm/install/robot:/opt/ros/humble /usr/bin/cmake --install /home/sdp2024/6dof_arm/build/custom_messages
[29.544s] -- Install configuration: ""
[29.545s] -- Installing: /home/sdp2024/6dof_arm/install/custom_messages/share/ament_index/resource_index/rosidl_interfaces/custom_messages
[29.546s] -- Installing: /home/sdp2024/6dof_arm/install/custom_messages/include/custom_messages/custom_messages
[29.547s] -- Installing: /home/sdp2024/6dof_arm/install/custom_messages/include/custom_messages/custom_messages/msg
[29.548s] -- Installing: /home/sdp2024/6dof_arm/install/custom_messages/include/custom_messages/custom_messages/msg/posvel.h
[29.549s] -- Installing: /home/sdp2024/6dof_arm/install/custom_messages/include/custom_messages/custom_messages/msg/detail
[29.549s] -- Installing: /home/sdp2024/6dof_arm/install/custom_messages/include/custom_messages/custom_messages/msg/detail/posvel__functions.h
[29.551s] -- Installing: /home/sdp2024/6dof_arm/install/custom_messages/include/custom_messages/custom_messages/msg/detail/posvel__functions.c
[29.552s] -- Installing: /home/sdp2024/6dof_arm/install/custom_messages/include/custom_messages/custom_messages/msg/detail/posvel__type_support.h
[29.553s] -- Installing: /home/sdp2024/6dof_arm/install/custom_messages/include/custom_messages/custom_messages/msg/detail/posvel__struct.h
[29.554s] -- Installing: /home/sdp2024/6dof_arm/install/custom_messages/include/custom_messages/custom_messages/msg/rosidl_generator_c__visibility_control.h
[29.555s] -- Installing: /home/sdp2024/6dof_arm/install/custom_messages/include/custom_messages/custom_messages/srv
[29.556s] -- Installing: /home/sdp2024/6dof_arm/install/custom_messages/include/custom_messages/custom_messages/srv/detail
[29.556s] -- Installing: /home/sdp2024/6dof_arm/install/custom_messages/include/custom_messages/custom_messages/srv/detail/add_three_ints__functions.c
[29.558s] -- Installing: /home/sdp2024/6dof_arm/install/custom_messages/include/custom_messages/custom_messages/srv/detail/add_three_ints__struct.h
[29.559s] -- Installing: /home/sdp2024/6dof_arm/install/custom_messages/include/custom_messages/custom_messages/srv/detail/add_three_ints__functions.h
[29.560s] -- Installing: /home/sdp2024/6dof_arm/install/custom_messages/include/custom_messages/custom_messages/srv/detail/add_three_ints__type_support.h
[29.561s] -- Installing: /home/sdp2024/6dof_arm/install/custom_messages/include/custom_messages/custom_messages/srv/add_three_ints.h
[29.562s] -- Installing: /home/sdp2024/6dof_arm/install/custom_messages/share/custom_messages/environment/library_path.sh
[29.564s] -- Installing: /home/sdp2024/6dof_arm/install/custom_messages/share/custom_messages/environment/library_path.dsv
[29.565s] -- Installing: /home/sdp2024/6dof_arm/install/custom_messages/lib/libcustom_messages__rosidl_generator_c.so
[29.568s] -- Set runtime path of "/home/sdp2024/6dof_arm/install/custom_messages/lib/libcustom_messages__rosidl_generator_c.so" to ""
[29.569s] -- Up-to-date: /home/sdp2024/6dof_arm/install/custom_messages/include/custom_messages/custom_messages
[29.569s] -- Up-to-date: /home/sdp2024/6dof_arm/install/custom_messages/include/custom_messages/custom_messages/msg
[29.569s] -- Up-to-date: /home/sdp2024/6dof_arm/install/custom_messages/include/custom_messages/custom_messages/msg/detail
[29.570s] -- Installing: /home/sdp2024/6dof_arm/install/custom_messages/include/custom_messages/custom_messages/msg/detail/posvel__rosidl_typesupport_fastrtps_c.h
[29.571s] -- Installing: /home/sdp2024/6dof_arm/install/custom_messages/include/custom_messages/custom_messages/msg/rosidl_typesupport_fastrtps_c__visibility_control.h
[29.572s] -- Up-to-date: /home/sdp2024/6dof_arm/install/custom_messages/include/custom_messages/custom_messages/srv
[29.572s] -- Up-to-date: /home/sdp2024/6dof_arm/install/custom_messages/include/custom_messages/custom_messages/srv/detail
[29.573s] -- Installing: /home/sdp2024/6dof_arm/install/custom_messages/include/custom_messages/custom_messages/srv/detail/add_three_ints__rosidl_typesupport_fastrtps_c.h
[29.574s] -- Installing: /home/sdp2024/6dof_arm/install/custom_messages/lib/libcustom_messages__rosidl_typesupport_fastrtps_c.so
[29.577s] -- Set runtime path of "/home/sdp2024/6dof_arm/install/custom_messages/lib/libcustom_messages__rosidl_typesupport_fastrtps_c.so" to ""
[29.577s] -- Up-to-date: /home/sdp2024/6dof_arm/install/custom_messages/include/custom_messages/custom_messages
[29.578s] -- Up-to-date: /home/sdp2024/6dof_arm/install/custom_messages/include/custom_messages/custom_messages/msg
[29.578s] -- Installing: /home/sdp2024/6dof_arm/install/custom_messages/include/custom_messages/custom_messages/msg/posvel.hpp
[29.579s] -- Up-to-date: /home/sdp2024/6dof_arm/install/custom_messages/include/custom_messages/custom_messages/msg/detail
[29.579s] -- Installing: /home/sdp2024/6dof_arm/install/custom_messages/include/custom_messages/custom_messages/msg/detail/posvel__builder.hpp
[29.580s] -- Installing: /home/sdp2024/6dof_arm/install/custom_messages/include/custom_messages/custom_messages/msg/detail/posvel__traits.hpp
[29.582s] -- Installing: /home/sdp2024/6dof_arm/install/custom_messages/include/custom_messages/custom_messages/msg/detail/posvel__struct.hpp
[29.583s] -- Up-to-date: /home/sdp2024/6dof_arm/install/custom_messages/include/custom_messages/custom_messages/srv
[29.584s] -- Installing: /home/sdp2024/6dof_arm/install/custom_messages/include/custom_messages/custom_messages/srv/add_three_ints.hpp
[29.584s] -- Up-to-date: /home/sdp2024/6dof_arm/install/custom_messages/include/custom_messages/custom_messages/srv/detail
[29.585s] -- Installing: /home/sdp2024/6dof_arm/install/custom_messages/include/custom_messages/custom_messages/srv/detail/add_three_ints__struct.hpp
[29.586s] -- Installing: /home/sdp2024/6dof_arm/install/custom_messages/include/custom_messages/custom_messages/srv/detail/add_three_ints__builder.hpp
[29.589s] -- Installing: /home/sdp2024/6dof_arm/install/custom_messages/include/custom_messages/custom_messages/srv/detail/add_three_ints__traits.hpp
[29.590s] -- Up-to-date: /home/sdp2024/6dof_arm/install/custom_messages/include/custom_messages/custom_messages
[29.590s] -- Up-to-date: /home/sdp2024/6dof_arm/install/custom_messages/include/custom_messages/custom_messages/msg
[29.591s] -- Up-to-date: /home/sdp2024/6dof_arm/install/custom_messages/include/custom_messages/custom_messages/msg/detail
[29.591s] -- Installing: /home/sdp2024/6dof_arm/install/custom_messages/include/custom_messages/custom_messages/msg/detail/dds_fastrtps
[29.592s] -- Installing: /home/sdp2024/6dof_arm/install/custom_messages/include/custom_messages/custom_messages/msg/detail/posvel__rosidl_typesupport_fastrtps_cpp.hpp
[29.593s] -- Installing: /home/sdp2024/6dof_arm/install/custom_messages/include/custom_messages/custom_messages/msg/rosidl_typesupport_fastrtps_cpp__visibility_control.h
[29.595s] -- Up-to-date: /home/sdp2024/6dof_arm/install/custom_messages/include/custom_messages/custom_messages/srv
[29.595s] -- Up-to-date: /home/sdp2024/6dof_arm/install/custom_messages/include/custom_messages/custom_messages/srv/detail
[29.596s] -- Installing: /home/sdp2024/6dof_arm/install/custom_messages/include/custom_messages/custom_messages/srv/detail/dds_fastrtps
[29.596s] -- Installing: /home/sdp2024/6dof_arm/install/custom_messages/include/custom_messages/custom_messages/srv/detail/add_three_ints__rosidl_typesupport_fastrtps_cpp.hpp
[29.598s] -- Installing: /home/sdp2024/6dof_arm/install/custom_messages/lib/libcustom_messages__rosidl_typesupport_fastrtps_cpp.so
[29.601s] -- Set runtime path of "/home/sdp2024/6dof_arm/install/custom_messages/lib/libcustom_messages__rosidl_typesupport_fastrtps_cpp.so" to ""
[29.601s] -- Up-to-date: /home/sdp2024/6dof_arm/install/custom_messages/include/custom_messages/custom_messages
[29.602s] -- Up-to-date: /home/sdp2024/6dof_arm/install/custom_messages/include/custom_messages/custom_messages/msg
[29.602s] -- Installing: /home/sdp2024/6dof_arm/install/custom_messages/include/custom_messages/custom_messages/msg/rosidl_typesupport_introspection_c__visibility_control.h
[29.603s] -- Up-to-date: /home/sdp2024/6dof_arm/install/custom_messages/include/custom_messages/custom_messages/msg/detail
[29.603s] -- Installing: /home/sdp2024/6dof_arm/install/custom_messages/include/custom_messages/custom_messages/msg/detail/posvel__type_support.c
[29.605s] -- Installing: /home/sdp2024/6dof_arm/install/custom_messages/include/custom_messages/custom_messages/msg/detail/posvel__rosidl_typesupport_introspection_c.h
[29.606s] -- Up-to-date: /home/sdp2024/6dof_arm/install/custom_messages/include/custom_messages/custom_messages/srv
[29.606s] -- Up-to-date: /home/sdp2024/6dof_arm/install/custom_messages/include/custom_messages/custom_messages/srv/detail
[29.607s] -- Installing: /home/sdp2024/6dof_arm/install/custom_messages/include/custom_messages/custom_messages/srv/detail/add_three_ints__type_support.c
[29.608s] -- Installing: /home/sdp2024/6dof_arm/install/custom_messages/include/custom_messages/custom_messages/srv/detail/add_three_ints__rosidl_typesupport_introspection_c.h
[29.610s] -- Installing: /home/sdp2024/6dof_arm/install/custom_messages/lib/libcustom_messages__rosidl_typesupport_introspection_c.so
[29.615s] -- Set runtime path of "/home/sdp2024/6dof_arm/install/custom_messages/lib/libcustom_messages__rosidl_typesupport_introspection_c.so" to ""
[29.617s] -- Installing: /home/sdp2024/6dof_arm/install/custom_messages/lib/libcustom_messages__rosidl_typesupport_c.so
[29.620s] -- Set runtime path of "/home/sdp2024/6dof_arm/install/custom_messages/lib/libcustom_messages__rosidl_typesupport_c.so" to ""
[29.620s] -- Up-to-date: /home/sdp2024/6dof_arm/install/custom_messages/include/custom_messages/custom_messages
[29.621s] -- Up-to-date: /home/sdp2024/6dof_arm/install/custom_messages/include/custom_messages/custom_messages/msg
[29.621s] -- Up-to-date: /home/sdp2024/6dof_arm/install/custom_messages/include/custom_messages/custom_messages/msg/detail
[29.621s] -- Installing: /home/sdp2024/6dof_arm/install/custom_messages/include/custom_messages/custom_messages/msg/detail/posvel__rosidl_typesupport_introspection_cpp.hpp
[29.622s] -- Installing: /home/sdp2024/6dof_arm/install/custom_messages/include/custom_messages/custom_messages/msg/detail/posvel__type_support.cpp
[29.624s] -- Up-to-date: /home/sdp2024/6dof_arm/install/custom_messages/include/custom_messages/custom_messages/srv
[29.624s] -- Up-to-date: /home/sdp2024/6dof_arm/install/custom_messages/include/custom_messages/custom_messages/srv/detail
[29.624s] -- Installing: /home/sdp2024/6dof_arm/install/custom_messages/include/custom_messages/custom_messages/srv/detail/add_three_ints__type_support.cpp
[29.626s] -- Installing: /home/sdp2024/6dof_arm/install/custom_messages/include/custom_messages/custom_messages/srv/detail/add_three_ints__rosidl_typesupport_introspection_cpp.hpp
[29.627s] -- Installing: /home/sdp2024/6dof_arm/install/custom_messages/lib/libcustom_messages__rosidl_typesupport_introspection_cpp.so
[29.630s] -- Set runtime path of "/home/sdp2024/6dof_arm/install/custom_messages/lib/libcustom_messages__rosidl_typesupport_introspection_cpp.so" to ""
[29.630s] -- Installing: /home/sdp2024/6dof_arm/install/custom_messages/lib/libcustom_messages__rosidl_typesupport_cpp.so
[29.633s] -- Set runtime path of "/home/sdp2024/6dof_arm/install/custom_messages/lib/libcustom_messages__rosidl_typesupport_cpp.so" to ""
[29.633s] -- Installing: /home/sdp2024/6dof_arm/install/custom_messages/share/custom_messages/environment/pythonpath.sh
[29.634s] -- Installing: /home/sdp2024/6dof_arm/install/custom_messages/share/custom_messages/environment/pythonpath.dsv
[29.635s] -- Installing: /home/sdp2024/6dof_arm/install/custom_messages/local/lib/python3.10/dist-packages/custom_messages-0.0.0-py3.10.egg-info
[29.636s] -- Installing: /home/sdp2024/6dof_arm/install/custom_messages/local/lib/python3.10/dist-packages/custom_messages-0.0.0-py3.10.egg-info/dependency_links.txt
[29.637s] -- Installing: /home/sdp2024/6dof_arm/install/custom_messages/local/lib/python3.10/dist-packages/custom_messages-0.0.0-py3.10.egg-info/SOURCES.txt
[29.638s] -- Installing: /home/sdp2024/6dof_arm/install/custom_messages/local/lib/python3.10/dist-packages/custom_messages-0.0.0-py3.10.egg-info/top_level.txt
[29.640s] -- Installing: /home/sdp2024/6dof_arm/install/custom_messages/local/lib/python3.10/dist-packages/custom_messages-0.0.0-py3.10.egg-info/PKG-INFO
[29.641s] -- Installing: /home/sdp2024/6dof_arm/install/custom_messages/local/lib/python3.10/dist-packages/custom_messages
[29.642s] -- Installing: /home/sdp2024/6dof_arm/install/custom_messages/local/lib/python3.10/dist-packages/custom_messages/custom_messages_s__rosidl_typesupport_introspection_c.cpython-310-aarch64-linux-gnu.so
[29.643s] -- Installing: /home/sdp2024/6dof_arm/install/custom_messages/local/lib/python3.10/dist-packages/custom_messages/msg
[29.644s] -- Installing: /home/sdp2024/6dof_arm/install/custom_messages/local/lib/python3.10/dist-packages/custom_messages/msg/_posvel_s.c
[29.645s] -- Installing: /home/sdp2024/6dof_arm/install/custom_messages/local/lib/python3.10/dist-packages/custom_messages/msg/_posvel.py
[29.646s] -- Installing: /home/sdp2024/6dof_arm/install/custom_messages/local/lib/python3.10/dist-packages/custom_messages/msg/__init__.py
[29.647s] -- Installing: /home/sdp2024/6dof_arm/install/custom_messages/local/lib/python3.10/dist-packages/custom_messages/srv
[29.648s] -- Installing: /home/sdp2024/6dof_arm/install/custom_messages/local/lib/python3.10/dist-packages/custom_messages/srv/_add_three_ints.py
[29.649s] -- Installing: /home/sdp2024/6dof_arm/install/custom_messages/local/lib/python3.10/dist-packages/custom_messages/srv/__init__.py
[29.650s] -- Installing: /home/sdp2024/6dof_arm/install/custom_messages/local/lib/python3.10/dist-packages/custom_messages/srv/_add_three_ints_s.c
[29.651s] -- Installing: /home/sdp2024/6dof_arm/install/custom_messages/local/lib/python3.10/dist-packages/custom_messages/custom_messages_s__rosidl_typesupport_fastrtps_c.cpython-310-aarch64-linux-gnu.so
[29.653s] -- Installing: /home/sdp2024/6dof_arm/install/custom_messages/local/lib/python3.10/dist-packages/custom_messages/_custom_messages_s.ep.rosidl_typesupport_fastrtps_c.c
[29.654s] -- Installing: /home/sdp2024/6dof_arm/install/custom_messages/local/lib/python3.10/dist-packages/custom_messages/__init__.py
[29.655s] -- Installing: /home/sdp2024/6dof_arm/install/custom_messages/local/lib/python3.10/dist-packages/custom_messages/_custom_messages_s.ep.rosidl_typesupport_c.c
[29.657s] -- Installing: /home/sdp2024/6dof_arm/install/custom_messages/local/lib/python3.10/dist-packages/custom_messages/custom_messages_s__rosidl_typesupport_c.cpython-310-aarch64-linux-gnu.so
[29.658s] -- Installing: /home/sdp2024/6dof_arm/install/custom_messages/local/lib/python3.10/dist-packages/custom_messages/_custom_messages_s.ep.rosidl_typesupport_introspection_c.c
[29.659s] -- Installing: /home/sdp2024/6dof_arm/install/custom_messages/local/lib/python3.10/dist-packages/custom_messages/libcustom_messages__rosidl_generator_py.so
[29.841s] Listing '/home/sdp2024/6dof_arm/install/custom_messages/local/lib/python3.10/dist-packages/custom_messages'...
[29.842s] Compiling '/home/sdp2024/6dof_arm/install/custom_messages/local/lib/python3.10/dist-packages/custom_messages/__init__.py'...
[29.843s] Listing '/home/sdp2024/6dof_arm/install/custom_messages/local/lib/python3.10/dist-packages/custom_messages/msg'...
[29.844s] Compiling '/home/sdp2024/6dof_arm/install/custom_messages/local/lib/python3.10/dist-packages/custom_messages/msg/__init__.py'...
[29.845s] Compiling '/home/sdp2024/6dof_arm/install/custom_messages/local/lib/python3.10/dist-packages/custom_messages/msg/_posvel.py'...
[29.846s] Listing '/home/sdp2024/6dof_arm/install/custom_messages/local/lib/python3.10/dist-packages/custom_messages/srv'...
[29.847s] Compiling '/home/sdp2024/6dof_arm/install/custom_messages/local/lib/python3.10/dist-packages/custom_messages/srv/__init__.py'...
[29.848s] Compiling '/home/sdp2024/6dof_arm/install/custom_messages/local/lib/python3.10/dist-packages/custom_messages/srv/_add_three_ints.py'...
[29.867s] -- Installing: /home/sdp2024/6dof_arm/install/custom_messages/local/lib/python3.10/dist-packages/custom_messages/custom_messages_s__rosidl_typesupport_fastrtps_c.cpython-310-aarch64-linux-gnu.so
[29.870s] -- Set runtime path of "/home/sdp2024/6dof_arm/install/custom_messages/local/lib/python3.10/dist-packages/custom_messages/custom_messages_s__rosidl_typesupport_fastrtps_c.cpython-310-aarch64-linux-gnu.so" to ""
[29.872s] -- Installing: /home/sdp2024/6dof_arm/install/custom_messages/local/lib/python3.10/dist-packages/custom_messages/custom_messages_s__rosidl_typesupport_introspection_c.cpython-310-aarch64-linux-gnu.so
[29.875s] -- Set runtime path of "/home/sdp2024/6dof_arm/install/custom_messages/local/lib/python3.10/dist-packages/custom_messages/custom_messages_s__rosidl_typesupport_introspection_c.cpython-310-aarch64-linux-gnu.so" to ""
[29.876s] -- Installing: /home/sdp2024/6dof_arm/install/custom_messages/local/lib/python3.10/dist-packages/custom_messages/custom_messages_s__rosidl_typesupport_c.cpython-310-aarch64-linux-gnu.so
[29.879s] -- Set runtime path of "/home/sdp2024/6dof_arm/install/custom_messages/local/lib/python3.10/dist-packages/custom_messages/custom_messages_s__rosidl_typesupport_c.cpython-310-aarch64-linux-gnu.so" to ""
[29.879s] -- Installing: /home/sdp2024/6dof_arm/install/custom_messages/lib/libcustom_messages__rosidl_generator_py.so
[29.882s] -- Set runtime path of "/home/sdp2024/6dof_arm/install/custom_messages/lib/libcustom_messages__rosidl_generator_py.so" to ""
[29.882s] -- Installing: /home/sdp2024/6dof_arm/install/custom_messages/share/custom_messages/msg/Posvel.idl
[29.884s] -- Installing: /home/sdp2024/6dof_arm/install/custom_messages/share/custom_messages/srv/AddThreeInts.idl
[29.885s] -- Installing: /home/sdp2024/6dof_arm/install/custom_messages/share/custom_messages/msg/Posvel.msg
[29.887s] -- Installing: /home/sdp2024/6dof_arm/install/custom_messages/share/custom_messages/srv/AddThreeInts.srv
[29.888s] -- Installing: /home/sdp2024/6dof_arm/install/custom_messages/share/custom_messages/srv/AddThreeInts_Request.msg
[29.890s] -- Installing: /home/sdp2024/6dof_arm/install/custom_messages/share/custom_messages/srv/AddThreeInts_Response.msg
[29.892s] -- Installing: /home/sdp2024/6dof_arm/install/custom_messages/share/ament_index/resource_index/package_run_dependencies/custom_messages
[29.894s] -- Installing: /home/sdp2024/6dof_arm/install/custom_messages/share/ament_index/resource_index/parent_prefix_path/custom_messages
[29.895s] -- Installing: /home/sdp2024/6dof_arm/install/custom_messages/share/custom_messages/environment/ament_prefix_path.sh
[29.897s] -- Installing: /home/sdp2024/6dof_arm/install/custom_messages/share/custom_messages/environment/ament_prefix_path.dsv
[29.898s] -- Installing: /home/sdp2024/6dof_arm/install/custom_messages/share/custom_messages/environment/path.sh
[29.899s] -- Installing: /home/sdp2024/6dof_arm/install/custom_messages/share/custom_messages/environment/path.dsv
[29.900s] -- Installing: /home/sdp2024/6dof_arm/install/custom_messages/share/custom_messages/local_setup.bash
[29.902s] -- Installing: /home/sdp2024/6dof_arm/install/custom_messages/share/custom_messages/local_setup.sh
[29.903s] -- Installing: /home/sdp2024/6dof_arm/install/custom_messages/share/custom_messages/local_setup.zsh
[29.904s] -- Installing: /home/sdp2024/6dof_arm/install/custom_messages/share/custom_messages/local_setup.dsv
[29.905s] -- Installing: /home/sdp2024/6dof_arm/install/custom_messages/share/custom_messages/package.dsv
[29.907s] -- Installing: /home/sdp2024/6dof_arm/install/custom_messages/share/ament_index/resource_index/packages/custom_messages
[29.909s] -- Installing: /home/sdp2024/6dof_arm/install/custom_messages/share/custom_messages/cmake/export_custom_messages__rosidl_generator_cExport.cmake
[29.910s] -- Installing: /home/sdp2024/6dof_arm/install/custom_messages/share/custom_messages/cmake/export_custom_messages__rosidl_generator_cExport-noconfig.cmake
[29.912s] -- Installing: /home/sdp2024/6dof_arm/install/custom_messages/share/custom_messages/cmake/export_custom_messages__rosidl_typesupport_fastrtps_cExport.cmake
[29.915s] -- Installing: /home/sdp2024/6dof_arm/install/custom_messages/share/custom_messages/cmake/export_custom_messages__rosidl_typesupport_fastrtps_cExport-noconfig.cmake
[29.918s] -- Installing: /home/sdp2024/6dof_arm/install/custom_messages/share/custom_messages/cmake/export_custom_messages__rosidl_generator_cppExport.cmake
[29.920s] -- Installing: /home/sdp2024/6dof_arm/install/custom_messages/share/custom_messages/cmake/export_custom_messages__rosidl_typesupport_fastrtps_cppExport.cmake
[29.922s] -- Installing: /home/sdp2024/6dof_arm/install/custom_messages/share/custom_messages/cmake/export_custom_messages__rosidl_typesupport_fastrtps_cppExport-noconfig.cmake
[29.924s] -- Installing: /home/sdp2024/6dof_arm/install/custom_messages/share/custom_messages/cmake/custom_messages__rosidl_typesupport_introspection_cExport.cmake
[29.925s] -- Installing: /home/sdp2024/6dof_arm/install/custom_messages/share/custom_messages/cmake/custom_messages__rosidl_typesupport_introspection_cExport-noconfig.cmake
[29.926s] -- Installing: /home/sdp2024/6dof_arm/install/custom_messages/share/custom_messages/cmake/custom_messages__rosidl_typesupport_cExport.cmake
[29.928s] -- Installing: /home/sdp2024/6dof_arm/install/custom_messages/share/custom_messages/cmake/custom_messages__rosidl_typesupport_cExport-noconfig.cmake
[29.929s] -- Installing: /home/sdp2024/6dof_arm/install/custom_messages/share/custom_messages/cmake/custom_messages__rosidl_typesupport_introspection_cppExport.cmake
[29.931s] -- Installing: /home/sdp2024/6dof_arm/install/custom_messages/share/custom_messages/cmake/custom_messages__rosidl_typesupport_introspection_cppExport-noconfig.cmake
[29.932s] -- Installing: /home/sdp2024/6dof_arm/install/custom_messages/share/custom_messages/cmake/custom_messages__rosidl_typesupport_cppExport.cmake
[29.934s] -- Installing: /home/sdp2024/6dof_arm/install/custom_messages/share/custom_messages/cmake/custom_messages__rosidl_typesupport_cppExport-noconfig.cmake
[29.935s] -- Installing: /home/sdp2024/6dof_arm/install/custom_messages/share/custom_messages/cmake/export_custom_messages__rosidl_generator_pyExport.cmake
[29.937s] -- Installing: /home/sdp2024/6dof_arm/install/custom_messages/share/custom_messages/cmake/export_custom_messages__rosidl_generator_pyExport-noconfig.cmake
[29.938s] -- Installing: /home/sdp2024/6dof_arm/install/custom_messages/share/custom_messages/cmake/rosidl_cmake-extras.cmake
[29.939s] -- Installing: /home/sdp2024/6dof_arm/install/custom_messages/share/custom_messages/cmake/ament_cmake_export_include_directories-extras.cmake
[29.940s] -- Installing: /home/sdp2024/6dof_arm/install/custom_messages/share/custom_messages/cmake/ament_cmake_export_libraries-extras.cmake
[29.942s] -- Installing: /home/sdp2024/6dof_arm/install/custom_messages/share/custom_messages/cmake/ament_cmake_export_targets-extras.cmake
[29.943s] -- Installing: /home/sdp2024/6dof_arm/install/custom_messages/share/custom_messages/cmake/rosidl_cmake_export_typesupport_targets-extras.cmake
[29.944s] -- Installing: /home/sdp2024/6dof_arm/install/custom_messages/share/custom_messages/cmake/ament_cmake_export_dependencies-extras.cmake
[29.945s] -- Installing: /home/sdp2024/6dof_arm/install/custom_messages/share/custom_messages/cmake/rosidl_cmake_export_typesupport_libraries-extras.cmake
[29.947s] -- Installing: /home/sdp2024/6dof_arm/install/custom_messages/share/custom_messages/cmake/custom_messagesConfig.cmake
[29.948s] -- Installing: /home/sdp2024/6dof_arm/install/custom_messages/share/custom_messages/cmake/custom_messagesConfig-version.cmake
[29.949s] -- Installing: /home/sdp2024/6dof_arm/install/custom_messages/share/custom_messages/package.xml
[29.957s] Invoked command in '/home/sdp2024/6dof_arm/build/custom_messages' returned '0': CMAKE_PREFIX_PATH=${CMAKE_PREFIX_PATH}:/home/sdp2024/6dof_arm/install/robot:/opt/ros/humble /usr/bin/cmake --install /home/sdp2024/6dof_arm/build/custom_messages
