running egg_info
creating ../../build/robot/robot.egg-info
writing ../../build/robot/robot.egg-info/PKG-INFO
writing dependency_links to ../../build/robot/robot.egg-info/dependency_links.txt
writing entry points to ../../build/robot/robot.egg-info/entry_points.txt
writing requirements to ../../build/robot/robot.egg-info/requires.txt
writing top-level names to ../../build/robot/robot.egg-info/top_level.txt
writing manifest file '../../build/robot/robot.egg-info/SOURCES.txt'
reading manifest file '../../build/robot/robot.egg-info/SOURCES.txt'
writing manifest file '../../build/robot/robot.egg-info/SOURCES.txt'
running build
running build_py
creating /home/sdp2024/6dof_arm/build/robot/build
creating /home/sdp2024/6dof_arm/build/robot/build/lib
creating /home/sdp2024/6dof_arm/build/robot/build/lib/robot
copying robot/gui3.py -> /home/sdp2024/6dof_arm/build/robot/build/lib/robot
copying robot/gui2.py -> /home/sdp2024/6dof_arm/build/robot/build/lib/robot
copying robot/__init__.py -> /home/sdp2024/6dof_arm/build/robot/build/lib/robot
copying robot/sub_n.py -> /home/sdp2024/6dof_arm/build/robot/build/lib/robot
copying robot/gui.py -> /home/sdp2024/6dof_arm/build/robot/build/lib/robot
copying robot/cam.py -> /home/sdp2024/6dof_arm/build/robot/build/lib/robot
copying robot/sub.py -> /home/sdp2024/6dof_arm/build/robot/build/lib/robot
copying robot/pub.py -> /home/sdp2024/6dof_arm/build/robot/build/lib/robot
copying robot/ikine.py -> /home/sdp2024/6dof_arm/build/robot/build/lib/robot
copying robot/ik.py -> /home/sdp2024/6dof_arm/build/robot/build/lib/robot
running install
running install_lib
creating /home/sdp2024/6dof_arm/install/robot/lib/python3.10/site-packages/robot
copying /home/sdp2024/6dof_arm/build/robot/build/lib/robot/gui3.py -> /home/sdp2024/6dof_arm/install/robot/lib/python3.10/site-packages/robot
copying /home/sdp2024/6dof_arm/build/robot/build/lib/robot/gui2.py -> /home/sdp2024/6dof_arm/install/robot/lib/python3.10/site-packages/robot
copying /home/sdp2024/6dof_arm/build/robot/build/lib/robot/__init__.py -> /home/sdp2024/6dof_arm/install/robot/lib/python3.10/site-packages/robot
copying /home/sdp2024/6dof_arm/build/robot/build/lib/robot/sub_n.py -> /home/sdp2024/6dof_arm/install/robot/lib/python3.10/site-packages/robot
copying /home/sdp2024/6dof_arm/build/robot/build/lib/robot/gui.py -> /home/sdp2024/6dof_arm/install/robot/lib/python3.10/site-packages/robot
copying /home/sdp2024/6dof_arm/build/robot/build/lib/robot/cam.py -> /home/sdp2024/6dof_arm/install/robot/lib/python3.10/site-packages/robot
copying /home/sdp2024/6dof_arm/build/robot/build/lib/robot/sub.py -> /home/sdp2024/6dof_arm/install/robot/lib/python3.10/site-packages/robot
copying /home/sdp2024/6dof_arm/build/robot/build/lib/robot/pub.py -> /home/sdp2024/6dof_arm/install/robot/lib/python3.10/site-packages/robot
copying /home/sdp2024/6dof_arm/build/robot/build/lib/robot/ikine.py -> /home/sdp2024/6dof_arm/install/robot/lib/python3.10/site-packages/robot
copying /home/sdp2024/6dof_arm/build/robot/build/lib/robot/ik.py -> /home/sdp2024/6dof_arm/install/robot/lib/python3.10/site-packages/robot
byte-compiling /home/sdp2024/6dof_arm/install/robot/lib/python3.10/site-packages/robot/gui3.py to gui3.cpython-310.pyc
byte-compiling /home/sdp2024/6dof_arm/install/robot/lib/python3.10/site-packages/robot/gui2.py to gui2.cpython-310.pyc
byte-compiling /home/sdp2024/6dof_arm/install/robot/lib/python3.10/site-packages/robot/__init__.py to __init__.cpython-310.pyc
byte-compiling /home/sdp2024/6dof_arm/install/robot/lib/python3.10/site-packages/robot/sub_n.py to sub_n.cpython-310.pyc
byte-compiling /home/sdp2024/6dof_arm/install/robot/lib/python3.10/site-packages/robot/gui.py to gui.cpython-310.pyc
byte-compiling /home/sdp2024/6dof_arm/install/robot/lib/python3.10/site-packages/robot/cam.py to cam.cpython-310.pyc
byte-compiling /home/sdp2024/6dof_arm/install/robot/lib/python3.10/site-packages/robot/sub.py to sub.cpython-310.pyc
byte-compiling /home/sdp2024/6dof_arm/install/robot/lib/python3.10/site-packages/robot/pub.py to pub.cpython-310.pyc
byte-compiling /home/sdp2024/6dof_arm/install/robot/lib/python3.10/site-packages/robot/ikine.py to ikine.cpython-310.pyc
byte-compiling /home/sdp2024/6dof_arm/install/robot/lib/python3.10/site-packages/robot/ik.py to ik.cpython-310.pyc
running install_data
creating /home/sdp2024/6dof_arm/install/robot/share/ament_index
creating /home/sdp2024/6dof_arm/install/robot/share/ament_index/resource_index
creating /home/sdp2024/6dof_arm/install/robot/share/ament_index/resource_index/packages
copying resource/robot -> /home/sdp2024/6dof_arm/install/robot/share/ament_index/resource_index/packages
copying package.xml -> /home/sdp2024/6dof_arm/install/robot/share/robot
running install_egg_info
Copying ../../build/robot/robot.egg-info to /home/sdp2024/6dof_arm/install/robot/lib/python3.10/site-packages/robot-0.0.0-py3.10.egg-info
running install_scripts
Installing gui script to /home/sdp2024/6dof_arm/install/robot/lib/robot
Installing ikine script to /home/sdp2024/6dof_arm/install/robot/lib/robot
Installing pub script to /home/sdp2024/6dof_arm/install/robot/lib/robot
Installing sub_n script to /home/sdp2024/6dof_arm/install/robot/lib/robot
writing list of installed files to '/home/sdp2024/6dof_arm/build/robot/install.log'
