[  2%] Built target custom_messages__cpp
[ 12%] Built target custom_messages__rosidl_generator_c
[ 12%] Built target ament_cmake_python_copy_custom_messages
[ 23%] Built target custom_messages__rosidl_typesupport_fastrtps_cpp
[ 33%] Built target custom_messages__rosidl_typesupport_cpp
[ 43%] Built target custom_messages__rosidl_typesupport_introspection_cpp
[ 53%] Built target custom_messages__rosidl_typesupport_fastrtps_c
[ 64%] Built target custom_messages__rosidl_typesupport_introspection_c
[ 74%] Built target custom_messages__rosidl_typesupport_c
[ 74%] Built target custom_messages
[ 76%] Built target custom_messages__py
[ 84%] Built target custom_messages__rosidl_generator_py
[ 89%] Built target custom_messages__rosidl_typesupport_fastrtps_c__pyext
[ 94%] Built target custom_messages__rosidl_typesupport_introspection_c__pyext
[100%] Built target custom_messages__rosidl_typesupport_c__pyext
running egg_info
writing custom_messages.egg-info/PKG-INFO
writing dependency_links to custom_messages.egg-info/dependency_links.txt
writing top-level names to custom_messages.egg-info/top_level.txt
reading manifest file 'custom_messages.egg-info/SOURCES.txt'
writing manifest file 'custom_messages.egg-info/SOURCES.txt'
[100%] Built target ament_cmake_python_build_custom_messages_egg
-- Install configuration: ""
-- Up-to-date: /home/sdp2024/6dof_arm/install/custom_messages/share/ament_index/resource_index/rosidl_interfaces/custom_messages
-- Up-to-date: /home/sdp2024/6dof_arm/install/custom_messages/include/custom_messages/custom_messages
-- Up-to-date: /home/sdp2024/6dof_arm/install/custom_messages/include/custom_messages/custom_messages/msg
-- Up-to-date: /home/sdp2024/6dof_arm/install/custom_messages/include/custom_messages/custom_messages/msg/posvel.h
-- Up-to-date: /home/sdp2024/6dof_arm/install/custom_messages/include/custom_messages/custom_messages/msg/detail
-- Up-to-date: /home/sdp2024/6dof_arm/install/custom_messages/include/custom_messages/custom_messages/msg/detail/posvel__functions.h
-- Up-to-date: /home/sdp2024/6dof_arm/install/custom_messages/include/custom_messages/custom_messages/msg/detail/posvel__functions.c
-- Up-to-date: /home/sdp2024/6dof_arm/install/custom_messages/include/custom_messages/custom_messages/msg/detail/posvel__type_support.h
-- Up-to-date: /home/sdp2024/6dof_arm/install/custom_messages/include/custom_messages/custom_messages/msg/detail/posvel__struct.h
-- Up-to-date: /home/sdp2024/6dof_arm/install/custom_messages/include/custom_messages/custom_messages/msg/rosidl_generator_c__visibility_control.h
-- Up-to-date: /home/sdp2024/6dof_arm/install/custom_messages/include/custom_messages/custom_messages/srv
-- Up-to-date: /home/sdp2024/6dof_arm/install/custom_messages/include/custom_messages/custom_messages/srv/detail
-- Up-to-date: /home/sdp2024/6dof_arm/install/custom_messages/include/custom_messages/custom_messages/srv/detail/add_three_ints__functions.c
-- Up-to-date: /home/sdp2024/6dof_arm/install/custom_messages/include/custom_messages/custom_messages/srv/detail/add_three_ints__struct.h
-- Up-to-date: /home/sdp2024/6dof_arm/install/custom_messages/include/custom_messages/custom_messages/srv/detail/add_three_ints__functions.h
-- Up-to-date: /home/sdp2024/6dof_arm/install/custom_messages/include/custom_messages/custom_messages/srv/detail/add_three_ints__type_support.h
-- Up-to-date: /home/sdp2024/6dof_arm/install/custom_messages/include/custom_messages/custom_messages/srv/add_three_ints.h
-- Up-to-date: /home/sdp2024/6dof_arm/install/custom_messages/share/custom_messages/environment/library_path.sh
-- Up-to-date: /home/sdp2024/6dof_arm/install/custom_messages/share/custom_messages/environment/library_path.dsv
-- Up-to-date: /home/sdp2024/6dof_arm/install/custom_messages/lib/libcustom_messages__rosidl_generator_c.so
-- Up-to-date: /home/sdp2024/6dof_arm/install/custom_messages/include/custom_messages/custom_messages
-- Up-to-date: /home/sdp2024/6dof_arm/install/custom_messages/include/custom_messages/custom_messages/msg
-- Up-to-date: /home/sdp2024/6dof_arm/install/custom_messages/include/custom_messages/custom_messages/msg/detail
-- Up-to-date: /home/sdp2024/6dof_arm/install/custom_messages/include/custom_messages/custom_messages/msg/detail/posvel__rosidl_typesupport_fastrtps_c.h
-- Up-to-date: /home/sdp2024/6dof_arm/install/custom_messages/include/custom_messages/custom_messages/msg/rosidl_typesupport_fastrtps_c__visibility_control.h
-- Up-to-date: /home/sdp2024/6dof_arm/install/custom_messages/include/custom_messages/custom_messages/srv
-- Up-to-date: /home/sdp2024/6dof_arm/install/custom_messages/include/custom_messages/custom_messages/srv/detail
-- Up-to-date: /home/sdp2024/6dof_arm/install/custom_messages/include/custom_messages/custom_messages/srv/detail/add_three_ints__rosidl_typesupport_fastrtps_c.h
-- Up-to-date: /home/sdp2024/6dof_arm/install/custom_messages/lib/libcustom_messages__rosidl_typesupport_fastrtps_c.so
-- Up-to-date: /home/sdp2024/6dof_arm/install/custom_messages/include/custom_messages/custom_messages
-- Up-to-date: /home/sdp2024/6dof_arm/install/custom_messages/include/custom_messages/custom_messages/msg
-- Up-to-date: /home/sdp2024/6dof_arm/install/custom_messages/include/custom_messages/custom_messages/msg/posvel.hpp
-- Up-to-date: /home/sdp2024/6dof_arm/install/custom_messages/include/custom_messages/custom_messages/msg/detail
-- Up-to-date: /home/sdp2024/6dof_arm/install/custom_messages/include/custom_messages/custom_messages/msg/detail/posvel__builder.hpp
-- Up-to-date: /home/sdp2024/6dof_arm/install/custom_messages/include/custom_messages/custom_messages/msg/detail/posvel__traits.hpp
-- Up-to-date: /home/sdp2024/6dof_arm/install/custom_messages/include/custom_messages/custom_messages/msg/detail/posvel__struct.hpp
-- Up-to-date: /home/sdp2024/6dof_arm/install/custom_messages/include/custom_messages/custom_messages/srv
-- Up-to-date: /home/sdp2024/6dof_arm/install/custom_messages/include/custom_messages/custom_messages/srv/add_three_ints.hpp
-- Up-to-date: /home/sdp2024/6dof_arm/install/custom_messages/include/custom_messages/custom_messages/srv/detail
-- Up-to-date: /home/sdp2024/6dof_arm/install/custom_messages/include/custom_messages/custom_messages/srv/detail/add_three_ints__struct.hpp
-- Up-to-date: /home/sdp2024/6dof_arm/install/custom_messages/include/custom_messages/custom_messages/srv/detail/add_three_ints__builder.hpp
-- Up-to-date: /home/sdp2024/6dof_arm/install/custom_messages/include/custom_messages/custom_messages/srv/detail/add_three_ints__traits.hpp
-- Up-to-date: /home/sdp2024/6dof_arm/install/custom_messages/include/custom_messages/custom_messages
-- Up-to-date: /home/sdp2024/6dof_arm/install/custom_messages/include/custom_messages/custom_messages/msg
-- Up-to-date: /home/sdp2024/6dof_arm/install/custom_messages/include/custom_messages/custom_messages/msg/detail
-- Up-to-date: /home/sdp2024/6dof_arm/install/custom_messages/include/custom_messages/custom_messages/msg/detail/dds_fastrtps
-- Up-to-date: /home/sdp2024/6dof_arm/install/custom_messages/include/custom_messages/custom_messages/msg/detail/posvel__rosidl_typesupport_fastrtps_cpp.hpp
-- Up-to-date: /home/sdp2024/6dof_arm/install/custom_messages/include/custom_messages/custom_messages/msg/rosidl_typesupport_fastrtps_cpp__visibility_control.h
-- Up-to-date: /home/sdp2024/6dof_arm/install/custom_messages/include/custom_messages/custom_messages/srv
-- Up-to-date: /home/sdp2024/6dof_arm/install/custom_messages/include/custom_messages/custom_messages/srv/detail
-- Up-to-date: /home/sdp2024/6dof_arm/install/custom_messages/include/custom_messages/custom_messages/srv/detail/dds_fastrtps
-- Up-to-date: /home/sdp2024/6dof_arm/install/custom_messages/include/custom_messages/custom_messages/srv/detail/add_three_ints__rosidl_typesupport_fastrtps_cpp.hpp
-- Up-to-date: /home/sdp2024/6dof_arm/install/custom_messages/lib/libcustom_messages__rosidl_typesupport_fastrtps_cpp.so
-- Up-to-date: /home/sdp2024/6dof_arm/install/custom_messages/include/custom_messages/custom_messages
-- Up-to-date: /home/sdp2024/6dof_arm/install/custom_messages/include/custom_messages/custom_messages/msg
-- Up-to-date: /home/sdp2024/6dof_arm/install/custom_messages/include/custom_messages/custom_messages/msg/rosidl_typesupport_introspection_c__visibility_control.h
-- Up-to-date: /home/sdp2024/6dof_arm/install/custom_messages/include/custom_messages/custom_messages/msg/detail
-- Up-to-date: /home/sdp2024/6dof_arm/install/custom_messages/include/custom_messages/custom_messages/msg/detail/posvel__type_support.c
-- Up-to-date: /home/sdp2024/6dof_arm/install/custom_messages/include/custom_messages/custom_messages/msg/detail/posvel__rosidl_typesupport_introspection_c.h
-- Up-to-date: /home/sdp2024/6dof_arm/install/custom_messages/include/custom_messages/custom_messages/srv
-- Up-to-date: /home/sdp2024/6dof_arm/install/custom_messages/include/custom_messages/custom_messages/srv/detail
-- Up-to-date: /home/sdp2024/6dof_arm/install/custom_messages/include/custom_messages/custom_messages/srv/detail/add_three_ints__type_support.c
-- Up-to-date: /home/sdp2024/6dof_arm/install/custom_messages/include/custom_messages/custom_messages/srv/detail/add_three_ints__rosidl_typesupport_introspection_c.h
-- Up-to-date: /home/sdp2024/6dof_arm/install/custom_messages/lib/libcustom_messages__rosidl_typesupport_introspection_c.so
-- Up-to-date: /home/sdp2024/6dof_arm/install/custom_messages/lib/libcustom_messages__rosidl_typesupport_c.so
-- Up-to-date: /home/sdp2024/6dof_arm/install/custom_messages/include/custom_messages/custom_messages
-- Up-to-date: /home/sdp2024/6dof_arm/install/custom_messages/include/custom_messages/custom_messages/msg
-- Up-to-date: /home/sdp2024/6dof_arm/install/custom_messages/include/custom_messages/custom_messages/msg/detail
-- Up-to-date: /home/sdp2024/6dof_arm/install/custom_messages/include/custom_messages/custom_messages/msg/detail/posvel__rosidl_typesupport_introspection_cpp.hpp
-- Up-to-date: /home/sdp2024/6dof_arm/install/custom_messages/include/custom_messages/custom_messages/msg/detail/posvel__type_support.cpp
-- Up-to-date: /home/sdp2024/6dof_arm/install/custom_messages/include/custom_messages/custom_messages/srv
-- Up-to-date: /home/sdp2024/6dof_arm/install/custom_messages/include/custom_messages/custom_messages/srv/detail
-- Up-to-date: /home/sdp2024/6dof_arm/install/custom_messages/include/custom_messages/custom_messages/srv/detail/add_three_ints__type_support.cpp
-- Up-to-date: /home/sdp2024/6dof_arm/install/custom_messages/include/custom_messages/custom_messages/srv/detail/add_three_ints__rosidl_typesupport_introspection_cpp.hpp
-- Up-to-date: /home/sdp2024/6dof_arm/install/custom_messages/lib/libcustom_messages__rosidl_typesupport_introspection_cpp.so
-- Up-to-date: /home/sdp2024/6dof_arm/install/custom_messages/lib/libcustom_messages__rosidl_typesupport_cpp.so
-- Up-to-date: /home/sdp2024/6dof_arm/install/custom_messages/share/custom_messages/environment/pythonpath.sh
-- Up-to-date: /home/sdp2024/6dof_arm/install/custom_messages/share/custom_messages/environment/pythonpath.dsv
-- Up-to-date: /home/sdp2024/6dof_arm/install/custom_messages/local/lib/python3.10/dist-packages/custom_messages-0.0.0-py3.10.egg-info
-- Installing: /home/sdp2024/6dof_arm/install/custom_messages/local/lib/python3.10/dist-packages/custom_messages-0.0.0-py3.10.egg-info/dependency_links.txt
-- Installing: /home/sdp2024/6dof_arm/install/custom_messages/local/lib/python3.10/dist-packages/custom_messages-0.0.0-py3.10.egg-info/SOURCES.txt
-- Installing: /home/sdp2024/6dof_arm/install/custom_messages/local/lib/python3.10/dist-packages/custom_messages-0.0.0-py3.10.egg-info/top_level.txt
-- Installing: /home/sdp2024/6dof_arm/install/custom_messages/local/lib/python3.10/dist-packages/custom_messages-0.0.0-py3.10.egg-info/PKG-INFO
-- Up-to-date: /home/sdp2024/6dof_arm/install/custom_messages/local/lib/python3.10/dist-packages/custom_messages
-- Up-to-date: /home/sdp2024/6dof_arm/install/custom_messages/local/lib/python3.10/dist-packages/custom_messages/custom_messages_s__rosidl_typesupport_introspection_c.cpython-310-aarch64-linux-gnu.so
-- Up-to-date: /home/sdp2024/6dof_arm/install/custom_messages/local/lib/python3.10/dist-packages/custom_messages/msg
-- Up-to-date: /home/sdp2024/6dof_arm/install/custom_messages/local/lib/python3.10/dist-packages/custom_messages/msg/_posvel_s.c
-- Up-to-date: /home/sdp2024/6dof_arm/install/custom_messages/local/lib/python3.10/dist-packages/custom_messages/msg/_posvel.py
-- Up-to-date: /home/sdp2024/6dof_arm/install/custom_messages/local/lib/python3.10/dist-packages/custom_messages/msg/__init__.py
-- Up-to-date: /home/sdp2024/6dof_arm/install/custom_messages/local/lib/python3.10/dist-packages/custom_messages/srv
-- Up-to-date: /home/sdp2024/6dof_arm/install/custom_messages/local/lib/python3.10/dist-packages/custom_messages/srv/_add_three_ints.py
-- Up-to-date: /home/sdp2024/6dof_arm/install/custom_messages/local/lib/python3.10/dist-packages/custom_messages/srv/__init__.py
-- Up-to-date: /home/sdp2024/6dof_arm/install/custom_messages/local/lib/python3.10/dist-packages/custom_messages/srv/_add_three_ints_s.c
-- Up-to-date: /home/sdp2024/6dof_arm/install/custom_messages/local/lib/python3.10/dist-packages/custom_messages/custom_messages_s__rosidl_typesupport_fastrtps_c.cpython-310-aarch64-linux-gnu.so
-- Up-to-date: /home/sdp2024/6dof_arm/install/custom_messages/local/lib/python3.10/dist-packages/custom_messages/_custom_messages_s.ep.rosidl_typesupport_fastrtps_c.c
-- Up-to-date: /home/sdp2024/6dof_arm/install/custom_messages/local/lib/python3.10/dist-packages/custom_messages/__init__.py
-- Up-to-date: /home/sdp2024/6dof_arm/install/custom_messages/local/lib/python3.10/dist-packages/custom_messages/_custom_messages_s.ep.rosidl_typesupport_c.c
-- Up-to-date: /home/sdp2024/6dof_arm/install/custom_messages/local/lib/python3.10/dist-packages/custom_messages/custom_messages_s__rosidl_typesupport_c.cpython-310-aarch64-linux-gnu.so
-- Up-to-date: /home/sdp2024/6dof_arm/install/custom_messages/local/lib/python3.10/dist-packages/custom_messages/_custom_messages_s.ep.rosidl_typesupport_introspection_c.c
-- Up-to-date: /home/sdp2024/6dof_arm/install/custom_messages/local/lib/python3.10/dist-packages/custom_messages/libcustom_messages__rosidl_generator_py.so
Listing '/home/sdp2024/6dof_arm/install/custom_messages/local/lib/python3.10/dist-packages/custom_messages'...
Listing '/home/sdp2024/6dof_arm/install/custom_messages/local/lib/python3.10/dist-packages/custom_messages/msg'...
Listing '/home/sdp2024/6dof_arm/install/custom_messages/local/lib/python3.10/dist-packages/custom_messages/srv'...
-- Up-to-date: /home/sdp2024/6dof_arm/install/custom_messages/local/lib/python3.10/dist-packages/custom_messages/custom_messages_s__rosidl_typesupport_fastrtps_c.cpython-310-aarch64-linux-gnu.so
-- Up-to-date: /home/sdp2024/6dof_arm/install/custom_messages/local/lib/python3.10/dist-packages/custom_messages/custom_messages_s__rosidl_typesupport_introspection_c.cpython-310-aarch64-linux-gnu.so
-- Up-to-date: /home/sdp2024/6dof_arm/install/custom_messages/local/lib/python3.10/dist-packages/custom_messages/custom_messages_s__rosidl_typesupport_c.cpython-310-aarch64-linux-gnu.so
-- Up-to-date: /home/sdp2024/6dof_arm/install/custom_messages/lib/libcustom_messages__rosidl_generator_py.so
-- Up-to-date: /home/sdp2024/6dof_arm/install/custom_messages/share/custom_messages/msg/Posvel.idl
-- Up-to-date: /home/sdp2024/6dof_arm/install/custom_messages/share/custom_messages/srv/AddThreeInts.idl
-- Up-to-date: /home/sdp2024/6dof_arm/install/custom_messages/share/custom_messages/msg/Posvel.msg
-- Up-to-date: /home/sdp2024/6dof_arm/install/custom_messages/share/custom_messages/srv/AddThreeInts.srv
-- Up-to-date: /home/sdp2024/6dof_arm/install/custom_messages/share/custom_messages/srv/AddThreeInts_Request.msg
-- Up-to-date: /home/sdp2024/6dof_arm/install/custom_messages/share/custom_messages/srv/AddThreeInts_Response.msg
-- Up-to-date: /home/sdp2024/6dof_arm/install/custom_messages/share/ament_index/resource_index/package_run_dependencies/custom_messages
-- Up-to-date: /home/sdp2024/6dof_arm/install/custom_messages/share/ament_index/resource_index/parent_prefix_path/custom_messages
-- Up-to-date: /home/sdp2024/6dof_arm/install/custom_messages/share/custom_messages/environment/ament_prefix_path.sh
-- Up-to-date: /home/sdp2024/6dof_arm/install/custom_messages/share/custom_messages/environment/ament_prefix_path.dsv
-- Up-to-date: /home/sdp2024/6dof_arm/install/custom_messages/share/custom_messages/environment/path.sh
-- Up-to-date: /home/sdp2024/6dof_arm/install/custom_messages/share/custom_messages/environment/path.dsv
-- Up-to-date: /home/sdp2024/6dof_arm/install/custom_messages/share/custom_messages/local_setup.bash
-- Up-to-date: /home/sdp2024/6dof_arm/install/custom_messages/share/custom_messages/local_setup.sh
-- Up-to-date: /home/sdp2024/6dof_arm/install/custom_messages/share/custom_messages/local_setup.zsh
-- Up-to-date: /home/sdp2024/6dof_arm/install/custom_messages/share/custom_messages/local_setup.dsv
-- Installing: /home/sdp2024/6dof_arm/install/custom_messages/share/custom_messages/package.dsv
-- Up-to-date: /home/sdp2024/6dof_arm/install/custom_messages/share/ament_index/resource_index/packages/custom_messages
-- Up-to-date: /home/sdp2024/6dof_arm/install/custom_messages/share/custom_messages/cmake/export_custom_messages__rosidl_generator_cExport.cmake
-- Up-to-date: /home/sdp2024/6dof_arm/install/custom_messages/share/custom_messages/cmake/export_custom_messages__rosidl_generator_cExport-noconfig.cmake
-- Up-to-date: /home/sdp2024/6dof_arm/install/custom_messages/share/custom_messages/cmake/export_custom_messages__rosidl_typesupport_fastrtps_cExport.cmake
-- Up-to-date: /home/sdp2024/6dof_arm/install/custom_messages/share/custom_messages/cmake/export_custom_messages__rosidl_typesupport_fastrtps_cExport-noconfig.cmake
-- Up-to-date: /home/sdp2024/6dof_arm/install/custom_messages/share/custom_messages/cmake/export_custom_messages__rosidl_generator_cppExport.cmake
-- Up-to-date: /home/sdp2024/6dof_arm/install/custom_messages/share/custom_messages/cmake/export_custom_messages__rosidl_typesupport_fastrtps_cppExport.cmake
-- Up-to-date: /home/sdp2024/6dof_arm/install/custom_messages/share/custom_messages/cmake/export_custom_messages__rosidl_typesupport_fastrtps_cppExport-noconfig.cmake
-- Up-to-date: /home/sdp2024/6dof_arm/install/custom_messages/share/custom_messages/cmake/custom_messages__rosidl_typesupport_introspection_cExport.cmake
-- Up-to-date: /home/sdp2024/6dof_arm/install/custom_messages/share/custom_messages/cmake/custom_messages__rosidl_typesupport_introspection_cExport-noconfig.cmake
-- Up-to-date: /home/sdp2024/6dof_arm/install/custom_messages/share/custom_messages/cmake/custom_messages__rosidl_typesupport_cExport.cmake
-- Up-to-date: /home/sdp2024/6dof_arm/install/custom_messages/share/custom_messages/cmake/custom_messages__rosidl_typesupport_cExport-noconfig.cmake
-- Up-to-date: /home/sdp2024/6dof_arm/install/custom_messages/share/custom_messages/cmake/custom_messages__rosidl_typesupport_introspection_cppExport.cmake
-- Up-to-date: /home/sdp2024/6dof_arm/install/custom_messages/share/custom_messages/cmake/custom_messages__rosidl_typesupport_introspection_cppExport-noconfig.cmake
-- Up-to-date: /home/sdp2024/6dof_arm/install/custom_messages/share/custom_messages/cmake/custom_messages__rosidl_typesupport_cppExport.cmake
-- Up-to-date: /home/sdp2024/6dof_arm/install/custom_messages/share/custom_messages/cmake/custom_messages__rosidl_typesupport_cppExport-noconfig.cmake
-- Up-to-date: /home/sdp2024/6dof_arm/install/custom_messages/share/custom_messages/cmake/export_custom_messages__rosidl_generator_pyExport.cmake
-- Up-to-date: /home/sdp2024/6dof_arm/install/custom_messages/share/custom_messages/cmake/export_custom_messages__rosidl_generator_pyExport-noconfig.cmake
-- Up-to-date: /home/sdp2024/6dof_arm/install/custom_messages/share/custom_messages/cmake/rosidl_cmake-extras.cmake
-- Up-to-date: /home/sdp2024/6dof_arm/install/custom_messages/share/custom_messages/cmake/ament_cmake_export_include_directories-extras.cmake
-- Up-to-date: /home/sdp2024/6dof_arm/install/custom_messages/share/custom_messages/cmake/ament_cmake_export_libraries-extras.cmake
-- Up-to-date: /home/sdp2024/6dof_arm/install/custom_messages/share/custom_messages/cmake/ament_cmake_export_targets-extras.cmake
-- Up-to-date: /home/sdp2024/6dof_arm/install/custom_messages/share/custom_messages/cmake/rosidl_cmake_export_typesupport_targets-extras.cmake
-- Up-to-date: /home/sdp2024/6dof_arm/install/custom_messages/share/custom_messages/cmake/ament_cmake_export_dependencies-extras.cmake
-- Up-to-date: /home/sdp2024/6dof_arm/install/custom_messages/share/custom_messages/cmake/rosidl_cmake_export_typesupport_libraries-extras.cmake
-- Up-to-date: /home/sdp2024/6dof_arm/install/custom_messages/share/custom_messages/cmake/custom_messagesConfig.cmake
-- Up-to-date: /home/sdp2024/6dof_arm/install/custom_messages/share/custom_messages/cmake/custom_messagesConfig-version.cmake
-- Up-to-date: /home/sdp2024/6dof_arm/install/custom_messages/share/custom_messages/package.xml
