[9.296s] Invoking command in '/home/sdp2024/6dof_arm/src/robot': PYTHONPATH=/home/sdp2024/6dof_arm/build/robot/prefix_override:/home/sdp2024/6dof_arm/install/robot/lib/python3.10/site-packages:${PYTHONPATH} /usr/bin/python3 setup.py egg_info --egg-base ../../build/robot build --build-base /home/sdp2024/6dof_arm/build/robot/build install --record /home/sdp2024/6dof_arm/build/robot/install.log --single-version-externally-managed
[11.375s] running egg_info
[11.496s] writing ../../build/robot/robot.egg-info/PKG-INFO
[11.500s] writing dependency_links to ../../build/robot/robot.egg-info/dependency_links.txt
[11.503s] writing entry points to ../../build/robot/robot.egg-info/entry_points.txt
[11.505s] writing requirements to ../../build/robot/robot.egg-info/requires.txt
[11.508s] writing top-level names to ../../build/robot/robot.egg-info/top_level.txt
[11.768s] reading manifest file '../../build/robot/robot.egg-info/SOURCES.txt'
[11.778s] writing manifest file '../../build/robot/robot.egg-info/SOURCES.txt'
[11.780s] running build
[11.780s] running build_py
[11.785s] running install
[11.786s] /home/sdp2024/.local/lib/python3.10/site-packages/setuptools/_distutils/cmd.py:66: SetuptoolsDeprecationWarning: setup.py install is deprecated.
[11.787s] !!
[11.788s] 
[11.789s]         ********************************************************************************
[11.789s]         Please avoid running ``setup.py`` directly.
[11.789s]         Instead, use pypa/build, pypa/installer or other
[11.790s]         standards-based tools.
[11.790s] 
[11.791s]         See https://blog.ganssle.io/articles/2021/10/setup-py-deprecated.html for details.
[11.791s]         ********************************************************************************
[11.791s] 
[11.791s] !!
[11.792s]   self.initialize_options()
[11.823s] running install_lib
[12.004s] running install_data
[12.139s] running install_egg_info
[12.242s] removing '/home/sdp2024/6dof_arm/install/robot/lib/python3.10/site-packages/robot-0.0.0-py3.10.egg-info' (and everything under it)
[12.244s] Copying ../../build/robot/robot.egg-info to /home/sdp2024/6dof_arm/install/robot/lib/python3.10/site-packages/robot-0.0.0-py3.10.egg-info
[12.250s] running install_scripts
[13.666s] Installing gui script to /home/sdp2024/6dof_arm/install/robot/lib/robot
[13.667s] Installing ikine script to /home/sdp2024/6dof_arm/install/robot/lib/robot
[13.669s] Installing pub script to /home/sdp2024/6dof_arm/install/robot/lib/robot
[13.670s] Installing sub_n script to /home/sdp2024/6dof_arm/install/robot/lib/robot
[13.676s] writing list of installed files to '/home/sdp2024/6dof_arm/build/robot/install.log'
[13.950s] Invoked command in '/home/sdp2024/6dof_arm/src/robot' returned '0': PYTHONPATH=/home/sdp2024/6dof_arm/build/robot/prefix_override:/home/sdp2024/6dof_arm/install/robot/lib/python3.10/site-packages:${PYTHONPATH} /usr/bin/python3 setup.py egg_info --egg-base ../../build/robot build --build-base /home/sdp2024/6dof_arm/build/robot/build install --record /home/sdp2024/6dof_arm/build/robot/install.log --single-version-externally-managed
