[5.821s] DEBUG:colcon:Command line arguments: ['/usr/bin/colcon', 'build']
[5.821s] DEBUG:colcon:Parsed command line arguments: Namespace(log_base=None, log_level=None, verb_name='build', build_base='build', install_base='install', merge_install=False, symlink_install=False, test_result_base=None, continue_on_error=False, executor='parallel', parallel_workers=4, event_handlers=None, ignore_user_meta=False, metas=['./colcon.meta'], base_paths=['.'], packages_ignore=None, packages_ignore_regex=None, paths=None, packages_up_to=None, packages_up_to_regex=None, packages_above=None, packages_above_and_dependencies=None, packages_above_depth=None, packages_select_by_dep=None, packages_skip_by_dep=None, packages_skip_up_to=None, packages_select_build_failed=False, packages_skip_build_finished=False, packages_select_test_failures=False, packages_skip_test_passed=False, packages_select=None, packages_skip=None, packages_select_regex=None, packages_skip_regex=None, packages_start=None, packages_end=None, allow_overriding=[], cmake_args=None, cmake_target=None, cmake_target_skip_unavailable=False, cmake_clean_cache=False, cmake_clean_first=False, cmake_force_configure=False, ament_cmake_args=None, catkin_cmake_args=None, catkin_skip_building_tests=False, verb_parser=<colcon_defaults.argument_parser.defaults.DefaultArgumentsDecorator object at 0xffffad3da950>, verb_extension=<colcon_core.verb.build.BuildVerb object at 0xffffad3da500>, main=<bound method BuildVerb.main of <colcon_core.verb.build.BuildVerb object at 0xffffad3da500>>)
[6.113s] Level 1:colcon.colcon_core.package_discovery:discover_packages(colcon_meta) check parameters
[6.114s] Level 1:colcon.colcon_core.package_discovery:discover_packages(recursive) check parameters
[6.114s] Level 1:colcon.colcon_core.package_discovery:discover_packages(ignore) check parameters
[6.114s] Level 1:colcon.colcon_core.package_discovery:discover_packages(path) check parameters
[6.114s] Level 1:colcon.colcon_core.package_discovery:discover_packages(colcon_meta) discover
[6.115s] Level 1:colcon.colcon_core.package_discovery:discover_packages(recursive) discover
[6.115s] INFO:colcon.colcon_core.package_discovery:Crawling recursively for packages in '/home/sdp2024/6dof_arm'
[6.115s] Level 1:colcon.colcon_core.package_identification:_identify(.) by extensions ['ignore', 'ignore_ament_install']
[6.116s] Level 1:colcon.colcon_core.package_identification:_identify(.) by extension 'ignore'
[6.116s] Level 1:colcon.colcon_core.package_identification:_identify(.) by extension 'ignore_ament_install'
[6.116s] Level 1:colcon.colcon_core.package_identification:_identify(.) by extensions ['colcon_pkg']
[6.116s] Level 1:colcon.colcon_core.package_identification:_identify(.) by extension 'colcon_pkg'
[6.116s] Level 1:colcon.colcon_core.package_identification:_identify(.) by extensions ['colcon_meta']
[6.117s] Level 1:colcon.colcon_core.package_identification:_identify(.) by extension 'colcon_meta'
[6.117s] Level 1:colcon.colcon_core.package_identification:_identify(.) by extensions ['ros']
[6.117s] Level 1:colcon.colcon_core.package_identification:_identify(.) by extension 'ros'
[6.177s] Level 1:colcon.colcon_core.package_identification:_identify(.) by extensions ['cmake', 'python']
[6.177s] Level 1:colcon.colcon_core.package_identification:_identify(.) by extension 'cmake'
[6.177s] Level 1:colcon.colcon_core.package_identification:_identify(.) by extension 'python'
[6.177s] Level 1:colcon.colcon_core.package_identification:_identify(.) by extensions ['python_setup_py']
[6.178s] Level 1:colcon.colcon_core.package_identification:_identify(.) by extension 'python_setup_py'
[6.178s] Level 1:colcon.colcon_core.package_identification:_identify(build) by extensions ['ignore', 'ignore_ament_install']
[6.179s] Level 1:colcon.colcon_core.package_identification:_identify(build) by extension 'ignore'
[6.179s] Level 1:colcon.colcon_core.package_identification:_identify(build) ignored
[6.179s] Level 1:colcon.colcon_core.package_identification:_identify(install) by extensions ['ignore', 'ignore_ament_install']
[6.180s] Level 1:colcon.colcon_core.package_identification:_identify(install) by extension 'ignore'
[6.180s] Level 1:colcon.colcon_core.package_identification:_identify(install) ignored
[6.180s] Level 1:colcon.colcon_core.package_identification:_identify(log) by extensions ['ignore', 'ignore_ament_install']
[6.181s] Level 1:colcon.colcon_core.package_identification:_identify(log) by extension 'ignore'
[6.181s] Level 1:colcon.colcon_core.package_identification:_identify(log) ignored
[6.181s] Level 1:colcon.colcon_core.package_identification:_identify(src) by extensions ['ignore', 'ignore_ament_install']
[6.181s] Level 1:colcon.colcon_core.package_identification:_identify(src) by extension 'ignore'
[6.182s] Level 1:colcon.colcon_core.package_identification:_identify(src) by extension 'ignore_ament_install'
[6.182s] Level 1:colcon.colcon_core.package_identification:_identify(src) by extensions ['colcon_pkg']
[6.182s] Level 1:colcon.colcon_core.package_identification:_identify(src) by extension 'colcon_pkg'
[6.182s] Level 1:colcon.colcon_core.package_identification:_identify(src) by extensions ['colcon_meta']
[6.183s] Level 1:colcon.colcon_core.package_identification:_identify(src) by extension 'colcon_meta'
[6.183s] Level 1:colcon.colcon_core.package_identification:_identify(src) by extensions ['ros']
[6.183s] Level 1:colcon.colcon_core.package_identification:_identify(src) by extension 'ros'
[6.183s] Level 1:colcon.colcon_core.package_identification:_identify(src) by extensions ['cmake', 'python']
[6.183s] Level 1:colcon.colcon_core.package_identification:_identify(src) by extension 'cmake'
[6.183s] Level 1:colcon.colcon_core.package_identification:_identify(src) by extension 'python'
[6.184s] Level 1:colcon.colcon_core.package_identification:_identify(src) by extensions ['python_setup_py']
[6.184s] Level 1:colcon.colcon_core.package_identification:_identify(src) by extension 'python_setup_py'
[6.184s] Level 1:colcon.colcon_core.package_identification:_identify(src/custom_messages) by extensions ['ignore', 'ignore_ament_install']
[6.185s] Level 1:colcon.colcon_core.package_identification:_identify(src/custom_messages) by extension 'ignore'
[6.185s] Level 1:colcon.colcon_core.package_identification:_identify(src/custom_messages) by extension 'ignore_ament_install'
[6.185s] Level 1:colcon.colcon_core.package_identification:_identify(src/custom_messages) by extensions ['colcon_pkg']
[6.185s] Level 1:colcon.colcon_core.package_identification:_identify(src/custom_messages) by extension 'colcon_pkg'
[6.185s] Level 1:colcon.colcon_core.package_identification:_identify(src/custom_messages) by extensions ['colcon_meta']
[6.185s] Level 1:colcon.colcon_core.package_identification:_identify(src/custom_messages) by extension 'colcon_meta'
[6.185s] Level 1:colcon.colcon_core.package_identification:_identify(src/custom_messages) by extensions ['ros']
[6.186s] Level 1:colcon.colcon_core.package_identification:_identify(src/custom_messages) by extension 'ros'
[6.195s] DEBUG:colcon.colcon_core.package_identification:Package 'src/custom_messages' with type 'ros.ament_cmake' and name 'custom_messages'
[6.195s] Level 1:colcon.colcon_core.package_identification:_identify(src/robot) by extensions ['ignore', 'ignore_ament_install']
[6.196s] Level 1:colcon.colcon_core.package_identification:_identify(src/robot) by extension 'ignore'
[6.196s] Level 1:colcon.colcon_core.package_identification:_identify(src/robot) by extension 'ignore_ament_install'
[6.196s] Level 1:colcon.colcon_core.package_identification:_identify(src/robot) by extensions ['colcon_pkg']
[6.196s] Level 1:colcon.colcon_core.package_identification:_identify(src/robot) by extension 'colcon_pkg'
[6.197s] Level 1:colcon.colcon_core.package_identification:_identify(src/robot) by extensions ['colcon_meta']
[6.197s] Level 1:colcon.colcon_core.package_identification:_identify(src/robot) by extension 'colcon_meta'
[6.197s] Level 1:colcon.colcon_core.package_identification:_identify(src/robot) by extensions ['ros']
[6.197s] Level 1:colcon.colcon_core.package_identification:_identify(src/robot) by extension 'ros'
[6.199s] DEBUG:colcon.colcon_core.package_identification:Package 'src/robot' with type 'ros.ament_python' and name 'robot'
[6.199s] Level 1:colcon.colcon_core.package_discovery:discover_packages(recursive) using defaults
[6.200s] Level 1:colcon.colcon_core.package_discovery:discover_packages(ignore) discover
[6.200s] Level 1:colcon.colcon_core.package_discovery:discover_packages(ignore) using defaults
[6.200s] Level 1:colcon.colcon_core.package_discovery:discover_packages(path) discover
[6.200s] Level 1:colcon.colcon_core.package_discovery:discover_packages(path) using defaults
[6.729s] Level 1:colcon.colcon_core.package_discovery:discover_packages(prefix_path) check parameters
[6.729s] Level 1:colcon.colcon_core.package_discovery:discover_packages(prefix_path) discover
[6.908s] DEBUG:colcon.colcon_installed_package_information.package_discovery:Found 284 installed packages in /opt/ros/humble
[6.919s] Level 1:colcon.colcon_core.package_discovery:discover_packages(prefix_path) using defaults
[7.329s] Level 5:colcon.colcon_core.verb:set package 'custom_messages' build argument 'cmake_args' from command line to 'None'
[7.329s] Level 5:colcon.colcon_core.verb:set package 'custom_messages' build argument 'cmake_target' from command line to 'None'
[7.329s] Level 5:colcon.colcon_core.verb:set package 'custom_messages' build argument 'cmake_target_skip_unavailable' from command line to 'False'
[7.329s] Level 5:colcon.colcon_core.verb:set package 'custom_messages' build argument 'cmake_clean_cache' from command line to 'False'
[7.330s] Level 5:colcon.colcon_core.verb:set package 'custom_messages' build argument 'cmake_clean_first' from command line to 'False'
[7.330s] Level 5:colcon.colcon_core.verb:set package 'custom_messages' build argument 'cmake_force_configure' from command line to 'False'
[7.330s] Level 5:colcon.colcon_core.verb:set package 'custom_messages' build argument 'ament_cmake_args' from command line to 'None'
[7.330s] Level 5:colcon.colcon_core.verb:set package 'custom_messages' build argument 'catkin_cmake_args' from command line to 'None'
[7.330s] Level 5:colcon.colcon_core.verb:set package 'custom_messages' build argument 'catkin_skip_building_tests' from command line to 'False'
[7.330s] DEBUG:colcon.colcon_core.verb:Building package 'custom_messages' with the following arguments: {'ament_cmake_args': None, 'build_base': '/home/sdp2024/6dof_arm/build/custom_messages', 'catkin_cmake_args': None, 'catkin_skip_building_tests': False, 'cmake_args': None, 'cmake_clean_cache': False, 'cmake_clean_first': False, 'cmake_force_configure': False, 'cmake_target': None, 'cmake_target_skip_unavailable': False, 'install_base': '/home/sdp2024/6dof_arm/install/custom_messages', 'merge_install': False, 'path': '/home/sdp2024/6dof_arm/src/custom_messages', 'symlink_install': False, 'test_result_base': None}
[7.409s] Level 5:colcon.colcon_core.verb:set package 'robot' build argument 'cmake_args' from command line to 'None'
[7.409s] Level 5:colcon.colcon_core.verb:set package 'robot' build argument 'cmake_target' from command line to 'None'
[7.409s] Level 5:colcon.colcon_core.verb:set package 'robot' build argument 'cmake_target_skip_unavailable' from command line to 'False'
[7.409s] Level 5:colcon.colcon_core.verb:set package 'robot' build argument 'cmake_clean_cache' from command line to 'False'
[7.410s] Level 5:colcon.colcon_core.verb:set package 'robot' build argument 'cmake_clean_first' from command line to 'False'
[7.410s] Level 5:colcon.colcon_core.verb:set package 'robot' build argument 'cmake_force_configure' from command line to 'False'
[7.410s] Level 5:colcon.colcon_core.verb:set package 'robot' build argument 'ament_cmake_args' from command line to 'None'
[7.410s] Level 5:colcon.colcon_core.verb:set package 'robot' build argument 'catkin_cmake_args' from command line to 'None'
[7.410s] Level 5:colcon.colcon_core.verb:set package 'robot' build argument 'catkin_skip_building_tests' from command line to 'False'
[7.410s] DEBUG:colcon.colcon_core.verb:Building package 'robot' with the following arguments: {'ament_cmake_args': None, 'build_base': '/home/sdp2024/6dof_arm/build/robot', 'catkin_cmake_args': None, 'catkin_skip_building_tests': False, 'cmake_args': None, 'cmake_clean_cache': False, 'cmake_clean_first': False, 'cmake_force_configure': False, 'cmake_target': None, 'cmake_target_skip_unavailable': False, 'install_base': '/home/sdp2024/6dof_arm/install/robot', 'merge_install': False, 'path': '/home/sdp2024/6dof_arm/src/robot', 'symlink_install': False, 'test_result_base': None}
[7.497s] INFO:colcon.colcon_core.executor:Executing jobs using 'parallel' executor
[7.614s] DEBUG:colcon.colcon_parallel_executor.executor.parallel:run_until_complete
[7.615s] INFO:colcon.colcon_ros.task.ament_cmake.build:Building ROS package in '/home/sdp2024/6dof_arm/src/custom_messages' with build type 'ament_cmake'
[7.616s] INFO:colcon.colcon_cmake.task.cmake.build:Building CMake package in '/home/sdp2024/6dof_arm/src/custom_messages'
[7.860s] INFO:colcon.colcon_core.plugin_system:Skipping extension 'colcon_core.shell.bat': Not used on non-Windows systems
[7.861s] INFO:colcon.colcon_core.shell:Skip shell extension 'powershell' for command environment: Not usable outside of PowerShell
[7.861s] DEBUG:colcon.colcon_core.shell:Skip shell extension 'dsv' for command environment
[8.293s] INFO:colcon.colcon_ros.task.ament_python.build:Building ROS package in '/home/sdp2024/6dof_arm/src/robot' with build type 'ament_python'
[8.295s] Level 1:colcon.colcon_core.shell:create_environment_hook('robot', 'ament_prefix_path')
[8.454s] INFO:colcon.colcon_core.shell:Creating environment hook '/home/sdp2024/6dof_arm/install/robot/share/robot/hook/ament_prefix_path.ps1'
[8.460s] INFO:colcon.colcon_core.shell:Creating environment descriptor '/home/sdp2024/6dof_arm/install/robot/share/robot/hook/ament_prefix_path.dsv'
[8.466s] INFO:colcon.colcon_core.shell:Creating environment hook '/home/sdp2024/6dof_arm/install/robot/share/robot/hook/ament_prefix_path.sh'
[8.609s] INFO:colcon.colcon_core.shell:Skip shell extension 'powershell' for command environment: Not usable outside of PowerShell
[8.610s] DEBUG:colcon.colcon_core.shell:Skip shell extension 'dsv' for command environment
[8.856s] DEBUG:colcon.colcon_core.event_handler.log_command:Invoking command in '/home/sdp2024/6dof_arm/build/custom_messages': CMAKE_PREFIX_PATH=/opt/ros/humble /usr/bin/cmake --build /home/sdp2024/6dof_arm/build/custom_messages -- -j4 -l4
[11.914s] INFO:colcon.colcon_core.task.python.build:Building Python package in '/home/sdp2024/6dof_arm/src/robot'
[12.150s] INFO:colcon.colcon_core.shell:Skip shell extension 'powershell' for command environment: Not usable outside of PowerShell
[12.151s] DEBUG:colcon.colcon_core.shell:Skip shell extension 'dsv' for command environment
[13.574s] DEBUG:colcon.colcon_core.event_handler.log_command:Invoked command in '/home/sdp2024/6dof_arm/build/custom_messages' returned '0': CMAKE_PREFIX_PATH=/opt/ros/humble /usr/bin/cmake --build /home/sdp2024/6dof_arm/build/custom_messages -- -j4 -l4
[14.219s] DEBUG:colcon.colcon_core.event_handler.log_command:Invoking command in '/home/sdp2024/6dof_arm/build/custom_messages': CMAKE_PREFIX_PATH=/opt/ros/humble /usr/bin/cmake --install /home/sdp2024/6dof_arm/build/custom_messages
[14.679s] Level 1:colcon.colcon_core.environment:create_environment_scripts_only(custom_messages)
[14.719s] DEBUG:colcon.colcon_core.event_handler.log_command:Invoked command in '/home/sdp2024/6dof_arm/build/custom_messages' returned '0': CMAKE_PREFIX_PATH=/opt/ros/humble /usr/bin/cmake --install /home/sdp2024/6dof_arm/build/custom_messages
[14.872s] Level 1:colcon.colcon_core.environment:checking '/home/sdp2024/6dof_arm/install/custom_messages' for CMake module files
[14.877s] Level 1:colcon.colcon_core.environment:checking '/home/sdp2024/6dof_arm/install/custom_messages' for CMake config files
[14.883s] Level 1:colcon.colcon_core.shell:create_environment_hook('custom_messages', 'cmake_prefix_path')
[15.020s] INFO:colcon.colcon_core.shell:Creating environment hook '/home/sdp2024/6dof_arm/install/custom_messages/share/custom_messages/hook/cmake_prefix_path.ps1'
[15.023s] INFO:colcon.colcon_core.shell:Creating environment descriptor '/home/sdp2024/6dof_arm/install/custom_messages/share/custom_messages/hook/cmake_prefix_path.dsv'
[15.027s] INFO:colcon.colcon_core.shell:Creating environment hook '/home/sdp2024/6dof_arm/install/custom_messages/share/custom_messages/hook/cmake_prefix_path.sh'
[15.037s] Level 1:colcon.colcon_core.environment:checking '/home/sdp2024/6dof_arm/install/custom_messages/lib'
[15.038s] Level 1:colcon.colcon_core.shell:create_environment_hook('custom_messages', 'ld_library_path_lib')
[15.163s] INFO:colcon.colcon_core.shell:Creating environment hook '/home/sdp2024/6dof_arm/install/custom_messages/share/custom_messages/hook/ld_library_path_lib.ps1'
[15.165s] INFO:colcon.colcon_core.shell:Creating environment descriptor '/home/sdp2024/6dof_arm/install/custom_messages/share/custom_messages/hook/ld_library_path_lib.dsv'
[15.167s] INFO:colcon.colcon_core.shell:Creating environment hook '/home/sdp2024/6dof_arm/install/custom_messages/share/custom_messages/hook/ld_library_path_lib.sh'
[15.169s] Level 1:colcon.colcon_core.environment:checking '/home/sdp2024/6dof_arm/install/custom_messages/bin'
[15.170s] Level 1:colcon.colcon_core.environment:checking '/home/sdp2024/6dof_arm/install/custom_messages/lib/pkgconfig/custom_messages.pc'
[15.172s] Level 1:colcon.colcon_core.environment:checking '/home/sdp2024/6dof_arm/install/custom_messages/lib/python3.10/site-packages'
[15.173s] Level 1:colcon.colcon_core.environment:checking '/home/sdp2024/6dof_arm/install/custom_messages/bin'
[15.301s] INFO:colcon.colcon_core.shell:Creating package script '/home/sdp2024/6dof_arm/install/custom_messages/share/custom_messages/package.ps1'
[15.310s] INFO:colcon.colcon_core.shell:Creating package descriptor '/home/sdp2024/6dof_arm/install/custom_messages/share/custom_messages/package.dsv'
[15.313s] INFO:colcon.colcon_core.shell:Creating package script '/home/sdp2024/6dof_arm/install/custom_messages/share/custom_messages/package.sh'
[15.317s] INFO:colcon.colcon_core.shell:Creating package script '/home/sdp2024/6dof_arm/install/custom_messages/share/custom_messages/package.bash'
[15.321s] INFO:colcon.colcon_core.shell:Creating package script '/home/sdp2024/6dof_arm/install/custom_messages/share/custom_messages/package.zsh'
[15.325s] Level 1:colcon.colcon_core.environment:create_file_with_runtime_dependencies(/home/sdp2024/6dof_arm/install/custom_messages/share/colcon-core/packages/custom_messages)
[16.029s] Level 1:colcon.colcon_core.environment:create_environment_scripts_only(custom_messages)
[16.154s] Level 1:colcon.colcon_core.environment:checking '/home/sdp2024/6dof_arm/install/custom_messages' for CMake module files
[16.160s] Level 1:colcon.colcon_core.environment:checking '/home/sdp2024/6dof_arm/install/custom_messages' for CMake config files
[16.179s] Level 1:colcon.colcon_core.shell:create_environment_hook('custom_messages', 'cmake_prefix_path')
[16.349s] INFO:colcon.colcon_core.shell:Creating environment hook '/home/sdp2024/6dof_arm/install/custom_messages/share/custom_messages/hook/cmake_prefix_path.ps1'
[16.354s] INFO:colcon.colcon_core.shell:Creating environment descriptor '/home/sdp2024/6dof_arm/install/custom_messages/share/custom_messages/hook/cmake_prefix_path.dsv'
[16.356s] INFO:colcon.colcon_core.shell:Creating environment hook '/home/sdp2024/6dof_arm/install/custom_messages/share/custom_messages/hook/cmake_prefix_path.sh'
[16.359s] Level 1:colcon.colcon_core.environment:checking '/home/sdp2024/6dof_arm/install/custom_messages/lib'
[16.360s] Level 1:colcon.colcon_core.shell:create_environment_hook('custom_messages', 'ld_library_path_lib')
[16.547s] INFO:colcon.colcon_core.shell:Creating environment hook '/home/sdp2024/6dof_arm/install/custom_messages/share/custom_messages/hook/ld_library_path_lib.ps1'
[16.551s] INFO:colcon.colcon_core.shell:Creating environment descriptor '/home/sdp2024/6dof_arm/install/custom_messages/share/custom_messages/hook/ld_library_path_lib.dsv'
[16.557s] INFO:colcon.colcon_core.shell:Creating environment hook '/home/sdp2024/6dof_arm/install/custom_messages/share/custom_messages/hook/ld_library_path_lib.sh'
[16.560s] Level 1:colcon.colcon_core.environment:checking '/home/sdp2024/6dof_arm/install/custom_messages/bin'
[16.560s] Level 1:colcon.colcon_core.environment:checking '/home/sdp2024/6dof_arm/install/custom_messages/lib/pkgconfig/custom_messages.pc'
[16.562s] Level 1:colcon.colcon_core.environment:checking '/home/sdp2024/6dof_arm/install/custom_messages/lib/python3.10/site-packages'
[16.563s] Level 1:colcon.colcon_core.environment:checking '/home/sdp2024/6dof_arm/install/custom_messages/bin'
[16.793s] INFO:colcon.colcon_core.shell:Creating package script '/home/sdp2024/6dof_arm/install/custom_messages/share/custom_messages/package.ps1'
[16.802s] INFO:colcon.colcon_core.shell:Creating package descriptor '/home/sdp2024/6dof_arm/install/custom_messages/share/custom_messages/package.dsv'
[16.812s] INFO:colcon.colcon_core.shell:Creating package script '/home/sdp2024/6dof_arm/install/custom_messages/share/custom_messages/package.sh'
[16.832s] INFO:colcon.colcon_core.shell:Creating package script '/home/sdp2024/6dof_arm/install/custom_messages/share/custom_messages/package.bash'
[16.837s] INFO:colcon.colcon_core.shell:Creating package script '/home/sdp2024/6dof_arm/install/custom_messages/share/custom_messages/package.zsh'
[16.839s] Level 1:colcon.colcon_core.environment:create_file_with_runtime_dependencies(/home/sdp2024/6dof_arm/install/custom_messages/share/colcon-core/packages/custom_messages)
[17.590s] DEBUG:colcon.colcon_core.event_handler.log_command:Invoking command in '/home/sdp2024/6dof_arm/src/robot': PYTHONPATH=/home/sdp2024/6dof_arm/build/robot/prefix_override:/home/sdp2024/6dof_arm/install/robot/lib/python3.10/site-packages:${PYTHONPATH} /usr/bin/python3 setup.py egg_info --egg-base ../../build/robot build --build-base /home/sdp2024/6dof_arm/build/robot/build install --record /home/sdp2024/6dof_arm/build/robot/install.log --single-version-externally-managed
[22.244s] DEBUG:colcon.colcon_core.event_handler.log_command:Invoked command in '/home/sdp2024/6dof_arm/src/robot' returned '0': PYTHONPATH=/home/sdp2024/6dof_arm/build/robot/prefix_override:/home/sdp2024/6dof_arm/install/robot/lib/python3.10/site-packages:${PYTHONPATH} /usr/bin/python3 setup.py egg_info --egg-base ../../build/robot build --build-base /home/sdp2024/6dof_arm/build/robot/build install --record /home/sdp2024/6dof_arm/build/robot/install.log --single-version-externally-managed
[22.441s] Level 1:colcon.colcon_core.environment:checking '/home/sdp2024/6dof_arm/install/robot' for CMake module files
[22.443s] Level 1:colcon.colcon_core.environment:checking '/home/sdp2024/6dof_arm/install/robot' for CMake config files
[22.447s] Level 1:colcon.colcon_core.environment:checking '/home/sdp2024/6dof_arm/install/robot/lib'
[22.448s] Level 1:colcon.colcon_core.environment:checking '/home/sdp2024/6dof_arm/install/robot/bin'
[22.448s] Level 1:colcon.colcon_core.environment:checking '/home/sdp2024/6dof_arm/install/robot/lib/pkgconfig/robot.pc'
[22.449s] Level 1:colcon.colcon_core.environment:checking '/home/sdp2024/6dof_arm/install/robot/lib/python3.10/site-packages'
[22.449s] Level 1:colcon.colcon_core.shell:create_environment_hook('robot', 'pythonpath')
[22.645s] INFO:colcon.colcon_core.shell:Creating environment hook '/home/sdp2024/6dof_arm/install/robot/share/robot/hook/pythonpath.ps1'
[22.648s] INFO:colcon.colcon_core.shell:Creating environment descriptor '/home/sdp2024/6dof_arm/install/robot/share/robot/hook/pythonpath.dsv'
[22.653s] INFO:colcon.colcon_core.shell:Creating environment hook '/home/sdp2024/6dof_arm/install/robot/share/robot/hook/pythonpath.sh'
[22.659s] Level 1:colcon.colcon_core.environment:checking '/home/sdp2024/6dof_arm/install/robot/bin'
[22.660s] Level 1:colcon.colcon_core.environment:create_environment_scripts_only(robot)
[22.798s] INFO:colcon.colcon_core.shell:Creating package script '/home/sdp2024/6dof_arm/install/robot/share/robot/package.ps1'
[22.801s] INFO:colcon.colcon_core.shell:Creating package descriptor '/home/sdp2024/6dof_arm/install/robot/share/robot/package.dsv'
[22.804s] INFO:colcon.colcon_core.shell:Creating package script '/home/sdp2024/6dof_arm/install/robot/share/robot/package.sh'
[22.806s] INFO:colcon.colcon_core.shell:Creating package script '/home/sdp2024/6dof_arm/install/robot/share/robot/package.bash'
[22.814s] INFO:colcon.colcon_core.shell:Creating package script '/home/sdp2024/6dof_arm/install/robot/share/robot/package.zsh'
[22.822s] Level 1:colcon.colcon_core.environment:create_file_with_runtime_dependencies(/home/sdp2024/6dof_arm/install/robot/share/colcon-core/packages/robot)
[22.827s] DEBUG:colcon.colcon_parallel_executor.executor.parallel:closing loop
[22.831s] DEBUG:colcon.colcon_parallel_executor.executor.parallel:loop closed
[22.832s] DEBUG:colcon.colcon_parallel_executor.executor.parallel:run_until_complete finished with '0'
[22.832s] DEBUG:colcon.colcon_core.event_reactor:joining thread
[23.032s] INFO:colcon.colcon_core.plugin_system:Skipping extension 'colcon_notification.desktop_notification.terminal_notifier': Not used on non-Darwin systems
[23.032s] INFO:colcon.colcon_core.plugin_system:Skipping extension 'colcon_notification.desktop_notification.win32': Not used on non-Windows systems
[23.032s] INFO:colcon.colcon_notification.desktop_notification:Sending desktop notification using 'notify2'
[23.128s] DEBUG:colcon.colcon_core.event_reactor:joined thread
[23.292s] INFO:colcon.colcon_core.shell:Creating prefix script '/home/sdp2024/6dof_arm/install/local_setup.ps1'
[23.296s] INFO:colcon.colcon_core.shell:Creating prefix util module '/home/sdp2024/6dof_arm/install/_local_setup_util_ps1.py'
[23.301s] INFO:colcon.colcon_core.shell:Creating prefix chain script '/home/sdp2024/6dof_arm/install/setup.ps1'
[23.513s] INFO:colcon.colcon_core.shell:Creating prefix script '/home/sdp2024/6dof_arm/install/local_setup.sh'
[23.517s] INFO:colcon.colcon_core.shell:Creating prefix util module '/home/sdp2024/6dof_arm/install/_local_setup_util_sh.py'
[23.520s] INFO:colcon.colcon_core.shell:Creating prefix chain script '/home/sdp2024/6dof_arm/install/setup.sh'
[23.633s] INFO:colcon.colcon_core.shell:Creating prefix script '/home/sdp2024/6dof_arm/install/local_setup.bash'
[23.636s] INFO:colcon.colcon_core.shell:Creating prefix chain script '/home/sdp2024/6dof_arm/install/setup.bash'
[23.786s] INFO:colcon.colcon_core.shell:Creating prefix script '/home/sdp2024/6dof_arm/install/local_setup.zsh'
[23.790s] INFO:colcon.colcon_core.shell:Creating prefix chain script '/home/sdp2024/6dof_arm/install/setup.zsh'
